Роман
Васильченко
c14e1253e2d5f4fbddc6045edad01ca8
[6.4.2023 | 18:11:52] {"type":"cmd","data":"run"}
,[6.4.2023 | 18:11:52] {"client-id":"ba0fe78e-7a16-4a92-be3a-03c8d56a3133","gpioa":0,"gpiob":0,"gpioc":32768,"gpiod":16384,"gpioe":0,"modeltime":0,"type":"gpio"}
,[6.4.2023 | 18:11:52] {"client-id":"ba0fe78e-7a16-4a92-be3a-03c8d56a3133","gpioa":0,"gpiob":0,"gpioc":32768,"gpiod":16384,"gpioe":0,"modeltime":0,"type":"gpio"}
,[6.4.2023 | 18:11:52] {"client-id":"ba0fe78e-7a16-4a92-be3a-03c8d56a3133","gpioa":0,"gpiob":0,"gpioc":32768,"gpiod":16384,"gpioe":0,"modeltime":0,"type":"gpio"}
,[6.4.2023 | 18:11:52] {"client-id":"ba0fe78e-7a16-4a92-be3a-03c8d56a3133","gpioa":0,"gpiob":0,"gpioc":32768,"gpiod":16384,"gpioe":0,"modeltime":0,"type":"gpio"}
,[6.4.2023 | 18:11:52] {"client-id":"ba0fe78e-7a16-4a92-be3a-03c8d56a3133","gpioa":0,"gpiob":0,"gpioc":32768,"gpiod":16384,"gpioe":0,"modeltime":0,"type":"gpio"}
,[6.4.2023 | 18:11:52] {"client-id":"ba0fe78e-7a16-4a92-be3a-03c8d56a3133","gpioa":0,"gpiob":0,"gpioc":32768,"gpiod":16384,"gpioe":0,"modeltime":0,"type":"gpio"}
,[6.4.2023 | 18:11:53] {"client-id":"ba0fe78e-7a16-4a92-be3a-03c8d56a3133","gpioa":0,"gpiob":0,"gpioc":32768,"gpiod":16384,"gpioe":0,"modeltime":0,"type":"gpio"}
,[6.4.2023 | 18:11:53] {"client-id":"ba0fe78e-7a16-4a92-be3a-03c8d56a3133","gpioa":0,"gpiob":0,"gpioc":32768,"gpiod":16384,"gpioe":0,"modeltime":0,"type":"gpio"}
,[6.4.2023 | 18:11:53] {"client-id":"ba0fe78e-7a16-4a92-be3a-03c8d56a3133","gpioa":0,"gpiob":0,"gpioc":32768,"gpiod":16384,"gpioe":0,"modeltime":0,"type":"gpio"}
,[6.4.2023 | 18:11:53] {"client-id":"ba0fe78e-7a16-4a92-be3a-03c8d56a3133","gpioa":0,"gpiob":0,"gpioc":32768,"gpiod":16384,"gpioe":0,"modeltime":0,"type":"gpio"}
,[6.4.2023 | 18:11:53] {"client-id":"ba0fe78e-7a16-4a92-be3a-03c8d56a3133","gpioa":0,"gpiob":0,"gpioc":32768,"gpiod":16384,"gpioe":0,"modeltime":0,"type":"gpio"}
,[6.4.2023 | 18:11:53] {"client-id":"ba0fe78e-7a16-4a92-be3a-03c8d56a3133","gpioa":0,"gpiob":0,"gpioc":32768,"gpiod":16384,"gpioe":0,"modeltime":0,"type":"gpio"}
,[6.4.2023 | 18:11:53] {"client-id":"ba0fe78e-7a16-4a92-be3a-03c8d56a3133","gpioa":0,"gpiob":0,"gpioc":32768,"gpiod":16384,"gpioe":0,"modeltime":0,"type":"gpio"}
,[6.4.2023 | 18:11:53] {"client-id":"ba0fe78e-7a16-4a92-be3a-03c8d56a3133","gpioa":0,"gpiob":0,"gpioc":32768,"gpiod":16384,"gpioe":0,"modeltime":0,"type":"gpio"}
,[6.4.2023 | 18:11:53] {"client-id":"ba0fe78e-7a16-4a92-be3a-03c8d56a3133","gpioa":0,"gpiob":0,"gpioc":32768,"gpiod":16384,"gpioe":0,"modeltime":0,"type":"gpio"}
,[6.4.2023 | 18:11:53] {"client-id":"ba0fe78e-7a16-4a92-be3a-03c8d56a3133","gpioa":0,"gpiob":0,"gpioc":32768,"gpiod":16384,"gpioe":0,"modeltime":0,"type":"gpio"}
,[6.4.2023 | 18:11:54] {"client-id":"ba0fe78e-7a16-4a92-be3a-03c8d56a3133","gpioa":0,"gpiob":0,"gpioc":32768,"gpiod":16384,"gpioe":0,"modeltime":0,"type":"gpio"}
,[6.4.2023 | 18:11:54] {"client-id":"ba0fe78e-7a16-4a92-be3a-03c8d56a3133","gpioa":0,"gpiob":0,"gpioc":32768,"gpiod":16384,"gpioe":0,"modeltime":0,"type":"gpio"}
,[6.4.2023 | 18:11:54] {"client-id":"ba0fe78e-7a16-4a92-be3a-03c8d56a3133","gpioa":0,"gpiob":0,"gpioc":32768,"gpiod":16392,"gpioe":16,"modeltime":0,"type":"gpio"}
,[6.4.2023 | 18:11:54] {"client-id":"ba0fe78e-7a16-4a92-be3a-03c8d56a3133","gpioa":0,"gpiob":0,"gpioc":32768,"gpiod":16392,"gpioe":16,"modeltime":0,"type":"gpio"}
,[6.4.2023 | 18:11:54] {"client-id":"ba0fe78e-7a16-4a92-be3a-03c8d56a3133","gpioa":0,"gpiob":0,"gpioc":32768,"gpiod":16392,"gpioe":16,"modeltime":0,"type":"gpio"}
,[6.4.2023 | 18:11:54] {"client-id":"ba0fe78e-7a16-4a92-be3a-03c8d56a3133","gpioa":0,"gpiob":0,"gpioc":32768,"gpiod":16392,"gpioe":16,"modeltime":0,"type":"gpio"}
,[6.4.2023 | 18:11:54] {"client-id":"ba0fe78e-7a16-4a92-be3a-03c8d56a3133","gpioa":0,"gpiob":0,"gpioc":32768,"gpiod":16392,"gpioe":16,"modeltime":0,"type":"gpio"}
,[6.4.2023 | 18:11:54] {"client-id":"ba0fe78e-7a16-4a92-be3a-03c8d56a3133","gpioa":0,"gpiob":0,"gpioc":32768,"gpiod":16392,"gpioe":16,"modeltime":0,"type":"gpio"}
,[6.4.2023 | 18:11:54] {"client-id":"ba0fe78e-7a16-4a92-be3a-03c8d56a3133","gpioa":0,"gpiob":0,"gpioc":32768,"gpiod":16392,"gpioe":16,"modeltime":0,"type":"gpio"}
,[6.4.2023 | 18:11:54] {"client-id":"ba0fe78e-7a16-4a92-be3a-03c8d56a3133","gpioa":0,"gpiob":0,"gpioc":32768,"gpiod":16392,"gpioe":16,"modeltime":0,"type":"gpio"}
,[6.4.2023 | 18:11:55] {"client-id":"ba0fe78e-7a16-4a92-be3a-03c8d56a3133","gpioa":0,"gpiob":0,"gpioc":32768,"gpiod":16392,"gpioe":16,"modeltime":0,"type":"gpio"}
,[6.4.2023 | 18:11:55] {"client-id":"ba0fe78e-7a16-4a92-be3a-03c8d56a3133","gpioa":0,"gpiob":0,"gpioc":32768,"gpiod":16392,"gpioe":16,"modeltime":0,"type":"gpio"}
,[6.4.2023 | 18:11:55] {"client-id":"ba0fe78e-7a16-4a92-be3a-03c8d56a3133","gpioa":0,"gpiob":0,"gpioc":32768,"gpiod":16408,"gpioe":272,"modeltime":0,"type":"gpio"}
,[6.4.2023 | 18:11:55] {"client-id":"ba0fe78e-7a16-4a92-be3a-03c8d56a3133","gpioa":0,"gpiob":0,"gpioc":32768,"gpiod":16408,"gpioe":272,"modeltime":0,"type":"gpio"}
,[6.4.2023 | 18:11:55] {"client-id":"ba0fe78e-7a16-4a92-be3a-03c8d56a3133","gpioa":0,"gpiob":0,"gpioc":32768,"gpiod":16408,"gpioe":272,"modeltime":0,"type":"gpio"}
,[6.4.2023 | 18:11:55] {"client-id":"ba0fe78e-7a16-4a92-be3a-03c8d56a3133","gpioa":0,"gpiob":0,"gpioc":32768,"gpiod":16408,"gpioe":272,"modeltime":0,"type":"gpio"}
,[6.4.2023 | 18:11:55] {"client-id":"ba0fe78e-7a16-4a92-be3a-03c8d56a3133","gpioa":0,"gpiob":0,"gpioc":32768,"gpiod":16408,"gpioe":272,"modeltime":0,"type":"gpio"}
,[6.4.2023 | 18:11:55] {"client-id":"ba0fe78e-7a16-4a92-be3a-03c8d56a3133","gpioa":0,"gpiob":0,"gpioc":32768,"gpiod":16408,"gpioe":272,"modeltime":0,"type":"gpio"}
,[6.4.2023 | 18:11:55] {"client-id":"ba0fe78e-7a16-4a92-be3a-03c8d56a3133","gpioa":0,"gpiob":0,"gpioc":32768,"gpiod":16408,"gpioe":272,"modeltime":0,"type":"gpio"}
,[6.4.2023 | 18:11:55] {"client-id":"ba0fe78e-7a16-4a92-be3a-03c8d56a3133","gpioa":0,"gpiob":0,"gpioc":32768,"gpiod":16408,"gpioe":272,"modeltime":0,"type":"gpio"}
,[6.4.2023 | 18:11:56] {"client-id":"ba0fe78e-7a16-4a92-be3a-03c8d56a3133","gpioa":0,"gpiob":0,"gpioc":32768,"gpiod":16440,"gpioe":1296,"modeltime":0,"type":"gpio"}
,[6.4.2023 | 18:11:56] {"client-id":"ba0fe78e-7a16-4a92-be3a-03c8d56a3133","gpioa":0,"gpiob":0,"gpioc":32768,"gpiod":16440,"gpioe":1296,"modeltime":0,"type":"gpio"}
,[6.4.2023 | 18:11:56] {"client-id":"ba0fe78e-7a16-4a92-be3a-03c8d56a3133","gpioa":0,"gpiob":0,"gpioc":32768,"gpiod":16440,"gpioe":1296,"modeltime":0,"type":"gpio"}
,[6.4.2023 | 18:11:56] {"client-id":"ba0fe78e-7a16-4a92-be3a-03c8d56a3133","gpioa":0,"gpiob":0,"gpioc":32768,"gpiod":16440,"gpioe":1296,"modeltime":0,"type":"gpio"}
,[6.4.2023 | 18:11:56] {"client-id":"ba0fe78e-7a16-4a92-be3a-03c8d56a3133","gpioa":0,"gpiob":0,"gpioc":32768,"gpiod":16440,"gpioe":1296,"modeltime":0,"type":"gpio"}
,[6.4.2023 | 18:11:56] {"client-id":"ba0fe78e-7a16-4a92-be3a-03c8d56a3133","gpioa":0,"gpiob":0,"gpioc":32768,"gpiod":16440,"gpioe":1296,"modeltime":0,"type":"gpio"}
,[6.4.2023 | 18:11:56] {"client-id":"ba0fe78e-7a16-4a92-be3a-03c8d56a3133","gpioa":0,"gpiob":0,"gpioc":32768,"gpiod":16440,"gpioe":1296,"modeltime":0,"type":"gpio"}
,[6.4.2023 | 18:11:56] {"client-id":"ba0fe78e-7a16-4a92-be3a-03c8d56a3133","gpioa":0,"gpiob":0,"gpioc":32768,"gpiod":16440,"gpioe":1296,"modeltime":0,"type":"gpio"}
,[6.4.2023 | 18:11:56] {"client-id":"ba0fe78e-7a16-4a92-be3a-03c8d56a3133","gpioa":0,"gpiob":0,"gpioc":32768,"gpiod":16440,"gpioe":1296,"modeltime":0,"type":"gpio"}
,[6.4.2023 | 18:11:56] {"client-id":"ba0fe78e-7a16-4a92-be3a-03c8d56a3133","gpioa":0,"gpiob":0,"gpioc":32768,"gpiod":9056,"gpioe":1280,"modeltime":0,"type":"gpio"}
,[6.4.2023 | 18:11:57] {"client-id":"ba0fe78e-7a16-4a92-be3a-03c8d56a3133","gpioa":0,"gpiob":0,"gpioc":32768,"gpiod":9056,"gpioe":1280,"modeltime":0,"type":"gpio"}
,[6.4.2023 | 18:11:57] {"client-id":"ba0fe78e-7a16-4a92-be3a-03c8d56a3133","gpioa":0,"gpiob":0,"gpioc":32768,"gpiod":9056,"gpioe":1280,"modeltime":0,"type":"gpio"}
,[6.4.2023 | 18:11:57] {"client-id":"ba0fe78e-7a16-4a92-be3a-03c8d56a3133","gpioa":0,"gpiob":0,"gpioc":32768,"gpiod":9056,"gpioe":1280,"modeltime":0,"type":"gpio"}
,[6.4.2023 | 18:11:57] {"client-id":"ba0fe78e-7a16-4a92-be3a-03c8d56a3133","gpioa":0,"gpiob":0,"gpioc":32768,"gpiod":9056,"gpioe":1280,"modeltime":0,"type":"gpio"}
,[6.4.2023 | 18:11:57] {"client-id":"ba0fe78e-7a16-4a92-be3a-03c8d56a3133","gpioa":0,"gpiob":0,"gpioc":32768,"gpiod":8512,"gpioe":1280,"modeltime":0,"type":"gpio"}
,[6.4.2023 | 18:11:57] {"client-id":"ba0fe78e-7a16-4a92-be3a-03c8d56a3133","gpioa":0,"gpiob":0,"gpioc":32768,"gpiod":8512,"gpioe":1280,"modeltime":0,"type":"gpio"}
,[6.4.2023 | 18:11:57] {"client-id":"ba0fe78e-7a16-4a92-be3a-03c8d56a3133","gpioa":0,"gpiob":0,"gpioc":32768,"gpiod":8512,"gpioe":1280,"modeltime":0,"type":"gpio"}
,[6.4.2023 | 18:11:57] {"client-id":"ba0fe78e-7a16-4a92-be3a-03c8d56a3133","gpioa":0,"gpiob":0,"gpioc":32768,"gpiod":8512,"gpioe":1280,"modeltime":0,"type":"gpio"}
,[6.4.2023 | 18:11:57] {"client-id":"ba0fe78e-7a16-4a92-be3a-03c8d56a3133","gpioa":0,"gpiob":0,"gpioc":32768,"gpiod":8512,"gpioe":1280,"modeltime":0,"type":"gpio"}
,[6.4.2023 | 18:11:57] {"client-id":"ba0fe78e-7a16-4a92-be3a-03c8d56a3133","gpioa":0,"gpiob":0,"gpioc":32768,"gpiod":8192,"gpioe":1280,"modeltime":0,"type":"gpio"}
,[6.4.2023 | 18:11:58] {"client-id":"ba0fe78e-7a16-4a92-be3a-03c8d56a3133","gpioa":0,"gpiob":0,"gpioc":32768,"gpiod":8192,"gpioe":1280,"modeltime":0,"type":"gpio"}
,[6.4.2023 | 18:11:58] {"client-id":"ba0fe78e-7a16-4a92-be3a-03c8d56a3133","gpioa":0,"gpiob":0,"gpioc":32768,"gpiod":8192,"gpioe":1280,"modeltime":0,"type":"gpio"}
,[6.4.2023 | 18:11:58] {"client-id":"ba0fe78e-7a16-4a92-be3a-03c8d56a3133","gpioa":0,"gpiob":0,"gpioc":32768,"gpiod":8192,"gpioe":1280,"modeltime":0,"type":"gpio"}
,[6.4.2023 | 18:11:58] {"client-id":"ba0fe78e-7a16-4a92-be3a-03c8d56a3133","gpioa":0,"gpiob":0,"gpioc":32768,"gpiod":8192,"gpioe":1280,"modeltime":0,"type":"gpio"}
,[6.4.2023 | 18:11:58] {"client-id":"ba0fe78e-7a16-4a92-be3a-03c8d56a3133","gpioa":0,"gpiob":0,"gpioc":32768,"gpiod":8512,"gpioe":1280,"modeltime":0,"type":"gpio"}
,[6.4.2023 | 18:11:58] {"client-id":"ba0fe78e-7a16-4a92-be3a-03c8d56a3133","gpioa":0,"gpiob":0,"gpioc":32768,"gpiod":8512,"gpioe":1280,"modeltime":0,"type":"gpio"}
,[6.4.2023 | 18:11:58] {"client-id":"ba0fe78e-7a16-4a92-be3a-03c8d56a3133","gpioa":0,"gpiob":0,"gpioc":32768,"gpiod":8512,"gpioe":1280,"modeltime":0,"type":"gpio"}
,[6.4.2023 | 18:11:58] {"client-id":"ba0fe78e-7a16-4a92-be3a-03c8d56a3133","gpioa":0,"gpiob":0,"gpioc":32768,"gpiod":8512,"gpioe":1280,"modeltime":0,"type":"gpio"}
,[6.4.2023 | 18:11:58] {"client-id":"ba0fe78e-7a16-4a92-be3a-03c8d56a3133","gpioa":0,"gpiob":0,"gpioc":32768,"gpiod":8512,"gpioe":1280,"modeltime":0,"type":"gpio"}
,[6.4.2023 | 18:11:58] {"client-id":"ba0fe78e-7a16-4a92-be3a-03c8d56a3133","gpioa":0,"gpiob":0,"gpioc":32768,"gpiod":9056,"gpioe":1280,"modeltime":0,"type":"gpio"}
,[6.4.2023 | 18:11:59] {"client-id":"ba0fe78e-7a16-4a92-be3a-03c8d56a3133","gpioa":0,"gpiob":0,"gpioc":32768,"gpiod":9056,"gpioe":1280,"modeltime":0,"type":"gpio"}
,[6.4.2023 | 18:11:59] {"client-id":"ba0fe78e-7a16-4a92-be3a-03c8d56a3133","gpioa":0,"gpiob":0,"gpioc":32768,"gpiod":9056,"gpioe":1280,"modeltime":0,"type":"gpio"}
,[6.4.2023 | 18:11:59] {"client-id":"ba0fe78e-7a16-4a92-be3a-03c8d56a3133","gpioa":0,"gpiob":0,"gpioc":32768,"gpiod":9056,"gpioe":1280,"modeltime":0,"type":"gpio"}
,[6.4.2023 | 18:11:59] {"client-id":"ba0fe78e-7a16-4a92-be3a-03c8d56a3133","gpioa":0,"gpiob":0,"gpioc":32768,"gpiod":9056,"gpioe":1280,"modeltime":0,"type":"gpio"}
,[6.4.2023 | 18:11:59] {"client-id":"ba0fe78e-7a16-4a92-be3a-03c8d56a3133","gpioa":0,"gpiob":0,"gpioc":32768,"gpiod":11120,"gpioe":1280,"modeltime":0,"type":"gpio"}
,[6.4.2023 | 18:11:59] {"client-id":"ba0fe78e-7a16-4a92-be3a-03c8d56a3133","gpioa":0,"gpiob":0,"gpioc":32768,"gpiod":11120,"gpioe":1280,"modeltime":0,"type":"gpio"}
,[6.4.2023 | 18:11:59] {"client-id":"ba0fe78e-7a16-4a92-be3a-03c8d56a3133","gpioa":0,"gpiob":0,"gpioc":32768,"gpiod":11120,"gpioe":1280,"modeltime":0,"type":"gpio"}
,[6.4.2023 | 18:11:59] {"client-id":"ba0fe78e-7a16-4a92-be3a-03c8d56a3133","gpioa":0,"gpiob":0,"gpioc":32768,"gpiod":11120,"gpioe":1280,"modeltime":0,"type":"gpio"}
,[6.4.2023 | 18:11:59] {"client-id":"ba0fe78e-7a16-4a92-be3a-03c8d56a3133","gpioa":0,"gpiob":0,"gpioc":32768,"gpiod":11120,"gpioe":1280,"modeltime":0,"type":"gpio"}
,[6.4.2023 | 18:11:59] {"client-id":"ba0fe78e-7a16-4a92-be3a-03c8d56a3133","gpioa":0,"gpiob":0,"gpioc":32768,"gpiod":15224,"gpioe":1280,"modeltime":0,"type":"gpio"}
,[6.4.2023 | 18:12:0] {"client-id":"ba0fe78e-7a16-4a92-be3a-03c8d56a3133","gpioa":0,"gpiob":0,"gpioc":32768,"gpiod":15224,"gpioe":1280,"modeltime":0,"type":"gpio"}
,[6.4.2023 | 18:12:0] {"client-id":"ba0fe78e-7a16-4a92-be3a-03c8d56a3133","gpioa":0,"gpiob":0,"gpioc":32768,"gpiod":15224,"gpioe":1280,"modeltime":0,"type":"gpio"}
,[6.4.2023 | 18:12:0] {"client-id":"ba0fe78e-7a16-4a92-be3a-03c8d56a3133","gpioa":0,"gpiob":0,"gpioc":32768,"gpiod":15224,"gpioe":1280,"modeltime":0,"type":"gpio"}
,[6.4.2023 | 18:12:0] {"client-id":"ba0fe78e-7a16-4a92-be3a-03c8d56a3133","gpioa":0,"gpiob":0,"gpioc":32768,"gpiod":15224,"gpioe":1280,"modeltime":0,"type":"gpio"}
,[6.4.2023 | 18:12:0] {"client-id":"ba0fe78e-7a16-4a92-be3a-03c8d56a3133","gpioa":0,"gpiob":0,"gpioc":32768,"gpiod":11120,"gpioe":1280,"modeltime":0,"type":"gpio"}
,[6.4.2023 | 18:12:0] {"client-id":"ba0fe78e-7a16-4a92-be3a-03c8d56a3133","gpioa":0,"gpiob":0,"gpioc":32768,"gpiod":11120,"gpioe":1280,"modeltime":0,"type":"gpio"}
,[6.4.2023 | 18:12:0] {"client-id":"ba0fe78e-7a16-4a92-be3a-03c8d56a3133","gpioa":0,"gpiob":0,"gpioc":32768,"gpiod":11120,"gpioe":1280,"modeltime":0,"type":"gpio"}
,[6.4.2023 | 18:12:0] {"client-id":"ba0fe78e-7a16-4a92-be3a-03c8d56a3133","gpioa":0,"gpiob":0,"gpioc":32768,"gpiod":11120,"gpioe":1280,"modeltime":0,"type":"gpio"}
,[6.4.2023 | 18:12:0] {"client-id":"ba0fe78e-7a16-4a92-be3a-03c8d56a3133","gpioa":0,"gpiob":0,"gpioc":32768,"gpiod":11120,"gpioe":1280,"modeltime":0,"type":"gpio"}
,[6.4.2023 | 18:12:0] {"client-id":"ba0fe78e-7a16-4a92-be3a-03c8d56a3133","gpioa":0,"gpiob":0,"gpioc":32768,"gpiod":9056,"gpioe":1280,"modeltime":0,"type":"gpio"}
,[6.4.2023 | 18:12:1] {"client-id":"ba0fe78e-7a16-4a92-be3a-03c8d56a3133","gpioa":0,"gpiob":0,"gpioc":32768,"gpiod":9056,"gpioe":1280,"modeltime":0,"type":"gpio"}
,[6.4.2023 | 18:12:1] {"client-id":"ba0fe78e-7a16-4a92-be3a-03c8d56a3133","gpioa":0,"gpiob":0,"gpioc":32768,"gpiod":9056,"gpioe":1280,"modeltime":0,"type":"gpio"}
,[6.4.2023 | 18:12:1] {"client-id":"ba0fe78e-7a16-4a92-be3a-03c8d56a3133","gpioa":0,"gpiob":0,"gpioc":32768,"gpiod":9056,"gpioe":1280,"modeltime":0,"type":"gpio"}
,[6.4.2023 | 18:12:1] {"client-id":"ba0fe78e-7a16-4a92-be3a-03c8d56a3133","gpioa":0,"gpiob":0,"gpioc":32768,"gpiod":9056,"gpioe":1280,"modeltime":0,"type":"gpio"}
,[6.4.2023 | 18:12:1] {"client-id":"ba0fe78e-7a16-4a92-be3a-03c8d56a3133","gpioa":0,"gpiob":0,"gpioc":32768,"gpiod":8512,"gpioe":1280,"modeltime":0,"type":"gpio"}
,[6.4.2023 | 18:12:1] {"client-id":"ba0fe78e-7a16-4a92-be3a-03c8d56a3133","gpioa":0,"gpiob":0,"gpioc":32768,"gpiod":8512,"gpioe":1280,"modeltime":0,"type":"gpio"}
,[6.4.2023 | 18:12:1] {"client-id":"ba0fe78e-7a16-4a92-be3a-03c8d56a3133","gpioa":0,"gpiob":0,"gpioc":32768,"gpiod":8512,"gpioe":1280,"modeltime":0,"type":"gpio"}
,[6.4.2023 | 18:12:1] {"client-id":"ba0fe78e-7a16-4a92-be3a-03c8d56a3133","gpioa":0,"gpiob":0,"gpioc":32768,"gpiod":8512,"gpioe":1280,"modeltime":0,"type":"gpio"}
,[6.4.2023 | 18:12:1] {"client-id":"ba0fe78e-7a16-4a92-be3a-03c8d56a3133","gpioa":0,"gpiob":0,"gpioc":32768,"gpiod":8512,"gpioe":1280,"modeltime":0,"type":"gpio"}
,[6.4.2023 | 18:12:1] {"client-id":"ba0fe78e-7a16-4a92-be3a-03c8d56a3133","gpioa":0,"gpiob":0,"gpioc":32768,"gpiod":8192,"gpioe":1280,"modeltime":0,"type":"gpio"}
,[6.4.2023 | 18:12:2] {"client-id":"ba0fe78e-7a16-4a92-be3a-03c8d56a3133","gpioa":0,"gpiob":0,"gpioc":32768,"gpiod":8192,"gpioe":1280,"modeltime":0,"type":"gpio"}
,[6.4.2023 | 18:12:2] {"client-id":"ba0fe78e-7a16-4a92-be3a-03c8d56a3133","gpioa":0,"gpiob":0,"gpioc":32768,"gpiod":8192,"gpioe":1280,"modeltime":0,"type":"gpio"}
,[6.4.2023 | 18:12:2] {"client-id":"ba0fe78e-7a16-4a92-be3a-03c8d56a3133","gpioa":0,"gpiob":0,"gpioc":32768,"gpiod":8192,"gpioe":1280,"modeltime":0,"type":"gpio"}
,[6.4.2023 | 18:12:2] {"client-id":"ba0fe78e-7a16-4a92-be3a-03c8d56a3133","gpioa":0,"gpiob":0,"gpioc":32768,"gpiod":8192,"gpioe":1280,"modeltime":0,"type":"gpio"}
,[6.4.2023 | 18:12:2] {"client-id":"ba0fe78e-7a16-4a92-be3a-03c8d56a3133","gpioa":0,"gpiob":0,"gpioc":32768,"gpiod":8512,"gpioe":1280,"modeltime":0,"type":"gpio"}
,[6.4.2023 | 18:12:2] {"client-id":"ba0fe78e-7a16-4a92-be3a-03c8d56a3133","gpioa":0,"gpiob":0,"gpioc":0,"gpiod":8512,"gpioe":1280,"modeltime":0,"type":"gpio"}
,[6.4.2023 | 18:12:2] {"client-id":"ba0fe78e-7a16-4a92-be3a-03c8d56a3133","gpioa":0,"gpiob":0,"gpioc":0,"gpiod":8512,"gpioe":1280,"modeltime":0,"type":"gpio"}
,[6.4.2023 | 18:12:2] {"client-id":"ba0fe78e-7a16-4a92-be3a-03c8d56a3133","gpioa":0,"gpiob":0,"gpioc":0,"gpiod":8512,"gpioe":1280,"modeltime":0,"type":"gpio"}
,[6.4.2023 | 18:12:2] {"client-id":"ba0fe78e-7a16-4a92-be3a-03c8d56a3133","gpioa":0,"gpiob":0,"gpioc":0,"gpiod":8512,"gpioe":1280,"modeltime":0,"type":"gpio"}
,[6.4.2023 | 18:12:2] {"client-id":"ba0fe78e-7a16-4a92-be3a-03c8d56a3133","gpioa":0,"gpiob":0,"gpioc":0,"gpiod":33088,"gpioe":1280,"modeltime":0,"type":"gpio"}
,[6.4.2023 | 18:12:3] {"client-id":"ba0fe78e-7a16-4a92-be3a-03c8d56a3133","gpioa":0,"gpiob":0,"gpioc":32768,"gpiod":33088,"gpioe":1280,"modeltime":0,"type":"gpio"}
,[6.4.2023 | 18:12:3] {"client-id":"ba0fe78e-7a16-4a92-be3a-03c8d56a3133","gpioa":0,"gpiob":0,"gpioc":32768,"gpiod":33088,"gpioe":1280,"modeltime":0,"type":"gpio"}
,[6.4.2023 | 18:12:3] {"client-id":"ba0fe78e-7a16-4a92-be3a-03c8d56a3133","gpioa":0,"gpiob":0,"gpioc":32768,"gpiod":33088,"gpioe":1280,"modeltime":0,"type":"gpio"}
,[6.4.2023 | 18:12:3] {"client-id":"ba0fe78e-7a16-4a92-be3a-03c8d56a3133","gpioa":0,"gpiob":0,"gpioc":32768,"gpiod":33088,"gpioe":1280,"modeltime":0,"type":"gpio"}
,[6.4.2023 | 18:12:3] {"client-id":"ba0fe78e-7a16-4a92-be3a-03c8d56a3133","gpioa":0,"gpiob":0,"gpioc":32768,"gpiod":33088,"gpioe":1280,"modeltime":0,"type":"gpio"}
,[6.4.2023 | 18:12:3] {"client-id":"ba0fe78e-7a16-4a92-be3a-03c8d56a3133","gpioa":0,"gpiob":0,"gpioc":32768,"gpiod":33088,"gpioe":1280,"modeltime":0,"type":"gpio"}
,[6.4.2023 | 18:12:3] {"client-id":"ba0fe78e-7a16-4a92-be3a-03c8d56a3133","gpioa":0,"gpiob":0,"gpioc":32768,"gpiod":33088,"gpioe":1280,"modeltime":0,"type":"gpio"}
,[6.4.2023 | 18:12:3] {"client-id":"ba0fe78e-7a16-4a92-be3a-03c8d56a3133","gpioa":0,"gpiob":0,"gpioc":32768,"gpiod":33088,"gpioe":1280,"modeltime":0,"type":"gpio"}
,[6.4.2023 | 18:12:3] {"client-id":"ba0fe78e-7a16-4a92-be3a-03c8d56a3133","gpioa":0,"gpiob":0,"gpioc":32768,"gpiod":33088,"gpioe":1280,"modeltime":0,"type":"gpio"}
,[6.4.2023 | 18:12:3] {"client-id":"ba0fe78e-7a16-4a92-be3a-03c8d56a3133","gpioa":0,"gpiob":0,"gpioc":32768,"gpiod":33088,"gpioe":1280,"modeltime":0,"type":"gpio"}
,[6.4.2023 | 18:12:4] {"client-id":"ba0fe78e-7a16-4a92-be3a-03c8d56a3133","gpioa":0,"gpiob":0,"gpioc":32768,"gpiod":33088,"gpioe":1280,"modeltime":0,"type":"gpio"}
,[6.4.2023 | 18:12:4] {"client-id":"ba0fe78e-7a16-4a92-be3a-03c8d56a3133","gpioa":0,"gpiob":0,"gpioc":32768,"gpiod":33088,"gpioe":1280,"modeltime":0,"type":"gpio"}
,[6.4.2023 | 18:12:4] {"client-id":"ba0fe78e-7a16-4a92-be3a-03c8d56a3133","gpioa":0,"gpiob":0,"gpioc":32768,"gpiod":33088,"gpioe":1280,"modeltime":0,"type":"gpio"}
,[6.4.2023 | 18:12:4] {"client-id":"ba0fe78e-7a16-4a92-be3a-03c8d56a3133","gpioa":0,"gpiob":0,"gpioc":32768,"gpiod":33088,"gpioe":1280,"modeltime":0,"type":"gpio"}
,[6.4.2023 | 18:12:4] {"client-id":"ba0fe78e-7a16-4a92-be3a-03c8d56a3133","gpioa":0,"gpiob":0,"gpioc":32768,"gpiod":33088,"gpioe":1280,"modeltime":0,"type":"gpio"}
,[6.4.2023 | 18:12:4] {"client-id":"ba0fe78e-7a16-4a92-be3a-03c8d56a3133","gpioa":0,"gpiob":0,"gpioc":32768,"gpiod":33088,"gpioe":1280,"modeltime":0,"type":"gpio"}
,[6.4.2023 | 18:12:4] {"client-id":"ba0fe78e-7a16-4a92-be3a-03c8d56a3133","gpioa":0,"gpiob":0,"gpioc":32768,"gpiod":33088,"gpioe":1280,"modeltime":0,"type":"gpio"}
,[6.4.2023 | 18:12:4] {"client-id":"ba0fe78e-7a16-4a92-be3a-03c8d56a3133","gpioa":0,"gpiob":0,"gpioc":32768,"gpiod":33088,"gpioe":1280,"modeltime":0,"type":"gpio"}
,[6.4.2023 | 18:12:4] {"client-id":"ba0fe78e-7a16-4a92-be3a-03c8d56a3133","gpioa":0,"gpiob":0,"gpioc":32768,"gpiod":33088,"gpioe":1280,"modeltime":0,"type":"gpio"}
,[6.4.2023 | 18:12:4] {"client-id":"ba0fe78e-7a16-4a92-be3a-03c8d56a3133","gpioa":0,"gpiob":0,"gpioc":32768,"gpiod":33088,"gpioe":1280,"modeltime":0,"type":"gpio"}
,[6.4.2023 | 18:12:5] {"client-id":"ba0fe78e-7a16-4a92-be3a-03c8d56a3133","gpioa":0,"gpiob":0,"gpioc":32768,"gpiod":33088,"gpioe":1280,"modeltime":0,"type":"gpio"}
,[6.4.2023 | 18:12:5] {"client-id":"ba0fe78e-7a16-4a92-be3a-03c8d56a3133","gpioa":0,"gpiob":0,"gpioc":32768,"gpiod":33088,"gpioe":1280,"modeltime":0,"type":"gpio"}
,[6.4.2023 | 18:12:5] {"client-id":"ba0fe78e-7a16-4a92-be3a-03c8d56a3133","gpioa":0,"gpiob":0,"gpioc":32768,"gpiod":33088,"gpioe":1280,"modeltime":0,"type":"gpio"}
,[6.4.2023 | 18:12:5] {"client-id":"ba0fe78e-7a16-4a92-be3a-03c8d56a3133","gpioa":0,"gpiob":0,"gpioc":32768,"gpiod":33088,"gpioe":1280,"modeltime":0,"type":"gpio"}
,[6.4.2023 | 18:12:5] {"client-id":"ba0fe78e-7a16-4a92-be3a-03c8d56a3133","gpioa":0,"gpiob":0,"gpioc":32768,"gpiod":33088,"gpioe":1280,"modeltime":0,"type":"gpio"}
,[6.4.2023 | 18:12:5] {"client-id":"ba0fe78e-7a16-4a92-be3a-03c8d56a3133","gpioa":0,"gpiob":0,"gpioc":32768,"gpiod":33088,"gpioe":5376,"modeltime":0,"type":"gpio"}
,[6.4.2023 | 18:12:5] {"client-id":"ba0fe78e-7a16-4a92-be3a-03c8d56a3133","gpioa":0,"gpiob":0,"gpioc":32768,"gpiod":33088,"gpioe":5376,"modeltime":0,"type":"gpio"}
,[6.4.2023 | 18:12:5] {"client-id":"ba0fe78e-7a16-4a92-be3a-03c8d56a3133","gpioa":0,"gpiob":0,"gpioc":32768,"gpiod":33088,"gpioe":5376,"modeltime":0,"type":"gpio"}
,[6.4.2023 | 18:12:5] {"client-id":"ba0fe78e-7a16-4a92-be3a-03c8d56a3133","gpioa":0,"gpiob":0,"gpioc":32768,"gpiod":33088,"gpioe":5376,"modeltime":0,"type":"gpio"}
,[6.4.2023 | 18:12:5] {"client-id":"ba0fe78e-7a16-4a92-be3a-03c8d56a3133","gpioa":0,"gpiob":0,"gpioc":32768,"gpiod":33088,"gpioe":5376,"modeltime":0,"type":"gpio"}
,[6.4.2023 | 18:12:6] {"client-id":"ba0fe78e-7a16-4a92-be3a-03c8d56a3133","gpioa":0,"gpiob":0,"gpioc":32768,"gpiod":33088,"gpioe":5376,"modeltime":0,"type":"gpio"}
,[6.4.2023 | 18:12:6] {"client-id":"ba0fe78e-7a16-4a92-be3a-03c8d56a3133","gpioa":0,"gpiob":0,"gpioc":32768,"gpiod":33088,"gpioe":5376,"modeltime":0,"type":"gpio"}
,[6.4.2023 | 18:12:6] {"client-id":"ba0fe78e-7a16-4a92-be3a-03c8d56a3133","gpioa":0,"gpiob":0,"gpioc":32768,"gpiod":33088,"gpioe":5376,"modeltime":0,"type":"gpio"}
,[6.4.2023 | 18:12:6] {"client-id":"ba0fe78e-7a16-4a92-be3a-03c8d56a3133","gpioa":0,"gpiob":0,"gpioc":32768,"gpiod":33088,"gpioe":1280,"modeltime":0,"type":"gpio"}
,[6.4.2023 | 18:12:6] {"client-id":"ba0fe78e-7a16-4a92-be3a-03c8d56a3133","gpioa":0,"gpiob":0,"gpioc":32768,"gpiod":33088,"gpioe":1280,"modeltime":0,"type":"gpio"}
,[6.4.2023 | 18:12:6] {"client-id":"ba0fe78e-7a16-4a92-be3a-03c8d56a3133","gpioa":0,"gpiob":0,"gpioc":32768,"gpiod":33088,"gpioe":1280,"modeltime":0,"type":"gpio"}
,[6.4.2023 | 18:12:6] {"client-id":"ba0fe78e-7a16-4a92-be3a-03c8d56a3133","gpioa":0,"gpiob":0,"gpioc":32768,"gpiod":33088,"gpioe":1280,"modeltime":0,"type":"gpio"}
,[6.4.2023 | 18:12:6] {"client-id":"ba0fe78e-7a16-4a92-be3a-03c8d56a3133","gpioa":0,"gpiob":0,"gpioc":32768,"gpiod":33088,"gpioe":1280,"modeltime":0,"type":"gpio"}
,[6.4.2023 | 18:12:6] {"client-id":"ba0fe78e-7a16-4a92-be3a-03c8d56a3133","gpioa":0,"gpiob":0,"gpioc":32768,"gpiod":33088,"gpioe":1280,"modeltime":0,"type":"gpio"}
,[6.4.2023 | 18:12:6] {"client-id":"ba0fe78e-7a16-4a92-be3a-03c8d56a3133","gpioa":0,"gpiob":0,"gpioc":32768,"gpiod":33088,"gpioe":1280,"modeltime":0,"type":"gpio"}
,[6.4.2023 | 18:12:7] {"client-id":"ba0fe78e-7a16-4a92-be3a-03c8d56a3133","gpioa":0,"gpiob":0,"gpioc":32768,"gpiod":33088,"gpioe":1280,"modeltime":0,"type":"gpio"}
,[6.4.2023 | 18:12:7] {"client-id":"ba0fe78e-7a16-4a92-be3a-03c8d56a3133","gpioa":0,"gpiob":0,"gpioc":32768,"gpiod":33088,"gpioe":1280,"modeltime":0,"type":"gpio"}
,[6.4.2023 | 18:12:7] {"client-id":"ba0fe78e-7a16-4a92-be3a-03c8d56a3133","gpioa":0,"gpiob":0,"gpioc":32768,"gpiod":33088,"gpioe":1280,"modeltime":0,"type":"gpio"}
,[6.4.2023 | 18:12:7] {"client-id":"ba0fe78e-7a16-4a92-be3a-03c8d56a3133","gpioa":0,"gpiob":0,"gpioc":32768,"gpiod":33088,"gpioe":1280,"modeltime":0,"type":"gpio"}
,[6.4.2023 | 18:12:7] {"client-id":"ba0fe78e-7a16-4a92-be3a-03c8d56a3133","gpioa":0,"gpiob":0,"gpioc":32768,"gpiod":33088,"gpioe":1280,"modeltime":0,"type":"gpio"}
,[6.4.2023 | 18:12:7] {"client-id":"ba0fe78e-7a16-4a92-be3a-03c8d56a3133","gpioa":0,"gpiob":0,"gpioc":32768,"gpiod":33088,"gpioe":1280,"modeltime":0,"type":"gpio"}
,[6.4.2023 | 18:12:7] {"client-id":"ba0fe78e-7a16-4a92-be3a-03c8d56a3133","gpioa":0,"gpiob":0,"gpioc":32768,"gpiod":33088,"gpioe":1280,"modeltime":0,"type":"gpio"}
,[6.4.2023 | 18:12:7] {"client-id":"ba0fe78e-7a16-4a92-be3a-03c8d56a3133","gpioa":0,"gpiob":0,"gpioc":32768,"gpiod":33088,"gpioe":1280,"modeltime":0,"type":"gpio"}
,[6.4.2023 | 18:12:7] {"client-id":"ba0fe78e-7a16-4a92-be3a-03c8d56a3133","gpioa":0,"gpiob":0,"gpioc":32768,"gpiod":33088,"gpioe":1280,"modeltime":0,"type":"gpio"}
,[6.4.2023 | 18:12:7] {"client-id":"ba0fe78e-7a16-4a92-be3a-03c8d56a3133","gpioa":0,"gpiob":0,"gpioc":32768,"gpiod":33088,"gpioe":1280,"modeltime":0,"type":"gpio"}
,[6.4.2023 | 18:12:8] {"client-id":"ba0fe78e-7a16-4a92-be3a-03c8d56a3133","gpioa":0,"gpiob":0,"gpioc":0,"gpiod":35696,"gpioe":1280,"modeltime":0,"type":"gpio"}
,[6.4.2023 | 18:12:8] {"client-id":"ba0fe78e-7a16-4a92-be3a-03c8d56a3133","gpioa":0,"gpiob":0,"gpioc":0,"gpiod":35696,"gpioe":1280,"modeltime":0,"type":"gpio"}
,[6.4.2023 | 18:12:8] {"client-id":"ba0fe78e-7a16-4a92-be3a-03c8d56a3133","gpioa":0,"gpiob":0,"gpioc":0,"gpiod":35696,"gpioe":1280,"modeltime":0,"type":"gpio"}
,[6.4.2023 | 18:12:8] {"client-id":"ba0fe78e-7a16-4a92-be3a-03c8d56a3133","gpioa":0,"gpiob":0,"gpioc":0,"gpiod":35696,"gpioe":1280,"modeltime":0,"type":"gpio"}
,[6.4.2023 | 18:12:8] {"client-id":"ba0fe78e-7a16-4a92-be3a-03c8d56a3133","gpioa":0,"gpiob":0,"gpioc":0,"gpiod":15224,"gpioe":1280,"modeltime":0,"type":"gpio"}
,[6.4.2023 | 18:12:8] {"client-id":"ba0fe78e-7a16-4a92-be3a-03c8d56a3133","gpioa":0,"gpiob":0,"gpioc":32768,"gpiod":15224,"gpioe":1280,"modeltime":0,"type":"gpio"}
,[6.4.2023 | 18:12:8] {"client-id":"ba0fe78e-7a16-4a92-be3a-03c8d56a3133","gpioa":0,"gpiob":0,"gpioc":32768,"gpiod":15224,"gpioe":1280,"modeltime":0,"type":"gpio"}
,[6.4.2023 | 18:12:8] {"client-id":"ba0fe78e-7a16-4a92-be3a-03c8d56a3133","gpioa":0,"gpiob":0,"gpioc":32768,"gpiod":15224,"gpioe":1280,"modeltime":0,"type":"gpio"}
,[6.4.2023 | 18:12:8] {"client-id":"ba0fe78e-7a16-4a92-be3a-03c8d56a3133","gpioa":0,"gpiob":0,"gpioc":32768,"gpiod":15224,"gpioe":1280,"modeltime":0,"type":"gpio"}
,[6.4.2023 | 18:12:8] {"client-id":"ba0fe78e-7a16-4a92-be3a-03c8d56a3133","gpioa":0,"gpiob":0,"gpioc":32768,"gpiod":11120,"gpioe":1280,"modeltime":0,"type":"gpio"}
,[6.4.2023 | 18:12:9] {"client-id":"ba0fe78e-7a16-4a92-be3a-03c8d56a3133","gpioa":0,"gpiob":0,"gpioc":32768,"gpiod":11120,"gpioe":1280,"modeltime":0,"type":"gpio"}
,[6.4.2023 | 18:12:9] {"client-id":"ba0fe78e-7a16-4a92-be3a-03c8d56a3133","gpioa":0,"gpiob":0,"gpioc":32768,"gpiod":11120,"gpioe":1280,"modeltime":0,"type":"gpio"}
,[6.4.2023 | 18:12:9] {"client-id":"ba0fe78e-7a16-4a92-be3a-03c8d56a3133","gpioa":0,"gpiob":0,"gpioc":32768,"gpiod":11120,"gpioe":1280,"modeltime":0,"type":"gpio"}
,[6.4.2023 | 18:12:9] {"client-id":"ba0fe78e-7a16-4a92-be3a-03c8d56a3133","gpioa":0,"gpiob":0,"gpioc":32768,"gpiod":11120,"gpioe":1280,"modeltime":0,"type":"gpio"}
,[6.4.2023 | 18:12:9] {"client-id":"ba0fe78e-7a16-4a92-be3a-03c8d56a3133","gpioa":0,"gpiob":0,"gpioc":32768,"gpiod":9056,"gpioe":1280,"modeltime":0,"type":"gpio"}
,[6.4.2023 | 18:12:9] {"client-id":"ba0fe78e-7a16-4a92-be3a-03c8d56a3133","gpioa":0,"gpiob":0,"gpioc":32768,"gpiod":9056,"gpioe":1280,"modeltime":0,"type":"gpio"}
,[6.4.2023 | 18:12:9] {"client-id":"ba0fe78e-7a16-4a92-be3a-03c8d56a3133","gpioa":0,"gpiob":0,"gpioc":32768,"gpiod":9056,"gpioe":1280,"modeltime":0,"type":"gpio"}
,[6.4.2023 | 18:12:9] {"client-id":"ba0fe78e-7a16-4a92-be3a-03c8d56a3133","gpioa":0,"gpiob":0,"gpioc":32768,"gpiod":9056,"gpioe":1280,"modeltime":0,"type":"gpio"}
,[6.4.2023 | 18:12:9] {"client-id":"ba0fe78e-7a16-4a92-be3a-03c8d56a3133","gpioa":0,"gpiob":0,"gpioc":32768,"gpiod":9056,"gpioe":1280,"modeltime":0,"type":"gpio"}
,[6.4.2023 | 18:12:9] {"client-id":"ba0fe78e-7a16-4a92-be3a-03c8d56a3133","gpioa":0,"gpiob":0,"gpioc":32768,"gpiod":8512,"gpioe":1280,"modeltime":0,"type":"gpio"}
,[6.4.2023 | 18:12:10] {"client-id":"ba0fe78e-7a16-4a92-be3a-03c8d56a3133","gpioa":0,"gpiob":0,"gpioc":32768,"gpiod":8512,"gpioe":1280,"modeltime":0,"type":"gpio"}
,[6.4.2023 | 18:12:10] {"client-id":"ba0fe78e-7a16-4a92-be3a-03c8d56a3133","gpioa":0,"gpiob":0,"gpioc":32768,"gpiod":8512,"gpioe":256,"modeltime":0,"type":"gpio"}
,[6.4.2023 | 18:12:10] {"client-id":"ba0fe78e-7a16-4a92-be3a-03c8d56a3133","gpioa":0,"gpiob":0,"gpioc":32768,"gpiod":8512,"gpioe":256,"modeltime":0,"type":"gpio"}
,[6.4.2023 | 18:12:10] {"client-id":"ba0fe78e-7a16-4a92-be3a-03c8d56a3133","gpioa":0,"gpiob":0,"gpioc":32768,"gpiod":8512,"gpioe":256,"modeltime":0,"type":"gpio"}
,[6.4.2023 | 18:12:10] {"client-id":"ba0fe78e-7a16-4a92-be3a-03c8d56a3133","gpioa":0,"gpiob":0,"gpioc":32768,"gpiod":16400,"gpioe":256,"modeltime":0,"type":"gpio"}
,[6.4.2023 | 18:12:10] {"client-id":"ba0fe78e-7a16-4a92-be3a-03c8d56a3133","gpioa":0,"gpiob":0,"gpioc":32768,"gpiod":16400,"gpioe":256,"modeltime":0,"type":"gpio"}
,[6.4.2023 | 18:12:10] {"client-id":"ba0fe78e-7a16-4a92-be3a-03c8d56a3133","gpioa":0,"gpiob":0,"gpioc":32768,"gpiod":16400,"gpioe":256,"modeltime":0,"type":"gpio"}
,[6.4.2023 | 18:12:10] {"client-id":"ba0fe78e-7a16-4a92-be3a-03c8d56a3133","gpioa":0,"gpiob":0,"gpioc":32768,"gpiod":16400,"gpioe":256,"modeltime":0,"type":"gpio"}
,[6.4.2023 | 18:12:10] {"client-id":"ba0fe78e-7a16-4a92-be3a-03c8d56a3133","gpioa":0,"gpiob":0,"gpioc":32768,"gpiod":16400,"gpioe":256,"modeltime":0,"type":"gpio"}
,[6.4.2023 | 18:12:10] {"client-id":"ba0fe78e-7a16-4a92-be3a-03c8d56a3133","gpioa":0,"gpiob":0,"gpioc":32768,"gpiod":16400,"gpioe":256,"modeltime":0,"type":"gpio"}
,[6.4.2023 | 18:12:11] {"client-id":"ba0fe78e-7a16-4a92-be3a-03c8d56a3133","gpioa":0,"gpiob":0,"gpioc":32768,"gpiod":16400,"gpioe":256,"modeltime":0,"type":"gpio"}
,[6.4.2023 | 18:12:11] {"client-id":"ba0fe78e-7a16-4a92-be3a-03c8d56a3133","gpioa":0,"gpiob":0,"gpioc":32768,"gpiod":16400,"gpioe":256,"modeltime":0,"type":"gpio"}
,[6.4.2023 | 18:12:11] {"client-id":"ba0fe78e-7a16-4a92-be3a-03c8d56a3133","gpioa":0,"gpiob":0,"gpioc":32768,"gpiod":16400,"gpioe":256,"modeltime":0,"type":"gpio"}
,[6.4.2023 | 18:12:11] {"client-id":"ba0fe78e-7a16-4a92-be3a-03c8d56a3133","gpioa":0,"gpiob":0,"gpioc":32768,"gpiod":16400,"gpioe":256,"modeltime":0,"type":"gpio"}
,[6.4.2023 | 18:12:11] {"client-id":"ba0fe78e-7a16-4a92-be3a-03c8d56a3133","gpioa":0,"gpiob":0,"gpioc":32768,"gpiod":16400,"gpioe":256,"modeltime":0,"type":"gpio"}
,[6.4.2023 | 18:12:11] {"client-id":"ba0fe78e-7a16-4a92-be3a-03c8d56a3133","gpioa":0,"gpiob":0,"gpioc":32768,"gpiod":16400,"gpioe":256,"modeltime":0,"type":"gpio"}
,[6.4.2023 | 18:12:11] {"client-id":"ba0fe78e-7a16-4a92-be3a-03c8d56a3133","gpioa":0,"gpiob":0,"gpioc":32768,"gpiod":16464,"gpioe":4352,"modeltime":0,"type":"gpio"}
,[6.4.2023 | 18:12:11] {"client-id":"ba0fe78e-7a16-4a92-be3a-03c8d56a3133","gpioa":0,"gpiob":0,"gpioc":32768,"gpiod":16464,"gpioe":4352,"modeltime":0,"type":"gpio"}
,[6.4.2023 | 18:12:11] {"client-id":"ba0fe78e-7a16-4a92-be3a-03c8d56a3133","gpioa":0,"gpiob":0,"gpioc":32768,"gpiod":16464,"gpioe":4352,"modeltime":0,"type":"gpio"}
,[6.4.2023 | 18:12:11] {"client-id":"ba0fe78e-7a16-4a92-be3a-03c8d56a3133","gpioa":0,"gpiob":0,"gpioc":32768,"gpiod":16464,"gpioe":4352,"modeltime":0,"type":"gpio"}
,[6.4.2023 | 18:12:12] {"client-id":"ba0fe78e-7a16-4a92-be3a-03c8d56a3133","gpioa":0,"gpiob":0,"gpioc":32768,"gpiod":16464,"gpioe":4352,"modeltime":0,"type":"gpio"}
,[6.4.2023 | 18:12:12] {"client-id":"ba0fe78e-7a16-4a92-be3a-03c8d56a3133","gpioa":0,"gpiob":0,"gpioc":32768,"gpiod":16464,"gpioe":4352,"modeltime":0,"type":"gpio"}
,[6.4.2023 | 18:12:12] {"client-id":"ba0fe78e-7a16-4a92-be3a-03c8d56a3133","gpioa":0,"gpiob":0,"gpioc":32768,"gpiod":16464,"gpioe":4352,"modeltime":0,"type":"gpio"}
,[6.4.2023 | 18:12:12] {"client-id":"ba0fe78e-7a16-4a92-be3a-03c8d56a3133","gpioa":0,"gpiob":0,"gpioc":32768,"gpiod":16464,"gpioe":4352,"modeltime":0,"type":"gpio"}
,[6.4.2023 | 18:12:12] {"client-id":"ba0fe78e-7a16-4a92-be3a-03c8d56a3133","gpioa":0,"gpiob":0,"gpioc":32768,"gpiod":16464,"gpioe":4352,"modeltime":0,"type":"gpio"}
,[6.4.2023 | 18:12:12] {"client-id":"ba0fe78e-7a16-4a92-be3a-03c8d56a3133","gpioa":0,"gpiob":0,"gpioc":32768,"gpiod":16464,"gpioe":4352,"modeltime":0,"type":"gpio"}
,[6.4.2023 | 18:12:12] {"client-id":"ba0fe78e-7a16-4a92-be3a-03c8d56a3133","gpioa":0,"gpiob":0,"gpioc":32768,"gpiod":16464,"gpioe":4352,"modeltime":0,"type":"gpio"}
,[6.4.2023 | 18:12:12] {"client-id":"ba0fe78e-7a16-4a92-be3a-03c8d56a3133","gpioa":0,"gpiob":0,"gpioc":32768,"gpiod":16464,"gpioe":4352,"modeltime":0,"type":"gpio"}
,[6.4.2023 | 18:12:12] {"client-id":"ba0fe78e-7a16-4a92-be3a-03c8d56a3133","gpioa":0,"gpiob":0,"gpioc":32768,"gpiod":16464,"gpioe":4352,"modeltime":0,"type":"gpio"}
,[6.4.2023 | 18:12:12] {"client-id":"ba0fe78e-7a16-4a92-be3a-03c8d56a3133","gpioa":0,"gpiob":0,"gpioc":32768,"gpiod":16464,"gpioe":4352,"modeltime":0,"type":"gpio"}
,[6.4.2023 | 18:12:13] {"client-id":"ba0fe78e-7a16-4a92-be3a-03c8d56a3133","gpioa":0,"gpiob":0,"gpioc":32768,"gpiod":16464,"gpioe":4352,"modeltime":0,"type":"gpio"}
,[6.4.2023 | 18:12:13] {"client-id":"ba0fe78e-7a16-4a92-be3a-03c8d56a3133","gpioa":0,"gpiob":0,"gpioc":32768,"gpiod":16464,"gpioe":4352,"modeltime":0,"type":"gpio"}
,[6.4.2023 | 18:12:13] {"client-id":"ba0fe78e-7a16-4a92-be3a-03c8d56a3133","gpioa":0,"gpiob":0,"gpioc":32768,"gpiod":16464,"gpioe":4352,"modeltime":0,"type":"gpio"}
,[6.4.2023 | 18:12:13] {"client-id":"ba0fe78e-7a16-4a92-be3a-03c8d56a3133","gpioa":0,"gpiob":0,"gpioc":32768,"gpiod":16464,"gpioe":4352,"modeltime":0,"type":"gpio"}
,[6.4.2023 | 18:12:13] {"client-id":"ba0fe78e-7a16-4a92-be3a-03c8d56a3133","gpioa":0,"gpiob":0,"gpioc":32768,"gpiod":16464,"gpioe":4352,"modeltime":0,"type":"gpio"}
,[6.4.2023 | 18:12:13] {"client-id":"ba0fe78e-7a16-4a92-be3a-03c8d56a3133","gpioa":0,"gpiob":0,"gpioc":32768,"gpiod":16464,"gpioe":4352,"modeltime":0,"type":"gpio"}
,[6.4.2023 | 18:12:13] {"client-id":"ba0fe78e-7a16-4a92-be3a-03c8d56a3133","gpioa":0,"gpiob":0,"gpioc":32768,"gpiod":16464,"gpioe":4352,"modeltime":0,"type":"gpio"}
,[6.4.2023 | 18:12:13] {"client-id":"ba0fe78e-7a16-4a92-be3a-03c8d56a3133","gpioa":0,"gpiob":0,"gpioc":32768,"gpiod":16464,"gpioe":4352,"modeltime":0,"type":"gpio"}
,[6.4.2023 | 18:12:13] {"client-id":"ba0fe78e-7a16-4a92-be3a-03c8d56a3133","gpioa":0,"gpiob":0,"gpioc":32768,"gpiod":16464,"gpioe":4352,"modeltime":0,"type":"gpio"}
,[6.4.2023 | 18:12:13] {"client-id":"ba0fe78e-7a16-4a92-be3a-03c8d56a3133","gpioa":0,"gpiob":0,"gpioc":32768,"gpiod":16464,"gpioe":4352,"modeltime":0,"type":"gpio"}
,[6.4.2023 | 18:12:14] {"client-id":"ba0fe78e-7a16-4a92-be3a-03c8d56a3133","gpioa":0,"gpiob":0,"gpioc":32768,"gpiod":16464,"gpioe":4352,"modeltime":0,"type":"gpio"}
,[6.4.2023 | 18:12:14] {"client-id":"ba0fe78e-7a16-4a92-be3a-03c8d56a3133","gpioa":0,"gpiob":0,"gpioc":32768,"gpiod":16464,"gpioe":4352,"modeltime":0,"type":"gpio"}
,[6.4.2023 | 18:12:14] {"client-id":"ba0fe78e-7a16-4a92-be3a-03c8d56a3133","gpioa":0,"gpiob":0,"gpioc":32768,"gpiod":16464,"gpioe":4352,"modeltime":0,"type":"gpio"}
,[6.4.2023 | 18:12:14] {"client-id":"ba0fe78e-7a16-4a92-be3a-03c8d56a3133","gpioa":0,"gpiob":0,"gpioc":32768,"gpiod":16464,"gpioe":4352,"modeltime":0,"type":"gpio"}
,[6.4.2023 | 18:12:14] {"client-id":"ba0fe78e-7a16-4a92-be3a-03c8d56a3133","gpioa":0,"gpiob":0,"gpioc":32768,"gpiod":16464,"gpioe":4352,"modeltime":0,"type":"gpio"}
,[6.4.2023 | 18:12:14] {"client-id":"ba0fe78e-7a16-4a92-be3a-03c8d56a3133","gpioa":0,"gpiob":0,"gpioc":32768,"gpiod":16464,"gpioe":4352,"modeltime":0,"type":"gpio"}
,[6.4.2023 | 18:12:14] {"client-id":"ba0fe78e-7a16-4a92-be3a-03c8d56a3133","gpioa":0,"gpiob":0,"gpioc":32768,"gpiod":16464,"gpioe":4352,"modeltime":0,"type":"gpio"}
,[6.4.2023 | 18:12:14] {"client-id":"ba0fe78e-7a16-4a92-be3a-03c8d56a3133","gpioa":0,"gpiob":0,"gpioc":32768,"gpiod":16464,"gpioe":4352,"modeltime":0,"type":"gpio"}
,[6.4.2023 | 18:12:14] {"client-id":"ba0fe78e-7a16-4a92-be3a-03c8d56a3133","gpioa":0,"gpiob":0,"gpioc":32768,"gpiod":16464,"gpioe":4352,"modeltime":0,"type":"gpio"}
,[6.4.2023 | 18:12:14] {"client-id":"ba0fe78e-7a16-4a92-be3a-03c8d56a3133","gpioa":0,"gpiob":0,"gpioc":32768,"gpiod":16464,"gpioe":4352,"modeltime":0,"type":"gpio"}
,[6.4.2023 | 18:12:15] {"client-id":"ba0fe78e-7a16-4a92-be3a-03c8d56a3133","gpioa":0,"gpiob":0,"gpioc":32768,"gpiod":16464,"gpioe":4352,"modeltime":0,"type":"gpio"}
,[6.4.2023 | 18:12:15] {"client-id":"ba0fe78e-7a16-4a92-be3a-03c8d56a3133","gpioa":0,"gpiob":0,"gpioc":32768,"gpiod":16464,"gpioe":4352,"modeltime":0,"type":"gpio"}
,[6.4.2023 | 18:12:15] {"client-id":"ba0fe78e-7a16-4a92-be3a-03c8d56a3133","gpioa":0,"gpiob":0,"gpioc":32768,"gpiod":16464,"gpioe":4352,"modeltime":0,"type":"gpio"}
,[6.4.2023 | 18:12:15] {"client-id":"ba0fe78e-7a16-4a92-be3a-03c8d56a3133","gpioa":0,"gpiob":0,"gpioc":32768,"gpiod":16464,"gpioe":4352,"modeltime":0,"type":"gpio"}
,[6.4.2023 | 18:12:15] {"client-id":"ba0fe78e-7a16-4a92-be3a-03c8d56a3133","gpioa":0,"gpiob":0,"gpioc":32768,"gpiod":16464,"gpioe":4352,"modeltime":0,"type":"gpio"}
,[6.4.2023 | 18:12:15] {"client-id":"ba0fe78e-7a16-4a92-be3a-03c8d56a3133","gpioa":0,"gpiob":0,"gpioc":32768,"gpiod":16464,"gpioe":4352,"modeltime":0,"type":"gpio"}
,[6.4.2023 | 18:12:15] {"client-id":"ba0fe78e-7a16-4a92-be3a-03c8d56a3133","gpioa":0,"gpiob":0,"gpioc":32768,"gpiod":16464,"gpioe":4352,"modeltime":0,"type":"gpio"}
,[6.4.2023 | 18:12:15] {"client-id":"ba0fe78e-7a16-4a92-be3a-03c8d56a3133","gpioa":0,"gpiob":0,"gpioc":32768,"gpiod":16464,"gpioe":4352,"modeltime":0,"type":"gpio"}
,[6.4.2023 | 18:12:15] {"client-id":"ba0fe78e-7a16-4a92-be3a-03c8d56a3133","gpioa":0,"gpiob":0,"gpioc":32768,"gpiod":16464,"gpioe":4352,"modeltime":0,"type":"gpio"}
,[6.4.2023 | 18:12:15] {"client-id":"ba0fe78e-7a16-4a92-be3a-03c8d56a3133","gpioa":0,"gpiob":0,"gpioc":32768,"gpiod":16464,"gpioe":4352,"modeltime":0,"type":"gpio"}
,[6.4.2023 | 18:12:16] {"client-id":"ba0fe78e-7a16-4a92-be3a-03c8d56a3133","gpioa":0,"gpiob":0,"gpioc":32768,"gpiod":16464,"gpioe":4352,"modeltime":0,"type":"gpio"}
,[6.4.2023 | 18:12:16] {"client-id":"ba0fe78e-7a16-4a92-be3a-03c8d56a3133","gpioa":0,"gpiob":0,"gpioc":32768,"gpiod":16464,"gpioe":4352,"modeltime":0,"type":"gpio"}
,[6.4.2023 | 18:12:16] {"client-id":"ba0fe78e-7a16-4a92-be3a-03c8d56a3133","gpioa":0,"gpiob":0,"gpioc":32768,"gpiod":16464,"gpioe":4352,"modeltime":0,"type":"gpio"}
,[6.4.2023 | 18:12:16] {"client-id":"ba0fe78e-7a16-4a92-be3a-03c8d56a3133","gpioa":0,"gpiob":0,"gpioc":32768,"gpiod":16464,"gpioe":4352,"modeltime":0,"type":"gpio"}
,[6.4.2023 | 18:12:16] {"client-id":"ba0fe78e-7a16-4a92-be3a-03c8d56a3133","gpioa":0,"gpiob":0,"gpioc":32768,"gpiod":16464,"gpioe":4352,"modeltime":0,"type":"gpio"}
,[6.4.2023 | 18:12:16] {"client-id":"ba0fe78e-7a16-4a92-be3a-03c8d56a3133","gpioa":0,"gpiob":0,"gpioc":32768,"gpiod":16464,"gpioe":4352,"modeltime":0,"type":"gpio"}
,[6.4.2023 | 18:12:16] {"client-id":"ba0fe78e-7a16-4a92-be3a-03c8d56a3133","gpioa":0,"gpiob":0,"gpioc":32768,"gpiod":16464,"gpioe":4352,"modeltime":0,"type":"gpio"}
,[6.4.2023 | 18:12:16] {"client-id":"ba0fe78e-7a16-4a92-be3a-03c8d56a3133","gpioa":0,"gpiob":0,"gpioc":32768,"gpiod":16464,"gpioe":4352,"modeltime":0,"type":"gpio"}
,[6.4.2023 | 18:12:16] {"client-id":"ba0fe78e-7a16-4a92-be3a-03c8d56a3133","gpioa":0,"gpiob":0,"gpioc":32768,"gpiod":16464,"gpioe":4352,"modeltime":0,"type":"gpio"}
,[6.4.2023 | 18:12:16] {"client-id":"ba0fe78e-7a16-4a92-be3a-03c8d56a3133","gpioa":0,"gpiob":0,"gpioc":32768,"gpiod":16464,"gpioe":4352,"modeltime":0,"type":"gpio"}
,[6.4.2023 | 18:12:17] {"client-id":"ba0fe78e-7a16-4a92-be3a-03c8d56a3133","gpioa":0,"gpiob":0,"gpioc":32768,"gpiod":16464,"gpioe":4352,"modeltime":0,"type":"gpio"}
,[6.4.2023 | 18:12:17] {"client-id":"ba0fe78e-7a16-4a92-be3a-03c8d56a3133","gpioa":0,"gpiob":0,"gpioc":32768,"gpiod":16464,"gpioe":4352,"modeltime":0,"type":"gpio"}
,[6.4.2023 | 18:12:17] {"client-id":"ba0fe78e-7a16-4a92-be3a-03c8d56a3133","gpioa":0,"gpiob":0,"gpioc":32768,"gpiod":16464,"gpioe":4352,"modeltime":0,"type":"gpio"}
,[6.4.2023 | 18:12:17] {"client-id":"ba0fe78e-7a16-4a92-be3a-03c8d56a3133","gpioa":0,"gpiob":0,"gpioc":32768,"gpiod":16464,"gpioe":4352,"modeltime":0,"type":"gpio"}
,[6.4.2023 | 18:12:17] {"client-id":"ba0fe78e-7a16-4a92-be3a-03c8d56a3133","gpioa":0,"gpiob":0,"gpioc":32768,"gpiod":16464,"gpioe":4352,"modeltime":0,"type":"gpio"}
,[6.4.2023 | 18:12:17] {"client-id":"ba0fe78e-7a16-4a92-be3a-03c8d56a3133","gpioa":0,"gpiob":0,"gpioc":32768,"gpiod":16464,"gpioe":4352,"modeltime":0,"type":"gpio"}
,[6.4.2023 | 18:12:17] {"client-id":"ba0fe78e-7a16-4a92-be3a-03c8d56a3133","gpioa":0,"gpiob":0,"gpioc":32768,"gpiod":16464,"gpioe":4352,"modeltime":0,"type":"gpio"}
,[6.4.2023 | 18:12:17] {"client-id":"ba0fe78e-7a16-4a92-be3a-03c8d56a3133","gpioa":0,"gpiob":0,"gpioc":32768,"gpiod":16464,"gpioe":4352,"modeltime":0,"type":"gpio"}
,[6.4.2023 | 18:12:17] {"client-id":"ba0fe78e-7a16-4a92-be3a-03c8d56a3133","gpioa":0,"gpiob":0,"gpioc":32768,"gpiod":16464,"gpioe":4352,"modeltime":0,"type":"gpio"}
,[6.4.2023 | 18:12:17] {"client-id":"ba0fe78e-7a16-4a92-be3a-03c8d56a3133","gpioa":0,"gpiob":0,"gpioc":32768,"gpiod":16464,"gpioe":4352,"modeltime":0,"type":"gpio"}
,[6.4.2023 | 18:12:18] {"client-id":"ba0fe78e-7a16-4a92-be3a-03c8d56a3133","gpioa":0,"gpiob":0,"gpioc":32768,"gpiod":16464,"gpioe":4352,"modeltime":0,"type":"gpio"}
,[6.4.2023 | 18:12:18] {"client-id":"ba0fe78e-7a16-4a92-be3a-03c8d56a3133","gpioa":0,"gpiob":0,"gpioc":32768,"gpiod":16464,"gpioe":4352,"modeltime":0,"type":"gpio"}
,[6.4.2023 | 18:12:18] {"client-id":"ba0fe78e-7a16-4a92-be3a-03c8d56a3133","gpioa":0,"gpiob":0,"gpioc":32768,"gpiod":16464,"gpioe":4352,"modeltime":0,"type":"gpio"}
,[6.4.2023 | 18:12:18] {"client-id":"ba0fe78e-7a16-4a92-be3a-03c8d56a3133","gpioa":0,"gpiob":0,"gpioc":32768,"gpiod":16464,"gpioe":4352,"modeltime":0,"type":"gpio"}
,[6.4.2023 | 18:12:18] {"client-id":"ba0fe78e-7a16-4a92-be3a-03c8d56a3133","gpioa":0,"gpiob":0,"gpioc":32768,"gpiod":16464,"gpioe":4352,"modeltime":0,"type":"gpio"}
,[6.4.2023 | 18:12:18] {"client-id":"ba0fe78e-7a16-4a92-be3a-03c8d56a3133","gpioa":0,"gpiob":0,"gpioc":32768,"gpiod":16464,"gpioe":4352,"modeltime":0,"type":"gpio"}
,[6.4.2023 | 18:12:18] {"client-id":"ba0fe78e-7a16-4a92-be3a-03c8d56a3133","gpioa":0,"gpiob":0,"gpioc":32768,"gpiod":16464,"gpioe":4352,"modeltime":0,"type":"gpio"}
,[6.4.2023 | 18:12:18] {"client-id":"ba0fe78e-7a16-4a92-be3a-03c8d56a3133","gpioa":0,"gpiob":0,"gpioc":32768,"gpiod":16464,"gpioe":4352,"modeltime":0,"type":"gpio"}
,[6.4.2023 | 18:12:18] {"client-id":"ba0fe78e-7a16-4a92-be3a-03c8d56a3133","gpioa":0,"gpiob":0,"gpioc":32768,"gpiod":16464,"gpioe":4352,"modeltime":0,"type":"gpio"}
,[6.4.2023 | 18:12:18] {"client-id":"ba0fe78e-7a16-4a92-be3a-03c8d56a3133","gpioa":0,"gpiob":0,"gpioc":32768,"gpiod":16464,"gpioe":4352,"modeltime":0,"type":"gpio"}
,[6.4.2023 | 18:12:19] {"client-id":"ba0fe78e-7a16-4a92-be3a-03c8d56a3133","gpioa":0,"gpiob":0,"gpioc":32768,"gpiod":16464,"gpioe":4352,"modeltime":0,"type":"gpio"}
,[6.4.2023 | 18:12:19] {"client-id":"ba0fe78e-7a16-4a92-be3a-03c8d56a3133","gpioa":0,"gpiob":0,"gpioc":32768,"gpiod":16464,"gpioe":4352,"modeltime":0,"type":"gpio"}
,[6.4.2023 | 18:12:19] {"client-id":"ba0fe78e-7a16-4a92-be3a-03c8d56a3133","gpioa":0,"gpiob":0,"gpioc":32768,"gpiod":16464,"gpioe":4352,"modeltime":0,"type":"gpio"}
,[6.4.2023 | 18:12:19] {"client-id":"ba0fe78e-7a16-4a92-be3a-03c8d56a3133","gpioa":0,"gpiob":0,"gpioc":32768,"gpiod":16464,"gpioe":4352,"modeltime":0,"type":"gpio"}
,[6.4.2023 | 18:12:19] {"client-id":"ba0fe78e-7a16-4a92-be3a-03c8d56a3133","gpioa":0,"gpiob":0,"gpioc":32768,"gpiod":16464,"gpioe":4352,"modeltime":0,"type":"gpio"}
,[6.4.2023 | 18:12:19] {"client-id":"ba0fe78e-7a16-4a92-be3a-03c8d56a3133","gpioa":0,"gpiob":0,"gpioc":32768,"gpiod":16464,"gpioe":4352,"modeltime":0,"type":"gpio"}
,[6.4.2023 | 18:12:19] {"client-id":"ba0fe78e-7a16-4a92-be3a-03c8d56a3133","gpioa":0,"gpiob":0,"gpioc":32768,"gpiod":16464,"gpioe":4352,"modeltime":0,"type":"gpio"}
,[6.4.2023 | 18:12:20] {"client-id":"ba0fe78e-7a16-4a92-be3a-03c8d56a3133","gpioa":0,"gpiob":0,"gpioc":32768,"gpiod":16464,"gpioe":4352,"modeltime":0,"type":"gpio"}
,[6.4.2023 | 18:12:21] {"client-id":"ba0fe78e-7a16-4a92-be3a-03c8d56a3133","gpioa":0,"gpiob":0,"gpioc":32768,"gpiod":16464,"gpioe":4352,"modeltime":0,"type":"gpio"}
,[6.4.2023 | 18:12:22] {"client-id":"ba0fe78e-7a16-4a92-be3a-03c8d56a3133","gpioa":0,"gpiob":0,"gpioc":32768,"gpiod":16464,"gpioe":4352,"modeltime":0,"type":"gpio"}
,[6.4.2023 | 18:12:23] {"client-id":"ba0fe78e-7a16-4a92-be3a-03c8d56a3133","gpioa":0,"gpiob":0,"gpioc":32768,"gpiod":16464,"gpioe":4352,"modeltime":0,"type":"gpio"}
,[6.4.2023 | 18:12:24] {"client-id":"ba0fe78e-7a16-4a92-be3a-03c8d56a3133","gpioa":0,"gpiob":0,"gpioc":32768,"gpiod":16464,"gpioe":4352,"modeltime":0,"type":"gpio"}
,[6.4.2023 | 18:12:25] {"client-id":"ba0fe78e-7a16-4a92-be3a-03c8d56a3133","gpioa":0,"gpiob":0,"gpioc":32768,"gpiod":16464,"gpioe":4352,"modeltime":0,"type":"gpio"}
,[6.4.2023 | 18:12:26] {"client-id":"ba0fe78e-7a16-4a92-be3a-03c8d56a3133","gpioa":0,"gpiob":0,"gpioc":32768,"gpiod":16464,"gpioe":4352,"modeltime":0,"type":"gpio"}
,[6.4.2023 | 18:12:27] {"client-id":"ba0fe78e-7a16-4a92-be3a-03c8d56a3133","gpioa":0,"gpiob":0,"gpioc":32768,"gpiod":16464,"gpioe":4352,"modeltime":0,"type":"gpio"}
,[6.4.2023 | 18:12:28] {"client-id":"ba0fe78e-7a16-4a92-be3a-03c8d56a3133","gpioa":0,"gpiob":0,"gpioc":32768,"gpiod":16464,"gpioe":4352,"modeltime":0,"type":"gpio"}
,[6.4.2023 | 18:12:29] {"client-id":"ba0fe78e-7a16-4a92-be3a-03c8d56a3133","gpioa":0,"gpiob":0,"gpioc":32768,"gpiod":16464,"gpioe":4352,"modeltime":0,"type":"gpio"}
,[6.4.2023 | 18:12:30] {"client-id":"ba0fe78e-7a16-4a92-be3a-03c8d56a3133","gpioa":0,"gpiob":0,"gpioc":32768,"gpiod":16464,"gpioe":4352,"modeltime":0,"type":"gpio"}
,[6.4.2023 | 18:12:31] {"client-id":"ba0fe78e-7a16-4a92-be3a-03c8d56a3133","gpioa":0,"gpiob":0,"gpioc":32768,"gpiod":16464,"gpioe":4352,"modeltime":0,"type":"gpio"}
,[6.4.2023 | 18:12:31] {"client-id":"ba0fe78e-7a16-4a92-be3a-03c8d56a3133","gpioa":0,"gpiob":0,"gpioc":32768,"gpiod":16464,"gpioe":4352,"modeltime":0,"type":"gpio"}
,[6.4.2023 | 18:12:31] {"client-id":"ba0fe78e-7a16-4a92-be3a-03c8d56a3133","gpioa":0,"gpiob":0,"gpioc":32768,"gpiod":16464,"gpioe":4352,"modeltime":0,"type":"gpio"}
,[6.4.2023 | 18:12:31] {"client-id":"ba0fe78e-7a16-4a92-be3a-03c8d56a3133","gpioa":0,"gpiob":0,"gpioc":32768,"gpiod":16464,"gpioe":4352,"modeltime":0,"type":"gpio"}
,[6.4.2023 | 18:12:31] {"client-id":"ba0fe78e-7a16-4a92-be3a-03c8d56a3133","gpioa":0,"gpiob":0,"gpioc":32768,"gpiod":16464,"gpioe":4352,"modeltime":0,"type":"gpio"}
,[6.4.2023 | 18:12:32] {"client-id":"ba0fe78e-7a16-4a92-be3a-03c8d56a3133","gpioa":0,"gpiob":0,"gpioc":32768,"gpiod":16464,"gpioe":4352,"modeltime":0,"type":"gpio"}
,[6.4.2023 | 18:12:32] {"client-id":"ba0fe78e-7a16-4a92-be3a-03c8d56a3133","gpioa":0,"gpiob":0,"gpioc":32768,"gpiod":16464,"gpioe":4352,"modeltime":0,"type":"gpio"}
,[6.4.2023 | 18:12:32] {"client-id":"ba0fe78e-7a16-4a92-be3a-03c8d56a3133","gpioa":0,"gpiob":0,"gpioc":32768,"gpiod":16464,"gpioe":4352,"modeltime":0,"type":"gpio"}
,[6.4.2023 | 18:12:32] {"client-id":"ba0fe78e-7a16-4a92-be3a-03c8d56a3133","gpioa":0,"gpiob":0,"gpioc":32768,"gpiod":16464,"gpioe":4352,"modeltime":0,"type":"gpio"}
,[6.4.2023 | 18:12:32] {"client-id":"ba0fe78e-7a16-4a92-be3a-03c8d56a3133","gpioa":0,"gpiob":0,"gpioc":32768,"gpiod":16464,"gpioe":4352,"modeltime":0,"type":"gpio"}
,[6.4.2023 | 18:12:32] {"client-id":"ba0fe78e-7a16-4a92-be3a-03c8d56a3133","gpioa":0,"gpiob":0,"gpioc":32768,"gpiod":16464,"gpioe":4352,"modeltime":0,"type":"gpio"}
,[6.4.2023 | 18:12:32] {"client-id":"ba0fe78e-7a16-4a92-be3a-03c8d56a3133","gpioa":0,"gpiob":0,"gpioc":32768,"gpiod":16464,"gpioe":4352,"modeltime":0,"type":"gpio"}
,[6.4.2023 | 18:12:32] {"client-id":"ba0fe78e-7a16-4a92-be3a-03c8d56a3133","gpioa":0,"gpiob":0,"gpioc":32768,"gpiod":16464,"gpioe":4352,"modeltime":0,"type":"gpio"}
,[6.4.2023 | 18:12:32] {"client-id":"ba0fe78e-7a16-4a92-be3a-03c8d56a3133","gpioa":0,"gpiob":0,"gpioc":32768,"gpiod":16464,"gpioe":4352,"modeltime":0,"type":"gpio"}
,[6.4.2023 | 18:12:32] {"client-id":"ba0fe78e-7a16-4a92-be3a-03c8d56a3133","gpioa":0,"gpiob":0,"gpioc":32768,"gpiod":16464,"gpioe":4352,"modeltime":0,"type":"gpio"}
,[6.4.2023 | 18:12:33] {"client-id":"ba0fe78e-7a16-4a92-be3a-03c8d56a3133","gpioa":0,"gpiob":0,"gpioc":32768,"gpiod":16464,"gpioe":4352,"modeltime":0,"type":"gpio"}
,[6.4.2023 | 18:12:33] {"client-id":"ba0fe78e-7a16-4a92-be3a-03c8d56a3133","gpioa":0,"gpiob":0,"gpioc":32768,"gpiod":16464,"gpioe":4352,"modeltime":0,"type":"gpio"}
,[6.4.2023 | 18:12:33] {"client-id":"ba0fe78e-7a16-4a92-be3a-03c8d56a3133","gpioa":0,"gpiob":0,"gpioc":32768,"gpiod":16464,"gpioe":4352,"modeltime":0,"type":"gpio"}
,[6.4.2023 | 18:12:33] {"client-id":"ba0fe78e-7a16-4a92-be3a-03c8d56a3133","gpioa":0,"gpiob":0,"gpioc":32768,"gpiod":16464,"gpioe":4352,"modeltime":0,"type":"gpio"}
,[6.4.2023 | 18:12:33] {"client-id":"ba0fe78e-7a16-4a92-be3a-03c8d56a3133","gpioa":0,"gpiob":0,"gpioc":32768,"gpiod":16464,"gpioe":4352,"modeltime":0,"type":"gpio"}
,[6.4.2023 | 18:12:33] {"client-id":"ba0fe78e-7a16-4a92-be3a-03c8d56a3133","gpioa":0,"gpiob":0,"gpioc":32768,"gpiod":16464,"gpioe":4352,"modeltime":0,"type":"gpio"}
,[6.4.2023 | 18:12:33] {"client-id":"ba0fe78e-7a16-4a92-be3a-03c8d56a3133","gpioa":0,"gpiob":0,"gpioc":32768,"gpiod":16464,"gpioe":4352,"modeltime":0,"type":"gpio"}
,[6.4.2023 | 18:12:33] {"client-id":"ba0fe78e-7a16-4a92-be3a-03c8d56a3133","gpioa":0,"gpiob":0,"gpioc":32768,"gpiod":16464,"gpioe":4352,"modeltime":0,"type":"gpio"}
,[6.4.2023 | 18:12:33] {"client-id":"ba0fe78e-7a16-4a92-be3a-03c8d56a3133","gpioa":0,"gpiob":0,"gpioc":32768,"gpiod":16464,"gpioe":4352,"modeltime":0,"type":"gpio"}
,[6.4.2023 | 18:12:33] {"client-id":"ba0fe78e-7a16-4a92-be3a-03c8d56a3133","gpioa":0,"gpiob":0,"gpioc":32768,"gpiod":16464,"gpioe":4352,"modeltime":0,"type":"gpio"}
,[6.4.2023 | 18:12:34] {"client-id":"ba0fe78e-7a16-4a92-be3a-03c8d56a3133","gpioa":0,"gpiob":0,"gpioc":32768,"gpiod":16464,"gpioe":4352,"modeltime":0,"type":"gpio"}
,[6.4.2023 | 18:12:34] {"client-id":"ba0fe78e-7a16-4a92-be3a-03c8d56a3133","gpioa":0,"gpiob":0,"gpioc":32768,"gpiod":16464,"gpioe":4352,"modeltime":0,"type":"gpio"}
,[6.4.2023 | 18:12:34] {"client-id":"ba0fe78e-7a16-4a92-be3a-03c8d56a3133","gpioa":0,"gpiob":0,"gpioc":32768,"gpiod":16464,"gpioe":4352,"modeltime":0,"type":"gpio"}
,[6.4.2023 | 18:12:34] {"client-id":"ba0fe78e-7a16-4a92-be3a-03c8d56a3133","gpioa":0,"gpiob":0,"gpioc":32768,"gpiod":16464,"gpioe":4352,"modeltime":0,"type":"gpio"}
,[6.4.2023 | 18:12:34] {"client-id":"ba0fe78e-7a16-4a92-be3a-03c8d56a3133","gpioa":0,"gpiob":0,"gpioc":32768,"gpiod":16464,"gpioe":4352,"modeltime":0,"type":"gpio"}
,[6.4.2023 | 18:12:34] {"client-id":"ba0fe78e-7a16-4a92-be3a-03c8d56a3133","gpioa":0,"gpiob":0,"gpioc":32768,"gpiod":16464,"gpioe":4352,"modeltime":0,"type":"gpio"}
,[6.4.2023 | 18:12:34] {"client-id":"ba0fe78e-7a16-4a92-be3a-03c8d56a3133","gpioa":0,"gpiob":0,"gpioc":32768,"gpiod":16400,"gpioe":256,"modeltime":0,"type":"gpio"}
,[6.4.2023 | 18:12:34] {"client-id":"ba0fe78e-7a16-4a92-be3a-03c8d56a3133","gpioa":0,"gpiob":0,"gpioc":32768,"gpiod":16400,"gpioe":256,"modeltime":0,"type":"gpio"}
,[6.4.2023 | 18:12:34] {"client-id":"ba0fe78e-7a16-4a92-be3a-03c8d56a3133","gpioa":0,"gpiob":0,"gpioc":32768,"gpiod":16400,"gpioe":256,"modeltime":0,"type":"gpio"}
,[6.4.2023 | 18:12:34] {"client-id":"ba0fe78e-7a16-4a92-be3a-03c8d56a3133","gpioa":0,"gpiob":0,"gpioc":32768,"gpiod":16400,"gpioe":256,"modeltime":0,"type":"gpio"}
,[6.4.2023 | 18:12:35] {"client-id":"ba0fe78e-7a16-4a92-be3a-03c8d56a3133","gpioa":0,"gpiob":0,"gpioc":32768,"gpiod":16400,"gpioe":256,"modeltime":0,"type":"gpio"}
,[6.4.2023 | 18:12:35] {"client-id":"ba0fe78e-7a16-4a92-be3a-03c8d56a3133","gpioa":0,"gpiob":0,"gpioc":32768,"gpiod":16400,"gpioe":256,"modeltime":0,"type":"gpio"}
,[6.4.2023 | 18:12:35] {"client-id":"ba0fe78e-7a16-4a92-be3a-03c8d56a3133","gpioa":0,"gpiob":0,"gpioc":32768,"gpiod":16400,"gpioe":256,"modeltime":0,"type":"gpio"}
,[6.4.2023 | 18:12:35] {"client-id":"ba0fe78e-7a16-4a92-be3a-03c8d56a3133","gpioa":0,"gpiob":0,"gpioc":32768,"gpiod":16400,"gpioe":256,"modeltime":0,"type":"gpio"}
,[6.4.2023 | 18:12:35] {"client-id":"ba0fe78e-7a16-4a92-be3a-03c8d56a3133","gpioa":0,"gpiob":0,"gpioc":32768,"gpiod":16400,"gpioe":256,"modeltime":0,"type":"gpio"}
,[6.4.2023 | 18:12:35] {"client-id":"ba0fe78e-7a16-4a92-be3a-03c8d56a3133","gpioa":0,"gpiob":0,"gpioc":32768,"gpiod":16400,"gpioe":256,"modeltime":0,"type":"gpio"}
,[6.4.2023 | 18:12:35] {"client-id":"ba0fe78e-7a16-4a92-be3a-03c8d56a3133","gpioa":0,"gpiob":0,"gpioc":32768,"gpiod":16400,"gpioe":256,"modeltime":0,"type":"gpio"}
,[6.4.2023 | 18:12:35] {"client-id":"ba0fe78e-7a16-4a92-be3a-03c8d56a3133","gpioa":0,"gpiob":0,"gpioc":32768,"gpiod":16400,"gpioe":256,"modeltime":0,"type":"gpio"}
,[6.4.2023 | 18:12:35] {"client-id":"ba0fe78e-7a16-4a92-be3a-03c8d56a3133","gpioa":0,"gpiob":0,"gpioc":32768,"gpiod":16400,"gpioe":256,"modeltime":0,"type":"gpio"}
,[6.4.2023 | 18:12:35] {"client-id":"ba0fe78e-7a16-4a92-be3a-03c8d56a3133","gpioa":0,"gpiob":0,"gpioc":32768,"gpiod":16400,"gpioe":256,"modeltime":0,"type":"gpio"}
,[6.4.2023 | 18:12:36] {"client-id":"ba0fe78e-7a16-4a92-be3a-03c8d56a3133","gpioa":0,"gpiob":0,"gpioc":32768,"gpiod":16400,"gpioe":0,"modeltime":0,"type":"gpio"}
,[6.4.2023 | 18:12:36] {"client-id":"ba0fe78e-7a16-4a92-be3a-03c8d56a3133","gpioa":0,"gpiob":0,"gpioc":32768,"gpiod":16384,"gpioe":0,"modeltime":0,"type":"gpio"}
,[6.4.2023 | 18:12:36] {"client-id":"ba0fe78e-7a16-4a92-be3a-03c8d56a3133","gpioa":0,"gpiob":0,"gpioc":32768,"gpiod":16384,"gpioe":0,"modeltime":0,"type":"gpio"}
,[6.4.2023 | 18:12:36] {"client-id":"ba0fe78e-7a16-4a92-be3a-03c8d56a3133","gpioa":0,"gpiob":0,"gpioc":32768,"gpiod":16384,"gpioe":0,"modeltime":0,"type":"gpio"}
,[6.4.2023 | 18:12:36] {"client-id":"ba0fe78e-7a16-4a92-be3a-03c8d56a3133","gpioa":0,"gpiob":0,"gpioc":32768,"gpiod":16384,"gpioe":0,"modeltime":0,"type":"gpio"}
,[6.4.2023 | 18:12:36] {"client-id":"ba0fe78e-7a16-4a92-be3a-03c8d56a3133","gpioa":0,"gpiob":0,"gpioc":32768,"gpiod":16384,"gpioe":0,"modeltime":0,"type":"gpio"}
,[6.4.2023 | 18:12:36] {"client-id":"ba0fe78e-7a16-4a92-be3a-03c8d56a3133","gpioa":0,"gpiob":0,"gpioc":32768,"gpiod":16384,"gpioe":0,"modeltime":0,"type":"gpio"}
,[6.4.2023 | 18:12:36] {"client-id":"ba0fe78e-7a16-4a92-be3a-03c8d56a3133","gpioa":0,"gpiob":0,"gpioc":32768,"gpiod":16384,"gpioe":0,"modeltime":0,"type":"gpio"}
,[6.4.2023 | 18:12:36] {"client-id":"ba0fe78e-7a16-4a92-be3a-03c8d56a3133","gpioa":0,"gpiob":0,"gpioc":32768,"gpiod":16384,"gpioe":0,"modeltime":0,"type":"gpio"}
,[6.4.2023 | 18:12:36] {"client-id":"ba0fe78e-7a16-4a92-be3a-03c8d56a3133","gpioa":0,"gpiob":0,"gpioc":32768,"gpiod":16384,"gpioe":0,"modeltime":0,"type":"gpio"}
,[6.4.2023 | 18:12:37] {"client-id":"ba0fe78e-7a16-4a92-be3a-03c8d56a3133","gpioa":0,"gpiob":0,"gpioc":32768,"gpiod":16384,"gpioe":4096,"modeltime":0,"type":"gpio"}
,[6.4.2023 | 18:12:37] {"client-id":"ba0fe78e-7a16-4a92-be3a-03c8d56a3133","gpioa":0,"gpiob":0,"gpioc":32768,"gpiod":16448,"gpioe":4096,"modeltime":0,"type":"gpio"}
,[6.4.2023 | 18:12:37] {"client-id":"ba0fe78e-7a16-4a92-be3a-03c8d56a3133","gpioa":0,"gpiob":0,"gpioc":32768,"gpiod":16448,"gpioe":4096,"modeltime":0,"type":"gpio"}
,[6.4.2023 | 18:12:37] {"client-id":"ba0fe78e-7a16-4a92-be3a-03c8d56a3133","gpioa":0,"gpiob":0,"gpioc":32768,"gpiod":16448,"gpioe":4096,"modeltime":0,"type":"gpio"}
,[6.4.2023 | 18:12:37] {"client-id":"ba0fe78e-7a16-4a92-be3a-03c8d56a3133","gpioa":0,"gpiob":0,"gpioc":32768,"gpiod":16448,"gpioe":4096,"modeltime":0,"type":"gpio"}
,[6.4.2023 | 18:12:37] {"client-id":"ba0fe78e-7a16-4a92-be3a-03c8d56a3133","gpioa":0,"gpiob":0,"gpioc":32768,"gpiod":16448,"gpioe":4096,"modeltime":0,"type":"gpio"}
,[6.4.2023 | 18:12:37] {"client-id":"ba0fe78e-7a16-4a92-be3a-03c8d56a3133","gpioa":0,"gpiob":0,"gpioc":32768,"gpiod":16448,"gpioe":4096,"modeltime":0,"type":"gpio"}
,[6.4.2023 | 18:12:37] {"client-id":"ba0fe78e-7a16-4a92-be3a-03c8d56a3133","gpioa":0,"gpiob":0,"gpioc":32768,"gpiod":16448,"gpioe":4096,"modeltime":0,"type":"gpio"}
,[6.4.2023 | 18:12:37] {"client-id":"ba0fe78e-7a16-4a92-be3a-03c8d56a3133","gpioa":0,"gpiob":0,"gpioc":32768,"gpiod":16480,"gpioe":5120,"modeltime":0,"type":"gpio"}
,[6.4.2023 | 18:12:37] {"client-id":"ba0fe78e-7a16-4a92-be3a-03c8d56a3133","gpioa":0,"gpiob":0,"gpioc":32768,"gpiod":16480,"gpioe":5120,"modeltime":0,"type":"gpio"}
,[6.4.2023 | 18:12:38] {"client-id":"ba0fe78e-7a16-4a92-be3a-03c8d56a3133","gpioa":0,"gpiob":0,"gpioc":32768,"gpiod":16480,"gpioe":5120,"modeltime":0,"type":"gpio"}
,[6.4.2023 | 18:12:38] {"client-id":"ba0fe78e-7a16-4a92-be3a-03c8d56a3133","gpioa":0,"gpiob":0,"gpioc":32768,"gpiod":16480,"gpioe":5120,"modeltime":0,"type":"gpio"}
,[6.4.2023 | 18:12:38] {"client-id":"ba0fe78e-7a16-4a92-be3a-03c8d56a3133","gpioa":0,"gpiob":0,"gpioc":32768,"gpiod":16480,"gpioe":5120,"modeltime":0,"type":"gpio"}
,[6.4.2023 | 18:12:38] {"client-id":"ba0fe78e-7a16-4a92-be3a-03c8d56a3133","gpioa":0,"gpiob":0,"gpioc":32768,"gpiod":16480,"gpioe":5120,"modeltime":0,"type":"gpio"}
,[6.4.2023 | 18:12:38] {"client-id":"ba0fe78e-7a16-4a92-be3a-03c8d56a3133","gpioa":0,"gpiob":0,"gpioc":32768,"gpiod":16480,"gpioe":5120,"modeltime":0,"type":"gpio"}
,[6.4.2023 | 18:12:38] {"client-id":"ba0fe78e-7a16-4a92-be3a-03c8d56a3133","gpioa":0,"gpiob":0,"gpioc":32768,"gpiod":16480,"gpioe":5120,"modeltime":0,"type":"gpio"}
,[6.4.2023 | 18:12:38] {"client-id":"ba0fe78e-7a16-4a92-be3a-03c8d56a3133","gpioa":0,"gpiob":0,"gpioc":32768,"gpiod":16480,"gpioe":5120,"modeltime":0,"type":"gpio"}
,[6.4.2023 | 18:12:38] {"client-id":"ba0fe78e-7a16-4a92-be3a-03c8d56a3133","gpioa":0,"gpiob":0,"gpioc":32768,"gpiod":16480,"gpioe":5120,"modeltime":0,"type":"gpio"}
,[6.4.2023 | 18:12:38] {"client-id":"ba0fe78e-7a16-4a92-be3a-03c8d56a3133","gpioa":0,"gpiob":0,"gpioc":32768,"gpiod":16480,"gpioe":5120,"modeltime":0,"type":"gpio"}
,[6.4.2023 | 18:12:38] {"client-id":"ba0fe78e-7a16-4a92-be3a-03c8d56a3133","gpioa":0,"gpiob":0,"gpioc":32768,"gpiod":16480,"gpioe":5120,"modeltime":0,"type":"gpio"}
,[6.4.2023 | 18:12:39] {"client-id":"ba0fe78e-7a16-4a92-be3a-03c8d56a3133","gpioa":0,"gpiob":0,"gpioc":32768,"gpiod":16480,"gpioe":5120,"modeltime":0,"type":"gpio"}
,[6.4.2023 | 18:12:39] {"client-id":"ba0fe78e-7a16-4a92-be3a-03c8d56a3133","gpioa":0,"gpiob":0,"gpioc":32768,"gpiod":16480,"gpioe":5120,"modeltime":0,"type":"gpio"}
,[6.4.2023 | 18:12:39] {"client-id":"ba0fe78e-7a16-4a92-be3a-03c8d56a3133","gpioa":0,"gpiob":0,"gpioc":32768,"gpiod":16480,"gpioe":5120,"modeltime":0,"type":"gpio"}
,[6.4.2023 | 18:12:39] {"client-id":"ba0fe78e-7a16-4a92-be3a-03c8d56a3133","gpioa":0,"gpiob":0,"gpioc":32768,"gpiod":16480,"gpioe":5120,"modeltime":0,"type":"gpio"}
,[6.4.2023 | 18:12:39] {"client-id":"ba0fe78e-7a16-4a92-be3a-03c8d56a3133","gpioa":0,"gpiob":0,"gpioc":32768,"gpiod":16480,"gpioe":5120,"modeltime":0,"type":"gpio"}
,[6.4.2023 | 18:12:39] {"client-id":"ba0fe78e-7a16-4a92-be3a-03c8d56a3133","gpioa":0,"gpiob":0,"gpioc":32768,"gpiod":16480,"gpioe":5120,"modeltime":0,"type":"gpio"}
,[6.4.2023 | 18:12:39] {"client-id":"ba0fe78e-7a16-4a92-be3a-03c8d56a3133","gpioa":0,"gpiob":0,"gpioc":32768,"gpiod":16480,"gpioe":5120,"modeltime":0,"type":"gpio"}
,[6.4.2023 | 18:12:39] {"client-id":"ba0fe78e-7a16-4a92-be3a-03c8d56a3133","gpioa":0,"gpiob":0,"gpioc":32768,"gpiod":16480,"gpioe":5120,"modeltime":0,"type":"gpio"}
,[6.4.2023 | 18:12:39] {"client-id":"ba0fe78e-7a16-4a92-be3a-03c8d56a3133","gpioa":0,"gpiob":0,"gpioc":32768,"gpiod":16480,"gpioe":5120,"modeltime":0,"type":"gpio"}
,[6.4.2023 | 18:12:39] {"client-id":"ba0fe78e-7a16-4a92-be3a-03c8d56a3133","gpioa":0,"gpiob":0,"gpioc":32768,"gpiod":16480,"gpioe":5120,"modeltime":0,"type":"gpio"}
,[6.4.2023 | 18:12:40] {"client-id":"ba0fe78e-7a16-4a92-be3a-03c8d56a3133","gpioa":0,"gpiob":0,"gpioc":32768,"gpiod":16480,"gpioe":5120,"modeltime":0,"type":"gpio"}
,[6.4.2023 | 18:12:40] {"client-id":"ba0fe78e-7a16-4a92-be3a-03c8d56a3133","gpioa":0,"gpiob":0,"gpioc":32768,"gpiod":16480,"gpioe":5120,"modeltime":0,"type":"gpio"}
,[6.4.2023 | 18:12:40] {"client-id":"ba0fe78e-7a16-4a92-be3a-03c8d56a3133","gpioa":0,"gpiob":0,"gpioc":32768,"gpiod":16480,"gpioe":5120,"modeltime":0,"type":"gpio"}
,[6.4.2023 | 18:12:40] {"client-id":"ba0fe78e-7a16-4a92-be3a-03c8d56a3133","gpioa":0,"gpiob":0,"gpioc":32768,"gpiod":16480,"gpioe":5120,"modeltime":0,"type":"gpio"}
,[6.4.2023 | 18:12:40] {"client-id":"ba0fe78e-7a16-4a92-be3a-03c8d56a3133","gpioa":0,"gpiob":0,"gpioc":32768,"gpiod":16480,"gpioe":5120,"modeltime":0,"type":"gpio"}
,[6.4.2023 | 18:12:40] {"client-id":"ba0fe78e-7a16-4a92-be3a-03c8d56a3133","gpioa":0,"gpiob":0,"gpioc":32768,"gpiod":16480,"gpioe":5120,"modeltime":0,"type":"gpio"}
,[6.4.2023 | 18:12:40] {"client-id":"ba0fe78e-7a16-4a92-be3a-03c8d56a3133","gpioa":0,"gpiob":0,"gpioc":0,"gpiod":16480,"gpioe":5120,"modeltime":0,"type":"gpio"}
,[6.4.2023 | 18:12:40] {"client-id":"ba0fe78e-7a16-4a92-be3a-03c8d56a3133","gpioa":0,"gpiob":0,"gpioc":0,"gpiod":16480,"gpioe":5120,"modeltime":0,"type":"gpio"}
,[6.4.2023 | 18:12:40] {"client-id":"ba0fe78e-7a16-4a92-be3a-03c8d56a3133","gpioa":0,"gpiob":0,"gpioc":0,"gpiod":16480,"gpioe":5120,"modeltime":0,"type":"gpio"}
,[6.4.2023 | 18:12:40] {"client-id":"ba0fe78e-7a16-4a92-be3a-03c8d56a3133","gpioa":0,"gpiob":0,"gpioc":0,"gpiod":16480,"gpioe":5120,"modeltime":0,"type":"gpio"}
,[6.4.2023 | 18:12:41] {"client-id":"ba0fe78e-7a16-4a92-be3a-03c8d56a3133","gpioa":0,"gpiob":0,"gpioc":0,"gpiod":16480,"gpioe":5120,"modeltime":0,"type":"gpio"}
,[6.4.2023 | 18:12:41] {"client-id":"ba0fe78e-7a16-4a92-be3a-03c8d56a3133","gpioa":0,"gpiob":0,"gpioc":32768,"gpiod":16480,"gpioe":5120,"modeltime":0,"type":"gpio"}
,[6.4.2023 | 18:12:41] {"client-id":"ba0fe78e-7a16-4a92-be3a-03c8d56a3133","gpioa":0,"gpiob":0,"gpioc":32768,"gpiod":16480,"gpioe":5120,"modeltime":0,"type":"gpio"}
,[6.4.2023 | 18:12:41] {"client-id":"ba0fe78e-7a16-4a92-be3a-03c8d56a3133","gpioa":0,"gpiob":0,"gpioc":32768,"gpiod":16480,"gpioe":5120,"modeltime":0,"type":"gpio"}
,[6.4.2023 | 18:12:41] {"client-id":"ba0fe78e-7a16-4a92-be3a-03c8d56a3133","gpioa":0,"gpiob":0,"gpioc":32768,"gpiod":16480,"gpioe":5120,"modeltime":0,"type":"gpio"}
,[6.4.2023 | 18:12:41] {"client-id":"ba0fe78e-7a16-4a92-be3a-03c8d56a3133","gpioa":0,"gpiob":0,"gpioc":32768,"gpiod":16480,"gpioe":5120,"modeltime":0,"type":"gpio"}
,[6.4.2023 | 18:12:41] {"client-id":"ba0fe78e-7a16-4a92-be3a-03c8d56a3133","gpioa":0,"gpiob":0,"gpioc":32768,"gpiod":16480,"gpioe":5120,"modeltime":0,"type":"gpio"}
,[6.4.2023 | 18:12:41] {"client-id":"ba0fe78e-7a16-4a92-be3a-03c8d56a3133","gpioa":0,"gpiob":0,"gpioc":32768,"gpiod":16480,"gpioe":5120,"modeltime":0,"type":"gpio"}
,[6.4.2023 | 18:12:41] {"client-id":"ba0fe78e-7a16-4a92-be3a-03c8d56a3133","gpioa":0,"gpiob":0,"gpioc":32768,"gpiod":16480,"gpioe":5120,"modeltime":0,"type":"gpio"}
,[6.4.2023 | 18:12:41] {"client-id":"ba0fe78e-7a16-4a92-be3a-03c8d56a3133","gpioa":0,"gpiob":0,"gpioc":32768,"gpiod":16480,"gpioe":5120,"modeltime":0,"type":"gpio"}
,[6.4.2023 | 18:12:42] {"client-id":"ba0fe78e-7a16-4a92-be3a-03c8d56a3133","gpioa":0,"gpiob":0,"gpioc":0,"gpiod":16480,"gpioe":5120,"modeltime":0,"type":"gpio"}
,[6.4.2023 | 18:12:42] {"client-id":"ba0fe78e-7a16-4a92-be3a-03c8d56a3133","gpioa":0,"gpiob":0,"gpioc":0,"gpiod":16480,"gpioe":5120,"modeltime":0,"type":"gpio"}
,[6.4.2023 | 18:12:42] {"client-id":"ba0fe78e-7a16-4a92-be3a-03c8d56a3133","gpioa":0,"gpiob":0,"gpioc":0,"gpiod":16480,"gpioe":5120,"modeltime":0,"type":"gpio"}
,[6.4.2023 | 18:12:42] {"client-id":"ba0fe78e-7a16-4a92-be3a-03c8d56a3133","gpioa":0,"gpiob":0,"gpioc":0,"gpiod":16480,"gpioe":5120,"modeltime":0,"type":"gpio"}
,[6.4.2023 | 18:12:42] {"client-id":"ba0fe78e-7a16-4a92-be3a-03c8d56a3133","gpioa":0,"gpiob":0,"gpioc":0,"gpiod":16480,"gpioe":5120,"modeltime":0,"type":"gpio"}
,[6.4.2023 | 18:12:42] {"client-id":"ba0fe78e-7a16-4a92-be3a-03c8d56a3133","gpioa":0,"gpiob":0,"gpioc":32768,"gpiod":16480,"gpioe":5120,"modeltime":0,"type":"gpio"}
,[6.4.2023 | 18:12:42] {"client-id":"ba0fe78e-7a16-4a92-be3a-03c8d56a3133","gpioa":0,"gpiob":0,"gpioc":32768,"gpiod":16480,"gpioe":5120,"modeltime":0,"type":"gpio"}
,[6.4.2023 | 18:12:42] {"client-id":"ba0fe78e-7a16-4a92-be3a-03c8d56a3133","gpioa":0,"gpiob":0,"gpioc":32768,"gpiod":16480,"gpioe":5120,"modeltime":0,"type":"gpio"}
,[6.4.2023 | 18:12:42] {"client-id":"ba0fe78e-7a16-4a92-be3a-03c8d56a3133","gpioa":0,"gpiob":0,"gpioc":32768,"gpiod":16480,"gpioe":5120,"modeltime":0,"type":"gpio"}
,[6.4.2023 | 18:12:42] {"client-id":"ba0fe78e-7a16-4a92-be3a-03c8d56a3133","gpioa":0,"gpiob":0,"gpioc":32768,"gpiod":16480,"gpioe":5120,"modeltime":0,"type":"gpio"}
,[6.4.2023 | 18:12:43] {"client-id":"ba0fe78e-7a16-4a92-be3a-03c8d56a3133","gpioa":0,"gpiob":0,"gpioc":32768,"gpiod":16480,"gpioe":5120,"modeltime":0,"type":"gpio"}
,[6.4.2023 | 18:12:43] {"client-id":"ba0fe78e-7a16-4a92-be3a-03c8d56a3133","gpioa":0,"gpiob":0,"gpioc":32768,"gpiod":16480,"gpioe":5120,"modeltime":0,"type":"gpio"}
,[6.4.2023 | 18:12:43] {"client-id":"ba0fe78e-7a16-4a92-be3a-03c8d56a3133","gpioa":0,"gpiob":0,"gpioc":32768,"gpiod":16480,"gpioe":5120,"modeltime":0,"type":"gpio"}
,[6.4.2023 | 18:12:43] {"client-id":"ba0fe78e-7a16-4a92-be3a-03c8d56a3133","gpioa":0,"gpiob":0,"gpioc":32768,"gpiod":16480,"gpioe":5120,"modeltime":0,"type":"gpio"}
,[6.4.2023 | 18:12:43] {"client-id":"ba0fe78e-7a16-4a92-be3a-03c8d56a3133","gpioa":0,"gpiob":0,"gpioc":32768,"gpiod":16496,"gpioe":5376,"modeltime":0,"type":"gpio"}
,[6.4.2023 | 18:12:43] {"client-id":"ba0fe78e-7a16-4a92-be3a-03c8d56a3133","gpioa":0,"gpiob":0,"gpioc":32768,"gpiod":16496,"gpioe":5376,"modeltime":0,"type":"gpio"}
,[6.4.2023 | 18:12:43] {"client-id":"ba0fe78e-7a16-4a92-be3a-03c8d56a3133","gpioa":0,"gpiob":0,"gpioc":32768,"gpiod":16496,"gpioe":5376,"modeltime":0,"type":"gpio"}
,[6.4.2023 | 18:12:43] {"client-id":"ba0fe78e-7a16-4a92-be3a-03c8d56a3133","gpioa":0,"gpiob":0,"gpioc":32768,"gpiod":16496,"gpioe":5376,"modeltime":0,"type":"gpio"}
,[6.4.2023 | 18:12:43] {"client-id":"ba0fe78e-7a16-4a92-be3a-03c8d56a3133","gpioa":0,"gpiob":0,"gpioc":32768,"gpiod":16496,"gpioe":5376,"modeltime":0,"type":"gpio"}
,[6.4.2023 | 18:12:43] {"client-id":"ba0fe78e-7a16-4a92-be3a-03c8d56a3133","gpioa":0,"gpiob":0,"gpioc":32768,"gpiod":16496,"gpioe":5376,"modeltime":0,"type":"gpio"}
,[6.4.2023 | 18:12:44] {"client-id":"ba0fe78e-7a16-4a92-be3a-03c8d56a3133","gpioa":0,"gpiob":0,"gpioc":32768,"gpiod":16496,"gpioe":5376,"modeltime":0,"type":"gpio"}
,[6.4.2023 | 18:12:44] {"client-id":"ba0fe78e-7a16-4a92-be3a-03c8d56a3133","gpioa":0,"gpiob":0,"gpioc":32768,"gpiod":16496,"gpioe":5376,"modeltime":0,"type":"gpio"}
,[6.4.2023 | 18:12:44] {"client-id":"ba0fe78e-7a16-4a92-be3a-03c8d56a3133","gpioa":0,"gpiob":0,"gpioc":32768,"gpiod":16496,"gpioe":5376,"modeltime":0,"type":"gpio"}
,[6.4.2023 | 18:12:44] {"client-id":"ba0fe78e-7a16-4a92-be3a-03c8d56a3133","gpioa":0,"gpiob":0,"gpioc":32768,"gpiod":8512,"gpioe":1280,"modeltime":0,"type":"gpio"}
,[6.4.2023 | 18:12:44] {"client-id":"ba0fe78e-7a16-4a92-be3a-03c8d56a3133","gpioa":0,"gpiob":0,"gpioc":32768,"gpiod":8512,"gpioe":1280,"modeltime":0,"type":"gpio"}
,[6.4.2023 | 18:12:44] {"client-id":"ba0fe78e-7a16-4a92-be3a-03c8d56a3133","gpioa":0,"gpiob":0,"gpioc":32768,"gpiod":8512,"gpioe":1280,"modeltime":0,"type":"gpio"}
,[6.4.2023 | 18:12:44] {"client-id":"ba0fe78e-7a16-4a92-be3a-03c8d56a3133","gpioa":0,"gpiob":0,"gpioc":32768,"gpiod":9056,"gpioe":1280,"modeltime":0,"type":"gpio"}
,[6.4.2023 | 18:12:44] {"client-id":"ba0fe78e-7a16-4a92-be3a-03c8d56a3133","gpioa":0,"gpiob":0,"gpioc":32768,"gpiod":9056,"gpioe":1280,"modeltime":0,"type":"gpio"}
,[6.4.2023 | 18:12:44] {"client-id":"ba0fe78e-7a16-4a92-be3a-03c8d56a3133","gpioa":0,"gpiob":0,"gpioc":32768,"gpiod":9056,"gpioe":1280,"modeltime":0,"type":"gpio"}
,[6.4.2023 | 18:12:45] {"client-id":"ba0fe78e-7a16-4a92-be3a-03c8d56a3133","gpioa":0,"gpiob":0,"gpioc":32768,"gpiod":9056,"gpioe":1280,"modeltime":0,"type":"gpio"}
,[6.4.2023 | 18:12:45] {"client-id":"ba0fe78e-7a16-4a92-be3a-03c8d56a3133","gpioa":0,"gpiob":0,"gpioc":32768,"gpiod":9056,"gpioe":1280,"modeltime":0,"type":"gpio"}
,[6.4.2023 | 18:12:45] {"client-id":"ba0fe78e-7a16-4a92-be3a-03c8d56a3133","gpioa":0,"gpiob":0,"gpioc":32768,"gpiod":11120,"gpioe":1280,"modeltime":0,"type":"gpio"}
,[6.4.2023 | 18:12:45] {"client-id":"ba0fe78e-7a16-4a92-be3a-03c8d56a3133","gpioa":0,"gpiob":0,"gpioc":32768,"gpiod":11120,"gpioe":1280,"modeltime":0,"type":"gpio"}
,[6.4.2023 | 18:12:45] {"client-id":"ba0fe78e-7a16-4a92-be3a-03c8d56a3133","gpioa":0,"gpiob":0,"gpioc":32768,"gpiod":11120,"gpioe":1280,"modeltime":0,"type":"gpio"}
,[6.4.2023 | 18:12:45] {"client-id":"ba0fe78e-7a16-4a92-be3a-03c8d56a3133","gpioa":0,"gpiob":0,"gpioc":32768,"gpiod":11120,"gpioe":1280,"modeltime":0,"type":"gpio"}
,[6.4.2023 | 18:12:45] {"client-id":"ba0fe78e-7a16-4a92-be3a-03c8d56a3133","gpioa":0,"gpiob":0,"gpioc":32768,"gpiod":11120,"gpioe":1280,"modeltime":0,"type":"gpio"}
,[6.4.2023 | 18:12:45] {"client-id":"ba0fe78e-7a16-4a92-be3a-03c8d56a3133","gpioa":0,"gpiob":0,"gpioc":32768,"gpiod":15224,"gpioe":1280,"modeltime":0,"type":"gpio"}
,[6.4.2023 | 18:12:45] {"client-id":"ba0fe78e-7a16-4a92-be3a-03c8d56a3133","gpioa":0,"gpiob":0,"gpioc":32768,"gpiod":15224,"gpioe":1280,"modeltime":0,"type":"gpio"}
,[6.4.2023 | 18:12:45] {"client-id":"ba0fe78e-7a16-4a92-be3a-03c8d56a3133","gpioa":0,"gpiob":0,"gpioc":32768,"gpiod":15224,"gpioe":1280,"modeltime":0,"type":"gpio"}
,[6.4.2023 | 18:12:45] {"client-id":"ba0fe78e-7a16-4a92-be3a-03c8d56a3133","gpioa":0,"gpiob":0,"gpioc":32768,"gpiod":15224,"gpioe":1280,"modeltime":0,"type":"gpio"}
,[6.4.2023 | 18:12:46] {"client-id":"ba0fe78e-7a16-4a92-be3a-03c8d56a3133","gpioa":0,"gpiob":0,"gpioc":32768,"gpiod":15224,"gpioe":1280,"modeltime":0,"type":"gpio"}
,[6.4.2023 | 18:12:46] {"client-id":"ba0fe78e-7a16-4a92-be3a-03c8d56a3133","gpioa":0,"gpiob":0,"gpioc":32768,"gpiod":11120,"gpioe":1280,"modeltime":0,"type":"gpio"}
,[6.4.2023 | 18:12:46] {"client-id":"ba0fe78e-7a16-4a92-be3a-03c8d56a3133","gpioa":0,"gpiob":0,"gpioc":32768,"gpiod":11120,"gpioe":1280,"modeltime":0,"type":"gpio"}
,[6.4.2023 | 18:12:46] {"client-id":"ba0fe78e-7a16-4a92-be3a-03c8d56a3133","gpioa":0,"gpiob":0,"gpioc":32768,"gpiod":11120,"gpioe":1280,"modeltime":0,"type":"gpio"}
,[6.4.2023 | 18:12:46] {"client-id":"ba0fe78e-7a16-4a92-be3a-03c8d56a3133","gpioa":0,"gpiob":0,"gpioc":32768,"gpiod":11120,"gpioe":1280,"modeltime":0,"type":"gpio"}
,[6.4.2023 | 18:12:46] {"client-id":"ba0fe78e-7a16-4a92-be3a-03c8d56a3133","gpioa":0,"gpiob":0,"gpioc":32768,"gpiod":11120,"gpioe":1280,"modeltime":0,"type":"gpio"}
,[6.4.2023 | 18:12:46] {"client-id":"ba0fe78e-7a16-4a92-be3a-03c8d56a3133","gpioa":0,"gpiob":0,"gpioc":32768,"gpiod":9056,"gpioe":1280,"modeltime":0,"type":"gpio"}
,[6.4.2023 | 18:12:46] {"client-id":"ba0fe78e-7a16-4a92-be3a-03c8d56a3133","gpioa":0,"gpiob":0,"gpioc":32768,"gpiod":9056,"gpioe":1280,"modeltime":0,"type":"gpio"}
,[6.4.2023 | 18:12:46] {"client-id":"ba0fe78e-7a16-4a92-be3a-03c8d56a3133","gpioa":0,"gpiob":0,"gpioc":32768,"gpiod":9056,"gpioe":1280,"modeltime":0,"type":"gpio"}
,[6.4.2023 | 18:12:47] {"client-id":"ba0fe78e-7a16-4a92-be3a-03c8d56a3133","gpioa":0,"gpiob":0,"gpioc":32768,"gpiod":9056,"gpioe":1296,"modeltime":0,"type":"gpio"}
,[6.4.2023 | 18:12:47] {"client-id":"ba0fe78e-7a16-4a92-be3a-03c8d56a3133","gpioa":0,"gpiob":0,"gpioc":32768,"gpiod":9056,"gpioe":1296,"modeltime":0,"type":"gpio"}
,[6.4.2023 | 18:12:47] {"client-id":"ba0fe78e-7a16-4a92-be3a-03c8d56a3133","gpioa":0,"gpiob":0,"gpioc":32768,"gpiod":16440,"gpioe":1296,"modeltime":0,"type":"gpio"}
,[6.4.2023 | 18:12:47] {"client-id":"ba0fe78e-7a16-4a92-be3a-03c8d56a3133","gpioa":0,"gpiob":0,"gpioc":32768,"gpiod":16440,"gpioe":1296,"modeltime":0,"type":"gpio"}
,[6.4.2023 | 18:12:47] {"client-id":"ba0fe78e-7a16-4a92-be3a-03c8d56a3133","gpioa":0,"gpiob":0,"gpioc":32768,"gpiod":16440,"gpioe":1296,"modeltime":0,"type":"gpio"}
,[6.4.2023 | 18:12:47] {"client-id":"ba0fe78e-7a16-4a92-be3a-03c8d56a3133","gpioa":0,"gpiob":0,"gpioc":32768,"gpiod":16440,"gpioe":1296,"modeltime":0,"type":"gpio"}
,[6.4.2023 | 18:12:47] {"client-id":"ba0fe78e-7a16-4a92-be3a-03c8d56a3133","gpioa":0,"gpiob":0,"gpioc":32768,"gpiod":16440,"gpioe":1296,"modeltime":0,"type":"gpio"}
,[6.4.2023 | 18:12:47] {"client-id":"ba0fe78e-7a16-4a92-be3a-03c8d56a3133","gpioa":0,"gpiob":0,"gpioc":32768,"gpiod":16440,"gpioe":1296,"modeltime":0,"type":"gpio"}
,[6.4.2023 | 18:12:47] {"client-id":"ba0fe78e-7a16-4a92-be3a-03c8d56a3133","gpioa":0,"gpiob":0,"gpioc":32768,"gpiod":8512,"gpioe":1280,"modeltime":0,"type":"gpio"}
,[6.4.2023 | 18:12:47] {"client-id":"ba0fe78e-7a16-4a92-be3a-03c8d56a3133","gpioa":0,"gpiob":0,"gpioc":32768,"gpiod":8512,"gpioe":1280,"modeltime":0,"type":"gpio"}
,[6.4.2023 | 18:12:48] {"client-id":"ba0fe78e-7a16-4a92-be3a-03c8d56a3133","gpioa":0,"gpiob":0,"gpioc":32768,"gpiod":8512,"gpioe":1280,"modeltime":0,"type":"gpio"}
,[6.4.2023 | 18:12:48] {"client-id":"ba0fe78e-7a16-4a92-be3a-03c8d56a3133","gpioa":0,"gpiob":0,"gpioc":32768,"gpiod":8512,"gpioe":1280,"modeltime":0,"type":"gpio"}
,[6.4.2023 | 18:12:48] {"client-id":"ba0fe78e-7a16-4a92-be3a-03c8d56a3133","gpioa":0,"gpiob":0,"gpioc":32768,"gpiod":9056,"gpioe":1280,"modeltime":0,"type":"gpio"}
,[6.4.2023 | 18:12:48] {"client-id":"ba0fe78e-7a16-4a92-be3a-03c8d56a3133","gpioa":0,"gpiob":0,"gpioc":32768,"gpiod":9056,"gpioe":1280,"modeltime":0,"type":"gpio"}
,[6.4.2023 | 18:12:48] {"client-id":"ba0fe78e-7a16-4a92-be3a-03c8d56a3133","gpioa":0,"gpiob":0,"gpioc":32768,"gpiod":9056,"gpioe":1280,"modeltime":0,"type":"gpio"}
,[6.4.2023 | 18:12:48] {"client-id":"ba0fe78e-7a16-4a92-be3a-03c8d56a3133","gpioa":0,"gpiob":0,"gpioc":32768,"gpiod":9056,"gpioe":1280,"modeltime":0,"type":"gpio"}
,[6.4.2023 | 18:12:48] {"client-id":"ba0fe78e-7a16-4a92-be3a-03c8d56a3133","gpioa":0,"gpiob":0,"gpioc":32768,"gpiod":9056,"gpioe":1280,"modeltime":0,"type":"gpio"}
,[6.4.2023 | 18:12:48] {"client-id":"ba0fe78e-7a16-4a92-be3a-03c8d56a3133","gpioa":0,"gpiob":0,"gpioc":32768,"gpiod":11120,"gpioe":1280,"modeltime":0,"type":"gpio"}
,[6.4.2023 | 18:12:48] {"client-id":"ba0fe78e-7a16-4a92-be3a-03c8d56a3133","gpioa":0,"gpiob":0,"gpioc":32768,"gpiod":11120,"gpioe":1280,"modeltime":0,"type":"gpio"}
,[6.4.2023 | 18:12:48] {"client-id":"ba0fe78e-7a16-4a92-be3a-03c8d56a3133","gpioa":0,"gpiob":0,"gpioc":32768,"gpiod":11120,"gpioe":1280,"modeltime":0,"type":"gpio"}
,[6.4.2023 | 18:12:49] {"client-id":"ba0fe78e-7a16-4a92-be3a-03c8d56a3133","gpioa":0,"gpiob":0,"gpioc":32768,"gpiod":11120,"gpioe":1280,"modeltime":0,"type":"gpio"}
,[6.4.2023 | 18:12:49] {"client-id":"ba0fe78e-7a16-4a92-be3a-03c8d56a3133","gpioa":0,"gpiob":0,"gpioc":32768,"gpiod":11120,"gpioe":1280,"modeltime":0,"type":"gpio"}
,[6.4.2023 | 18:12:49] {"client-id":"ba0fe78e-7a16-4a92-be3a-03c8d56a3133","gpioa":0,"gpiob":0,"gpioc":32768,"gpiod":15224,"gpioe":1280,"modeltime":0,"type":"gpio"}
,[6.4.2023 | 18:12:49] {"client-id":"ba0fe78e-7a16-4a92-be3a-03c8d56a3133","gpioa":0,"gpiob":0,"gpioc":32768,"gpiod":15224,"gpioe":1280,"modeltime":0,"type":"gpio"}
,[6.4.2023 | 18:12:49] {"client-id":"ba0fe78e-7a16-4a92-be3a-03c8d56a3133","gpioa":0,"gpiob":0,"gpioc":32768,"gpiod":15224,"gpioe":1280,"modeltime":0,"type":"gpio"}
,[6.4.2023 | 18:12:49] {"client-id":"ba0fe78e-7a16-4a92-be3a-03c8d56a3133","gpioa":0,"gpiob":0,"gpioc":32768,"gpiod":15224,"gpioe":1280,"modeltime":0,"type":"gpio"}
,[6.4.2023 | 18:12:49] {"client-id":"ba0fe78e-7a16-4a92-be3a-03c8d56a3133","gpioa":0,"gpiob":0,"gpioc":32768,"gpiod":15224,"gpioe":1280,"modeltime":0,"type":"gpio"}
,[6.4.2023 | 18:12:49] {"client-id":"ba0fe78e-7a16-4a92-be3a-03c8d56a3133","gpioa":0,"gpiob":0,"gpioc":0,"gpiod":11120,"gpioe":1280,"modeltime":0,"type":"gpio"}
,[6.4.2023 | 18:12:49] {"client-id":"ba0fe78e-7a16-4a92-be3a-03c8d56a3133","gpioa":0,"gpiob":0,"gpioc":0,"gpiod":11120,"gpioe":1280,"modeltime":0,"type":"gpio"}
,[6.4.2023 | 18:12:49] {"client-id":"ba0fe78e-7a16-4a92-be3a-03c8d56a3133","gpioa":0,"gpiob":0,"gpioc":0,"gpiod":11120,"gpioe":1280,"modeltime":0,"type":"gpio"}
,[6.4.2023 | 18:12:50] {"client-id":"ba0fe78e-7a16-4a92-be3a-03c8d56a3133","gpioa":0,"gpiob":0,"gpioc":0,"gpiod":11120,"gpioe":1280,"modeltime":0,"type":"gpio"}
,[6.4.2023 | 18:12:50] {"client-id":"ba0fe78e-7a16-4a92-be3a-03c8d56a3133","gpioa":0,"gpiob":0,"gpioc":0,"gpiod":11120,"gpioe":1280,"modeltime":0,"type":"gpio"}
,[6.4.2023 | 18:12:50] {"client-id":"ba0fe78e-7a16-4a92-be3a-03c8d56a3133","gpioa":0,"gpiob":0,"gpioc":32768,"gpiod":35696,"gpioe":1280,"modeltime":0,"type":"gpio"}
,[6.4.2023 | 18:12:50] {"client-id":"ba0fe78e-7a16-4a92-be3a-03c8d56a3133","gpioa":0,"gpiob":0,"gpioc":32768,"gpiod":35696,"gpioe":1280,"modeltime":0,"type":"gpio"}
,[6.4.2023 | 18:12:50] {"client-id":"ba0fe78e-7a16-4a92-be3a-03c8d56a3133","gpioa":0,"gpiob":0,"gpioc":32768,"gpiod":35696,"gpioe":1280,"modeltime":0,"type":"gpio"}
,[6.4.2023 | 18:12:50] {"client-id":"ba0fe78e-7a16-4a92-be3a-03c8d56a3133","gpioa":0,"gpiob":0,"gpioc":32768,"gpiod":35696,"gpioe":1280,"modeltime":0,"type":"gpio"}
,[6.4.2023 | 18:12:50] {"client-id":"ba0fe78e-7a16-4a92-be3a-03c8d56a3133","gpioa":0,"gpiob":0,"gpioc":32768,"gpiod":35696,"gpioe":1280,"modeltime":0,"type":"gpio"}
,[6.4.2023 | 18:12:50] {"client-id":"ba0fe78e-7a16-4a92-be3a-03c8d56a3133","gpioa":0,"gpiob":0,"gpioc":32768,"gpiod":35696,"gpioe":1280,"modeltime":0,"type":"gpio"}
,[6.4.2023 | 18:12:50] {"client-id":"ba0fe78e-7a16-4a92-be3a-03c8d56a3133","gpioa":0,"gpiob":0,"gpioc":32768,"gpiod":35696,"gpioe":1280,"modeltime":0,"type":"gpio"}
,[6.4.2023 | 18:12:50] {"client-id":"ba0fe78e-7a16-4a92-be3a-03c8d56a3133","gpioa":0,"gpiob":0,"gpioc":32768,"gpiod":35696,"gpioe":1280,"modeltime":0,"type":"gpio"}
,[6.4.2023 | 18:12:51] {"client-id":"ba0fe78e-7a16-4a92-be3a-03c8d56a3133","gpioa":0,"gpiob":0,"gpioc":32768,"gpiod":35696,"gpioe":1280,"modeltime":0,"type":"gpio"}
,[6.4.2023 | 18:12:51] {"client-id":"ba0fe78e-7a16-4a92-be3a-03c8d56a3133","gpioa":0,"gpiob":0,"gpioc":32768,"gpiod":35696,"gpioe":1280,"modeltime":0,"type":"gpio"}
,[6.4.2023 | 18:12:51] {"client-id":"ba0fe78e-7a16-4a92-be3a-03c8d56a3133","gpioa":0,"gpiob":0,"gpioc":32768,"gpiod":35696,"gpioe":1280,"modeltime":0,"type":"gpio"}
,[6.4.2023 | 18:12:51] {"client-id":"ba0fe78e-7a16-4a92-be3a-03c8d56a3133","gpioa":0,"gpiob":0,"gpioc":32768,"gpiod":35696,"gpioe":1280,"modeltime":0,"type":"gpio"}
,[6.4.2023 | 18:12:51] {"client-id":"ba0fe78e-7a16-4a92-be3a-03c8d56a3133","gpioa":0,"gpiob":0,"gpioc":32768,"gpiod":35696,"gpioe":1280,"modeltime":0,"type":"gpio"}
,[6.4.2023 | 18:12:51] {"client-id":"ba0fe78e-7a16-4a92-be3a-03c8d56a3133","gpioa":0,"gpiob":0,"gpioc":32768,"gpiod":35696,"gpioe":1280,"modeltime":0,"type":"gpio"}
,[6.4.2023 | 18:12:51] {"client-id":"ba0fe78e-7a16-4a92-be3a-03c8d56a3133","gpioa":0,"gpiob":0,"gpioc":32768,"gpiod":35696,"gpioe":1280,"modeltime":0,"type":"gpio"}
,[6.4.2023 | 18:12:51] {"client-id":"ba0fe78e-7a16-4a92-be3a-03c8d56a3133","gpioa":0,"gpiob":0,"gpioc":32768,"gpiod":35696,"gpioe":1280,"modeltime":0,"type":"gpio"}
,[6.4.2023 | 18:12:51] {"client-id":"ba0fe78e-7a16-4a92-be3a-03c8d56a3133","gpioa":0,"gpiob":0,"gpioc":32768,"gpiod":35696,"gpioe":1280,"modeltime":0,"type":"gpio"}
,[6.4.2023 | 18:12:51] {"client-id":"ba0fe78e-7a16-4a92-be3a-03c8d56a3133","gpioa":0,"gpiob":0,"gpioc":32768,"gpiod":35696,"gpioe":1280,"modeltime":0,"type":"gpio"}
,[6.4.2023 | 18:12:52] {"client-id":"ba0fe78e-7a16-4a92-be3a-03c8d56a3133","gpioa":0,"gpiob":0,"gpioc":32768,"gpiod":35696,"gpioe":1280,"modeltime":0,"type":"gpio"}
,[6.4.2023 | 18:12:52] {"client-id":"ba0fe78e-7a16-4a92-be3a-03c8d56a3133","gpioa":0,"gpiob":0,"gpioc":32768,"gpiod":35696,"gpioe":1280,"modeltime":0,"type":"gpio"}
,[6.4.2023 | 18:12:52] {"type":"cmd","data":"stop"}
