Roman
Vassilchenko
c603de4df9aed53d8d78f6d525ca9e79
[6.4.2023 | 18:27:53] {"type":"cmd","data":"run"}
,[6.4.2023 | 18:27:54] {"client-id":"f2d93652-3699-469e-98fc-94787b337d58","gpioa":0,"gpiob":0,"gpioc":32768,"gpiod":0,"gpioe":0,"modeltime":0,"type":"gpio"}
,[6.4.2023 | 18:27:54] {"client-id":"f2d93652-3699-469e-98fc-94787b337d58","gpioa":0,"gpiob":0,"gpioc":32768,"gpiod":0,"gpioe":0,"modeltime":0,"type":"gpio"}
,[6.4.2023 | 18:27:54] {"client-id":"f2d93652-3699-469e-98fc-94787b337d58","gpioa":0,"gpiob":0,"gpioc":32768,"gpiod":0,"gpioe":0,"modeltime":0,"type":"gpio"}
,[6.4.2023 | 18:27:54] {"client-id":"f2d93652-3699-469e-98fc-94787b337d58","gpioa":0,"gpiob":0,"gpioc":32768,"gpiod":0,"gpioe":0,"modeltime":0,"type":"gpio"}
,[6.4.2023 | 18:27:54] {"client-id":"f2d93652-3699-469e-98fc-94787b337d58","gpioa":0,"gpiob":0,"gpioc":32768,"gpiod":0,"gpioe":0,"modeltime":0,"type":"gpio"}
,[6.4.2023 | 18:27:54] {"client-id":"f2d93652-3699-469e-98fc-94787b337d58","gpioa":0,"gpiob":0,"gpioc":32768,"gpiod":264,"gpioe":0,"modeltime":0,"type":"gpio"}
,[6.4.2023 | 18:27:54] {"client-id":"f2d93652-3699-469e-98fc-94787b337d58","gpioa":0,"gpiob":0,"gpioc":32768,"gpiod":264,"gpioe":0,"modeltime":0,"type":"gpio"}
,[6.4.2023 | 18:27:55] {"client-id":"f2d93652-3699-469e-98fc-94787b337d58","gpioa":0,"gpiob":0,"gpioc":32768,"gpiod":264,"gpioe":0,"modeltime":0,"type":"gpio"}
,[6.4.2023 | 18:27:55] {"client-id":"f2d93652-3699-469e-98fc-94787b337d58","gpioa":0,"gpiob":0,"gpioc":32768,"gpiod":264,"gpioe":0,"modeltime":0,"type":"gpio"}
,[6.4.2023 | 18:27:55] {"client-id":"f2d93652-3699-469e-98fc-94787b337d58","gpioa":0,"gpiob":0,"gpioc":32768,"gpiod":264,"gpioe":0,"modeltime":0,"type":"gpio"}
,[6.4.2023 | 18:27:55] {"client-id":"f2d93652-3699-469e-98fc-94787b337d58","gpioa":0,"gpiob":0,"gpioc":32768,"gpiod":0,"gpioe":0,"modeltime":0,"type":"gpio"}
,[6.4.2023 | 18:27:55] {"client-id":"f2d93652-3699-469e-98fc-94787b337d58","gpioa":0,"gpiob":0,"gpioc":32768,"gpiod":0,"gpioe":0,"modeltime":0,"type":"gpio"}
,[6.4.2023 | 18:27:55] {"client-id":"f2d93652-3699-469e-98fc-94787b337d58","gpioa":0,"gpiob":0,"gpioc":32768,"gpiod":0,"gpioe":0,"modeltime":0,"type":"gpio"}
,[6.4.2023 | 18:27:55] {"client-id":"f2d93652-3699-469e-98fc-94787b337d58","gpioa":0,"gpiob":0,"gpioc":32768,"gpiod":0,"gpioe":0,"modeltime":0,"type":"gpio"}
,[6.4.2023 | 18:27:55] {"client-id":"f2d93652-3699-469e-98fc-94787b337d58","gpioa":0,"gpiob":0,"gpioc":32768,"gpiod":0,"gpioe":0,"modeltime":0,"type":"gpio"}
,[6.4.2023 | 18:27:55] {"client-id":"f2d93652-3699-469e-98fc-94787b337d58","gpioa":0,"gpiob":0,"gpioc":32768,"gpiod":528,"gpioe":0,"modeltime":0,"type":"gpio"}
,[6.4.2023 | 18:27:55] {"client-id":"f2d93652-3699-469e-98fc-94787b337d58","gpioa":0,"gpiob":0,"gpioc":32768,"gpiod":528,"gpioe":0,"modeltime":0,"type":"gpio"}
,[6.4.2023 | 18:27:55] {"client-id":"f2d93652-3699-469e-98fc-94787b337d58","gpioa":0,"gpiob":0,"gpioc":32768,"gpiod":528,"gpioe":0,"modeltime":0,"type":"gpio"}
,[6.4.2023 | 18:27:55] {"client-id":"f2d93652-3699-469e-98fc-94787b337d58","gpioa":0,"gpiob":0,"gpioc":32768,"gpiod":528,"gpioe":0,"modeltime":0,"type":"gpio"}
,[6.4.2023 | 18:27:56] {"client-id":"f2d93652-3699-469e-98fc-94787b337d58","gpioa":0,"gpiob":0,"gpioc":32768,"gpiod":528,"gpioe":0,"modeltime":0,"type":"gpio"}
,[6.4.2023 | 18:27:56] {"client-id":"f2d93652-3699-469e-98fc-94787b337d58","gpioa":0,"gpiob":0,"gpioc":32768,"gpiod":0,"gpioe":0,"modeltime":0,"type":"gpio"}
,[6.4.2023 | 18:27:56] {"client-id":"f2d93652-3699-469e-98fc-94787b337d58","gpioa":0,"gpiob":0,"gpioc":32768,"gpiod":0,"gpioe":0,"modeltime":0,"type":"gpio"}
,[6.4.2023 | 18:27:56] {"client-id":"f2d93652-3699-469e-98fc-94787b337d58","gpioa":0,"gpiob":0,"gpioc":32768,"gpiod":0,"gpioe":0,"modeltime":0,"type":"gpio"}
,[6.4.2023 | 18:27:56] {"client-id":"f2d93652-3699-469e-98fc-94787b337d58","gpioa":0,"gpiob":0,"gpioc":32768,"gpiod":0,"gpioe":0,"modeltime":0,"type":"gpio"}
,[6.4.2023 | 18:27:56] {"client-id":"f2d93652-3699-469e-98fc-94787b337d58","gpioa":0,"gpiob":0,"gpioc":32768,"gpiod":0,"gpioe":0,"modeltime":0,"type":"gpio"}
,[6.4.2023 | 18:27:56] {"client-id":"f2d93652-3699-469e-98fc-94787b337d58","gpioa":0,"gpiob":0,"gpioc":32768,"gpiod":2080,"gpioe":0,"modeltime":0,"type":"gpio"}
,[6.4.2023 | 18:27:56] {"client-id":"f2d93652-3699-469e-98fc-94787b337d58","gpioa":0,"gpiob":0,"gpioc":32768,"gpiod":2080,"gpioe":0,"modeltime":0,"type":"gpio"}
,[6.4.2023 | 18:27:56] {"client-id":"f2d93652-3699-469e-98fc-94787b337d58","gpioa":0,"gpiob":0,"gpioc":32768,"gpiod":2080,"gpioe":0,"modeltime":0,"type":"gpio"}
,[6.4.2023 | 18:27:56] {"client-id":"f2d93652-3699-469e-98fc-94787b337d58","gpioa":0,"gpiob":0,"gpioc":32768,"gpiod":2080,"gpioe":0,"modeltime":0,"type":"gpio"}
,[6.4.2023 | 18:27:57] {"client-id":"f2d93652-3699-469e-98fc-94787b337d58","gpioa":0,"gpiob":0,"gpioc":32768,"gpiod":2080,"gpioe":0,"modeltime":0,"type":"gpio"}
,[6.4.2023 | 18:27:57] {"client-id":"f2d93652-3699-469e-98fc-94787b337d58","gpioa":0,"gpiob":0,"gpioc":32768,"gpiod":0,"gpioe":0,"modeltime":0,"type":"gpio"}
,[6.4.2023 | 18:27:57] {"client-id":"f2d93652-3699-469e-98fc-94787b337d58","gpioa":0,"gpiob":0,"gpioc":32768,"gpiod":0,"gpioe":0,"modeltime":0,"type":"gpio"}
,[6.4.2023 | 18:27:57] {"client-id":"f2d93652-3699-469e-98fc-94787b337d58","gpioa":0,"gpiob":0,"gpioc":32768,"gpiod":0,"gpioe":0,"modeltime":0,"type":"gpio"}
,[6.4.2023 | 18:27:57] {"client-id":"f2d93652-3699-469e-98fc-94787b337d58","gpioa":0,"gpiob":0,"gpioc":32768,"gpiod":0,"gpioe":0,"modeltime":0,"type":"gpio"}
,[6.4.2023 | 18:27:57] {"client-id":"f2d93652-3699-469e-98fc-94787b337d58","gpioa":0,"gpiob":0,"gpioc":32768,"gpiod":0,"gpioe":0,"modeltime":0,"type":"gpio"}
,[6.4.2023 | 18:27:57] {"client-id":"f2d93652-3699-469e-98fc-94787b337d58","gpioa":0,"gpiob":0,"gpioc":32768,"gpiod":4160,"gpioe":0,"modeltime":0,"type":"gpio"}
,[6.4.2023 | 18:27:57] {"client-id":"f2d93652-3699-469e-98fc-94787b337d58","gpioa":0,"gpiob":0,"gpioc":32768,"gpiod":4160,"gpioe":0,"modeltime":0,"type":"gpio"}
,[6.4.2023 | 18:27:57] {"client-id":"f2d93652-3699-469e-98fc-94787b337d58","gpioa":0,"gpiob":0,"gpioc":32768,"gpiod":4160,"gpioe":0,"modeltime":0,"type":"gpio"}
,[6.4.2023 | 18:27:57] {"client-id":"f2d93652-3699-469e-98fc-94787b337d58","gpioa":0,"gpiob":0,"gpioc":32768,"gpiod":4160,"gpioe":0,"modeltime":0,"type":"gpio"}
,[6.4.2023 | 18:27:58] {"client-id":"f2d93652-3699-469e-98fc-94787b337d58","gpioa":0,"gpiob":0,"gpioc":32768,"gpiod":4160,"gpioe":0,"modeltime":0,"type":"gpio"}
,[6.4.2023 | 18:27:58] {"client-id":"f2d93652-3699-469e-98fc-94787b337d58","gpioa":0,"gpiob":0,"gpioc":32768,"gpiod":0,"gpioe":0,"modeltime":0,"type":"gpio"}
,[6.4.2023 | 18:27:58] {"client-id":"f2d93652-3699-469e-98fc-94787b337d58","gpioa":0,"gpiob":0,"gpioc":32768,"gpiod":0,"gpioe":0,"modeltime":0,"type":"gpio"}
,[6.4.2023 | 18:27:58] {"client-id":"f2d93652-3699-469e-98fc-94787b337d58","gpioa":0,"gpiob":0,"gpioc":32768,"gpiod":0,"gpioe":0,"modeltime":0,"type":"gpio"}
,[6.4.2023 | 18:27:58] {"client-id":"f2d93652-3699-469e-98fc-94787b337d58","gpioa":0,"gpiob":0,"gpioc":32768,"gpiod":0,"gpioe":0,"modeltime":0,"type":"gpio"}
,[6.4.2023 | 18:27:58] {"client-id":"f2d93652-3699-469e-98fc-94787b337d58","gpioa":0,"gpiob":0,"gpioc":32768,"gpiod":0,"gpioe":0,"modeltime":0,"type":"gpio"}
,[6.4.2023 | 18:27:58] {"client-id":"f2d93652-3699-469e-98fc-94787b337d58","gpioa":0,"gpiob":0,"gpioc":32768,"gpiod":2080,"gpioe":0,"modeltime":0,"type":"gpio"}
,[6.4.2023 | 18:27:58] {"client-id":"f2d93652-3699-469e-98fc-94787b337d58","gpioa":0,"gpiob":0,"gpioc":32768,"gpiod":2080,"gpioe":0,"modeltime":0,"type":"gpio"}
,[6.4.2023 | 18:27:58] {"client-id":"f2d93652-3699-469e-98fc-94787b337d58","gpioa":0,"gpiob":0,"gpioc":32768,"gpiod":2080,"gpioe":0,"modeltime":0,"type":"gpio"}
,[6.4.2023 | 18:27:58] {"client-id":"f2d93652-3699-469e-98fc-94787b337d58","gpioa":0,"gpiob":0,"gpioc":32768,"gpiod":2080,"gpioe":0,"modeltime":0,"type":"gpio"}
,[6.4.2023 | 18:27:59] {"client-id":"f2d93652-3699-469e-98fc-94787b337d58","gpioa":0,"gpiob":0,"gpioc":32768,"gpiod":2080,"gpioe":0,"modeltime":0,"type":"gpio"}
,[6.4.2023 | 18:27:59] {"client-id":"f2d93652-3699-469e-98fc-94787b337d58","gpioa":0,"gpiob":0,"gpioc":32768,"gpiod":0,"gpioe":0,"modeltime":0,"type":"gpio"}
,[6.4.2023 | 18:27:59] {"client-id":"f2d93652-3699-469e-98fc-94787b337d58","gpioa":0,"gpiob":0,"gpioc":32768,"gpiod":0,"gpioe":0,"modeltime":0,"type":"gpio"}
,[6.4.2023 | 18:27:59] {"client-id":"f2d93652-3699-469e-98fc-94787b337d58","gpioa":0,"gpiob":0,"gpioc":32768,"gpiod":0,"gpioe":0,"modeltime":0,"type":"gpio"}
,[6.4.2023 | 18:27:59] {"client-id":"f2d93652-3699-469e-98fc-94787b337d58","gpioa":0,"gpiob":0,"gpioc":0,"gpiod":0,"gpioe":0,"modeltime":0,"type":"gpio"}
,[6.4.2023 | 18:27:59] {"client-id":"f2d93652-3699-469e-98fc-94787b337d58","gpioa":0,"gpiob":0,"gpioc":0,"gpiod":0,"gpioe":0,"modeltime":0,"type":"gpio"}
,[6.4.2023 | 18:27:59] {"client-id":"f2d93652-3699-469e-98fc-94787b337d58","gpioa":0,"gpiob":0,"gpioc":0,"gpiod":528,"gpioe":0,"modeltime":0,"type":"gpio"}
,[6.4.2023 | 18:27:59] {"client-id":"f2d93652-3699-469e-98fc-94787b337d58","gpioa":0,"gpiob":0,"gpioc":0,"gpiod":528,"gpioe":0,"modeltime":0,"type":"gpio"}
,[6.4.2023 | 18:27:59] {"client-id":"f2d93652-3699-469e-98fc-94787b337d58","gpioa":0,"gpiob":0,"gpioc":0,"gpiod":528,"gpioe":0,"modeltime":0,"type":"gpio"}
,[6.4.2023 | 18:27:59] {"client-id":"f2d93652-3699-469e-98fc-94787b337d58","gpioa":0,"gpiob":0,"gpioc":32768,"gpiod":528,"gpioe":0,"modeltime":0,"type":"gpio"}
,[6.4.2023 | 18:28:0] {"client-id":"f2d93652-3699-469e-98fc-94787b337d58","gpioa":0,"gpiob":0,"gpioc":32768,"gpiod":528,"gpioe":0,"modeltime":0,"type":"gpio"}
,[6.4.2023 | 18:28:0] {"client-id":"f2d93652-3699-469e-98fc-94787b337d58","gpioa":0,"gpiob":0,"gpioc":32768,"gpiod":0,"gpioe":0,"modeltime":0,"type":"gpio"}
,[6.4.2023 | 18:28:0] {"client-id":"f2d93652-3699-469e-98fc-94787b337d58","gpioa":0,"gpiob":0,"gpioc":32768,"gpiod":0,"gpioe":0,"modeltime":0,"type":"gpio"}
,[6.4.2023 | 18:28:0] {"client-id":"f2d93652-3699-469e-98fc-94787b337d58","gpioa":0,"gpiob":0,"gpioc":32768,"gpiod":0,"gpioe":0,"modeltime":0,"type":"gpio"}
,[6.4.2023 | 18:28:0] {"client-id":"f2d93652-3699-469e-98fc-94787b337d58","gpioa":0,"gpiob":0,"gpioc":32768,"gpiod":0,"gpioe":0,"modeltime":0,"type":"gpio"}
,[6.4.2023 | 18:28:0] {"client-id":"f2d93652-3699-469e-98fc-94787b337d58","gpioa":0,"gpiob":0,"gpioc":32768,"gpiod":0,"gpioe":0,"modeltime":0,"type":"gpio"}
,[6.4.2023 | 18:28:0] {"client-id":"f2d93652-3699-469e-98fc-94787b337d58","gpioa":0,"gpiob":0,"gpioc":32768,"gpiod":264,"gpioe":0,"modeltime":0,"type":"gpio"}
,[6.4.2023 | 18:28:0] {"client-id":"f2d93652-3699-469e-98fc-94787b337d58","gpioa":0,"gpiob":0,"gpioc":32768,"gpiod":264,"gpioe":0,"modeltime":0,"type":"gpio"}
,[6.4.2023 | 18:28:0] {"client-id":"f2d93652-3699-469e-98fc-94787b337d58","gpioa":0,"gpiob":0,"gpioc":32768,"gpiod":264,"gpioe":0,"modeltime":0,"type":"gpio"}
,[6.4.2023 | 18:28:0] {"client-id":"f2d93652-3699-469e-98fc-94787b337d58","gpioa":0,"gpiob":0,"gpioc":32768,"gpiod":264,"gpioe":0,"modeltime":0,"type":"gpio"}
,[6.4.2023 | 18:28:1] {"client-id":"f2d93652-3699-469e-98fc-94787b337d58","gpioa":0,"gpiob":0,"gpioc":32768,"gpiod":264,"gpioe":0,"modeltime":0,"type":"gpio"}
,[6.4.2023 | 18:28:1] {"client-id":"f2d93652-3699-469e-98fc-94787b337d58","gpioa":0,"gpiob":0,"gpioc":32768,"gpiod":0,"gpioe":0,"modeltime":0,"type":"gpio"}
,[6.4.2023 | 18:28:1] {"client-id":"f2d93652-3699-469e-98fc-94787b337d58","gpioa":0,"gpiob":0,"gpioc":0,"gpiod":0,"gpioe":0,"modeltime":0,"type":"gpio"}
,[6.4.2023 | 18:28:1] {"client-id":"f2d93652-3699-469e-98fc-94787b337d58","gpioa":0,"gpiob":0,"gpioc":0,"gpiod":0,"gpioe":0,"modeltime":0,"type":"gpio"}
,[6.4.2023 | 18:28:1] {"client-id":"f2d93652-3699-469e-98fc-94787b337d58","gpioa":0,"gpiob":0,"gpioc":0,"gpiod":0,"gpioe":0,"modeltime":0,"type":"gpio"}
,[6.4.2023 | 18:28:1] {"client-id":"f2d93652-3699-469e-98fc-94787b337d58","gpioa":0,"gpiob":0,"gpioc":0,"gpiod":0,"gpioe":0,"modeltime":0,"type":"gpio"}
,[6.4.2023 | 18:28:1] {"client-id":"f2d93652-3699-469e-98fc-94787b337d58","gpioa":0,"gpiob":0,"gpioc":0,"gpiod":264,"gpioe":0,"modeltime":0,"type":"gpio"}
,[6.4.2023 | 18:28:1] {"client-id":"f2d93652-3699-469e-98fc-94787b337d58","gpioa":0,"gpiob":0,"gpioc":32768,"gpiod":264,"gpioe":0,"modeltime":0,"type":"gpio"}
,[6.4.2023 | 18:28:1] {"client-id":"f2d93652-3699-469e-98fc-94787b337d58","gpioa":0,"gpiob":0,"gpioc":32768,"gpiod":264,"gpioe":0,"modeltime":0,"type":"gpio"}
,[6.4.2023 | 18:28:1] {"client-id":"f2d93652-3699-469e-98fc-94787b337d58","gpioa":0,"gpiob":0,"gpioc":32768,"gpiod":264,"gpioe":0,"modeltime":0,"type":"gpio"}
,[6.4.2023 | 18:28:2] {"client-id":"f2d93652-3699-469e-98fc-94787b337d58","gpioa":0,"gpiob":0,"gpioc":32768,"gpiod":264,"gpioe":0,"modeltime":0,"type":"gpio"}
,[6.4.2023 | 18:28:2] {"client-id":"f2d93652-3699-469e-98fc-94787b337d58","gpioa":0,"gpiob":0,"gpioc":32768,"gpiod":0,"gpioe":0,"modeltime":0,"type":"gpio"}
,[6.4.2023 | 18:28:2] {"client-id":"f2d93652-3699-469e-98fc-94787b337d58","gpioa":0,"gpiob":0,"gpioc":32768,"gpiod":0,"gpioe":0,"modeltime":0,"type":"gpio"}
,[6.4.2023 | 18:28:2] {"client-id":"f2d93652-3699-469e-98fc-94787b337d58","gpioa":0,"gpiob":0,"gpioc":32768,"gpiod":0,"gpioe":0,"modeltime":0,"type":"gpio"}
,[6.4.2023 | 18:28:2] {"client-id":"f2d93652-3699-469e-98fc-94787b337d58","gpioa":0,"gpiob":0,"gpioc":32768,"gpiod":0,"gpioe":0,"modeltime":0,"type":"gpio"}
,[6.4.2023 | 18:28:2] {"client-id":"f2d93652-3699-469e-98fc-94787b337d58","gpioa":0,"gpiob":0,"gpioc":32768,"gpiod":0,"gpioe":0,"modeltime":0,"type":"gpio"}
,[6.4.2023 | 18:28:2] {"client-id":"f2d93652-3699-469e-98fc-94787b337d58","gpioa":0,"gpiob":0,"gpioc":32768,"gpiod":528,"gpioe":0,"modeltime":0,"type":"gpio"}
,[6.4.2023 | 18:28:2] {"client-id":"f2d93652-3699-469e-98fc-94787b337d58","gpioa":0,"gpiob":0,"gpioc":32768,"gpiod":528,"gpioe":0,"modeltime":0,"type":"gpio"}
,[6.4.2023 | 18:28:2] {"client-id":"f2d93652-3699-469e-98fc-94787b337d58","gpioa":0,"gpiob":0,"gpioc":32768,"gpiod":528,"gpioe":0,"modeltime":0,"type":"gpio"}
,[6.4.2023 | 18:28:2] {"client-id":"f2d93652-3699-469e-98fc-94787b337d58","gpioa":0,"gpiob":0,"gpioc":32768,"gpiod":528,"gpioe":0,"modeltime":0,"type":"gpio"}
,[6.4.2023 | 18:28:3] {"client-id":"f2d93652-3699-469e-98fc-94787b337d58","gpioa":0,"gpiob":0,"gpioc":32768,"gpiod":528,"gpioe":0,"modeltime":0,"type":"gpio"}
,[6.4.2023 | 18:28:3] {"client-id":"f2d93652-3699-469e-98fc-94787b337d58","gpioa":0,"gpiob":0,"gpioc":32768,"gpiod":0,"gpioe":0,"modeltime":0,"type":"gpio"}
,[6.4.2023 | 18:28:3] {"client-id":"f2d93652-3699-469e-98fc-94787b337d58","gpioa":0,"gpiob":0,"gpioc":32768,"gpiod":0,"gpioe":0,"modeltime":0,"type":"gpio"}
,[6.4.2023 | 18:28:3] {"client-id":"f2d93652-3699-469e-98fc-94787b337d58","gpioa":0,"gpiob":0,"gpioc":32768,"gpiod":0,"gpioe":16,"modeltime":0,"type":"gpio"}
,[6.4.2023 | 18:28:3] {"client-id":"f2d93652-3699-469e-98fc-94787b337d58","gpioa":0,"gpiob":0,"gpioc":32768,"gpiod":0,"gpioe":16,"modeltime":0,"type":"gpio"}
,[6.4.2023 | 18:28:3] {"client-id":"f2d93652-3699-469e-98fc-94787b337d58","gpioa":0,"gpiob":0,"gpioc":32768,"gpiod":0,"gpioe":16,"modeltime":0,"type":"gpio"}
,[6.4.2023 | 18:28:3] {"client-id":"f2d93652-3699-469e-98fc-94787b337d58","gpioa":0,"gpiob":0,"gpioc":32768,"gpiod":2080,"gpioe":16,"modeltime":0,"type":"gpio"}
,[6.4.2023 | 18:28:3] {"client-id":"f2d93652-3699-469e-98fc-94787b337d58","gpioa":0,"gpiob":0,"gpioc":32768,"gpiod":2080,"gpioe":16,"modeltime":0,"type":"gpio"}
,[6.4.2023 | 18:28:3] {"client-id":"f2d93652-3699-469e-98fc-94787b337d58","gpioa":0,"gpiob":0,"gpioc":32768,"gpiod":2080,"gpioe":16,"modeltime":0,"type":"gpio"}
,[6.4.2023 | 18:28:3] {"client-id":"f2d93652-3699-469e-98fc-94787b337d58","gpioa":0,"gpiob":0,"gpioc":32768,"gpiod":2080,"gpioe":16,"modeltime":0,"type":"gpio"}
,[6.4.2023 | 18:28:4] {"client-id":"f2d93652-3699-469e-98fc-94787b337d58","gpioa":0,"gpiob":0,"gpioc":32768,"gpiod":2080,"gpioe":16,"modeltime":0,"type":"gpio"}
,[6.4.2023 | 18:28:4] {"client-id":"f2d93652-3699-469e-98fc-94787b337d58","gpioa":0,"gpiob":0,"gpioc":32768,"gpiod":0,"gpioe":16,"modeltime":0,"type":"gpio"}
,[6.4.2023 | 18:28:4] {"client-id":"f2d93652-3699-469e-98fc-94787b337d58","gpioa":0,"gpiob":0,"gpioc":32768,"gpiod":0,"gpioe":16,"modeltime":0,"type":"gpio"}
,[6.4.2023 | 18:28:4] {"client-id":"f2d93652-3699-469e-98fc-94787b337d58","gpioa":0,"gpiob":0,"gpioc":32768,"gpiod":0,"gpioe":16,"modeltime":0,"type":"gpio"}
,[6.4.2023 | 18:28:4] {"client-id":"f2d93652-3699-469e-98fc-94787b337d58","gpioa":0,"gpiob":0,"gpioc":32768,"gpiod":0,"gpioe":16,"modeltime":0,"type":"gpio"}
,[6.4.2023 | 18:28:4] {"client-id":"f2d93652-3699-469e-98fc-94787b337d58","gpioa":0,"gpiob":0,"gpioc":32768,"gpiod":0,"gpioe":16,"modeltime":0,"type":"gpio"}
,[6.4.2023 | 18:28:4] {"client-id":"f2d93652-3699-469e-98fc-94787b337d58","gpioa":0,"gpiob":0,"gpioc":32768,"gpiod":0,"gpioe":16,"modeltime":0,"type":"gpio"}
,[6.4.2023 | 18:28:4] {"client-id":"f2d93652-3699-469e-98fc-94787b337d58","gpioa":0,"gpiob":0,"gpioc":32768,"gpiod":0,"gpioe":16,"modeltime":0,"type":"gpio"}
,[6.4.2023 | 18:28:4] {"client-id":"f2d93652-3699-469e-98fc-94787b337d58","gpioa":0,"gpiob":0,"gpioc":32768,"gpiod":0,"gpioe":16,"modeltime":0,"type":"gpio"}
,[6.4.2023 | 18:28:4] {"client-id":"f2d93652-3699-469e-98fc-94787b337d58","gpioa":0,"gpiob":0,"gpioc":32768,"gpiod":0,"gpioe":16,"modeltime":0,"type":"gpio"}
,[6.4.2023 | 18:28:5] {"client-id":"f2d93652-3699-469e-98fc-94787b337d58","gpioa":0,"gpiob":0,"gpioc":32768,"gpiod":0,"gpioe":16,"modeltime":0,"type":"gpio"}
,[6.4.2023 | 18:28:5] {"client-id":"f2d93652-3699-469e-98fc-94787b337d58","gpioa":0,"gpiob":0,"gpioc":32768,"gpiod":4160,"gpioe":16,"modeltime":0,"type":"gpio"}
,[6.4.2023 | 18:28:5] {"client-id":"f2d93652-3699-469e-98fc-94787b337d58","gpioa":0,"gpiob":0,"gpioc":32768,"gpiod":4160,"gpioe":16,"modeltime":0,"type":"gpio"}
,[6.4.2023 | 18:28:5] {"client-id":"f2d93652-3699-469e-98fc-94787b337d58","gpioa":0,"gpiob":0,"gpioc":32768,"gpiod":4160,"gpioe":16,"modeltime":0,"type":"gpio"}
,[6.4.2023 | 18:28:5] {"client-id":"f2d93652-3699-469e-98fc-94787b337d58","gpioa":0,"gpiob":0,"gpioc":32768,"gpiod":4160,"gpioe":16,"modeltime":0,"type":"gpio"}
,[6.4.2023 | 18:28:5] {"client-id":"f2d93652-3699-469e-98fc-94787b337d58","gpioa":0,"gpiob":0,"gpioc":32768,"gpiod":4160,"gpioe":16,"modeltime":0,"type":"gpio"}
,[6.4.2023 | 18:28:5] {"client-id":"f2d93652-3699-469e-98fc-94787b337d58","gpioa":0,"gpiob":0,"gpioc":32768,"gpiod":4160,"gpioe":16,"modeltime":0,"type":"gpio"}
,[6.4.2023 | 18:28:5] {"client-id":"f2d93652-3699-469e-98fc-94787b337d58","gpioa":0,"gpiob":0,"gpioc":32768,"gpiod":4160,"gpioe":16,"modeltime":0,"type":"gpio"}
,[6.4.2023 | 18:28:5] {"client-id":"f2d93652-3699-469e-98fc-94787b337d58","gpioa":0,"gpiob":0,"gpioc":32768,"gpiod":4160,"gpioe":16,"modeltime":0,"type":"gpio"}
,[6.4.2023 | 18:28:5] {"client-id":"f2d93652-3699-469e-98fc-94787b337d58","gpioa":0,"gpiob":0,"gpioc":32768,"gpiod":4160,"gpioe":16,"modeltime":0,"type":"gpio"}
,[6.4.2023 | 18:28:6] {"client-id":"f2d93652-3699-469e-98fc-94787b337d58","gpioa":0,"gpiob":0,"gpioc":32768,"gpiod":4160,"gpioe":16,"modeltime":0,"type":"gpio"}
,[6.4.2023 | 18:28:6] {"client-id":"f2d93652-3699-469e-98fc-94787b337d58","gpioa":0,"gpiob":0,"gpioc":32768,"gpiod":4160,"gpioe":16,"modeltime":0,"type":"gpio"}
,[6.4.2023 | 18:28:6] {"client-id":"f2d93652-3699-469e-98fc-94787b337d58","gpioa":0,"gpiob":0,"gpioc":32768,"gpiod":4160,"gpioe":16,"modeltime":0,"type":"gpio"}
,[6.4.2023 | 18:28:6] {"client-id":"f2d93652-3699-469e-98fc-94787b337d58","gpioa":0,"gpiob":0,"gpioc":32768,"gpiod":4160,"gpioe":16,"modeltime":0,"type":"gpio"}
,[6.4.2023 | 18:28:6] {"client-id":"f2d93652-3699-469e-98fc-94787b337d58","gpioa":0,"gpiob":0,"gpioc":32768,"gpiod":4160,"gpioe":16,"modeltime":0,"type":"gpio"}
,[6.4.2023 | 18:28:6] {"client-id":"f2d93652-3699-469e-98fc-94787b337d58","gpioa":0,"gpiob":0,"gpioc":32768,"gpiod":4160,"gpioe":16,"modeltime":0,"type":"gpio"}
,[6.4.2023 | 18:28:6] {"client-id":"f2d93652-3699-469e-98fc-94787b337d58","gpioa":0,"gpiob":0,"gpioc":32768,"gpiod":0,"gpioe":16,"modeltime":0,"type":"gpio"}
,[6.4.2023 | 18:28:6] {"client-id":"f2d93652-3699-469e-98fc-94787b337d58","gpioa":0,"gpiob":0,"gpioc":32768,"gpiod":0,"gpioe":16,"modeltime":0,"type":"gpio"}
,[6.4.2023 | 18:28:6] {"client-id":"f2d93652-3699-469e-98fc-94787b337d58","gpioa":0,"gpiob":0,"gpioc":32768,"gpiod":0,"gpioe":16,"modeltime":0,"type":"gpio"}
,[6.4.2023 | 18:28:7] {"client-id":"f2d93652-3699-469e-98fc-94787b337d58","gpioa":0,"gpiob":0,"gpioc":32768,"gpiod":0,"gpioe":16,"modeltime":0,"type":"gpio"}
,[6.4.2023 | 18:28:7] {"client-id":"f2d93652-3699-469e-98fc-94787b337d58","gpioa":0,"gpiob":0,"gpioc":32768,"gpiod":0,"gpioe":16,"modeltime":0,"type":"gpio"}
,[6.4.2023 | 18:28:7] {"client-id":"f2d93652-3699-469e-98fc-94787b337d58","gpioa":0,"gpiob":0,"gpioc":32768,"gpiod":0,"gpioe":16,"modeltime":0,"type":"gpio"}
,[6.4.2023 | 18:28:7] {"client-id":"f2d93652-3699-469e-98fc-94787b337d58","gpioa":0,"gpiob":0,"gpioc":32768,"gpiod":0,"gpioe":16,"modeltime":0,"type":"gpio"}
,[6.4.2023 | 18:28:7] {"client-id":"f2d93652-3699-469e-98fc-94787b337d58","gpioa":0,"gpiob":0,"gpioc":32768,"gpiod":0,"gpioe":16,"modeltime":0,"type":"gpio"}
,[6.4.2023 | 18:28:7] {"client-id":"f2d93652-3699-469e-98fc-94787b337d58","gpioa":0,"gpiob":0,"gpioc":32768,"gpiod":0,"gpioe":16,"modeltime":0,"type":"gpio"}
,[6.4.2023 | 18:28:7] {"client-id":"f2d93652-3699-469e-98fc-94787b337d58","gpioa":0,"gpiob":0,"gpioc":32768,"gpiod":0,"gpioe":16,"modeltime":0,"type":"gpio"}
,[6.4.2023 | 18:28:7] {"client-id":"f2d93652-3699-469e-98fc-94787b337d58","gpioa":0,"gpiob":0,"gpioc":32768,"gpiod":2080,"gpioe":16,"modeltime":0,"type":"gpio"}
,[6.4.2023 | 18:28:7] {"client-id":"f2d93652-3699-469e-98fc-94787b337d58","gpioa":0,"gpiob":0,"gpioc":32768,"gpiod":2080,"gpioe":16,"modeltime":0,"type":"gpio"}
,[6.4.2023 | 18:28:7] {"client-id":"f2d93652-3699-469e-98fc-94787b337d58","gpioa":0,"gpiob":0,"gpioc":32768,"gpiod":2080,"gpioe":16,"modeltime":0,"type":"gpio"}
,[6.4.2023 | 18:28:7] {"client-id":"f2d93652-3699-469e-98fc-94787b337d58","gpioa":0,"gpiob":0,"gpioc":32768,"gpiod":2080,"gpioe":16,"modeltime":0,"type":"gpio"}
,[6.4.2023 | 18:28:8] {"client-id":"f2d93652-3699-469e-98fc-94787b337d58","gpioa":0,"gpiob":0,"gpioc":32768,"gpiod":2080,"gpioe":16,"modeltime":0,"type":"gpio"}
,[6.4.2023 | 18:28:8] {"client-id":"f2d93652-3699-469e-98fc-94787b337d58","gpioa":0,"gpiob":0,"gpioc":32768,"gpiod":2080,"gpioe":16,"modeltime":0,"type":"gpio"}
,[6.4.2023 | 18:28:8] {"client-id":"f2d93652-3699-469e-98fc-94787b337d58","gpioa":0,"gpiob":0,"gpioc":32768,"gpiod":2080,"gpioe":16,"modeltime":0,"type":"gpio"}
,[6.4.2023 | 18:28:8] {"client-id":"f2d93652-3699-469e-98fc-94787b337d58","gpioa":0,"gpiob":0,"gpioc":32768,"gpiod":2080,"gpioe":16,"modeltime":0,"type":"gpio"}
,[6.4.2023 | 18:28:8] {"client-id":"f2d93652-3699-469e-98fc-94787b337d58","gpioa":0,"gpiob":0,"gpioc":32768,"gpiod":2080,"gpioe":272,"modeltime":0,"type":"gpio"}
,[6.4.2023 | 18:28:8] {"client-id":"f2d93652-3699-469e-98fc-94787b337d58","gpioa":0,"gpiob":0,"gpioc":32768,"gpiod":2080,"gpioe":272,"modeltime":0,"type":"gpio"}
,[6.4.2023 | 18:28:8] {"client-id":"f2d93652-3699-469e-98fc-94787b337d58","gpioa":0,"gpiob":0,"gpioc":32768,"gpiod":2080,"gpioe":272,"modeltime":0,"type":"gpio"}
,[6.4.2023 | 18:28:8] {"client-id":"f2d93652-3699-469e-98fc-94787b337d58","gpioa":0,"gpiob":0,"gpioc":32768,"gpiod":2080,"gpioe":272,"modeltime":0,"type":"gpio"}
,[6.4.2023 | 18:28:8] {"client-id":"f2d93652-3699-469e-98fc-94787b337d58","gpioa":0,"gpiob":0,"gpioc":32768,"gpiod":2080,"gpioe":272,"modeltime":0,"type":"gpio"}
,[6.4.2023 | 18:28:8] {"client-id":"f2d93652-3699-469e-98fc-94787b337d58","gpioa":0,"gpiob":0,"gpioc":32768,"gpiod":2080,"gpioe":272,"modeltime":0,"type":"gpio"}
,[6.4.2023 | 18:28:9] {"client-id":"f2d93652-3699-469e-98fc-94787b337d58","gpioa":0,"gpiob":0,"gpioc":32768,"gpiod":2080,"gpioe":272,"modeltime":0,"type":"gpio"}
,[6.4.2023 | 18:28:9] {"client-id":"f2d93652-3699-469e-98fc-94787b337d58","gpioa":0,"gpiob":0,"gpioc":32768,"gpiod":0,"gpioe":272,"modeltime":0,"type":"gpio"}
,[6.4.2023 | 18:28:9] {"client-id":"f2d93652-3699-469e-98fc-94787b337d58","gpioa":0,"gpiob":0,"gpioc":32768,"gpiod":0,"gpioe":272,"modeltime":0,"type":"gpio"}
,[6.4.2023 | 18:28:9] {"client-id":"f2d93652-3699-469e-98fc-94787b337d58","gpioa":0,"gpiob":0,"gpioc":32768,"gpiod":0,"gpioe":272,"modeltime":0,"type":"gpio"}
,[6.4.2023 | 18:28:9] {"client-id":"f2d93652-3699-469e-98fc-94787b337d58","gpioa":0,"gpiob":0,"gpioc":32768,"gpiod":0,"gpioe":272,"modeltime":0,"type":"gpio"}
,[6.4.2023 | 18:28:9] {"client-id":"f2d93652-3699-469e-98fc-94787b337d58","gpioa":0,"gpiob":0,"gpioc":32768,"gpiod":0,"gpioe":272,"modeltime":0,"type":"gpio"}
,[6.4.2023 | 18:28:9] {"client-id":"f2d93652-3699-469e-98fc-94787b337d58","gpioa":0,"gpiob":0,"gpioc":32768,"gpiod":0,"gpioe":272,"modeltime":0,"type":"gpio"}
,[6.4.2023 | 18:28:9] {"client-id":"f2d93652-3699-469e-98fc-94787b337d58","gpioa":0,"gpiob":0,"gpioc":32768,"gpiod":0,"gpioe":272,"modeltime":0,"type":"gpio"}
,[6.4.2023 | 18:28:9] {"client-id":"f2d93652-3699-469e-98fc-94787b337d58","gpioa":0,"gpiob":0,"gpioc":32768,"gpiod":0,"gpioe":272,"modeltime":0,"type":"gpio"}
,[6.4.2023 | 18:28:9] {"client-id":"f2d93652-3699-469e-98fc-94787b337d58","gpioa":0,"gpiob":0,"gpioc":32768,"gpiod":0,"gpioe":272,"modeltime":0,"type":"gpio"}
,[6.4.2023 | 18:28:10] {"client-id":"f2d93652-3699-469e-98fc-94787b337d58","gpioa":0,"gpiob":0,"gpioc":32768,"gpiod":0,"gpioe":272,"modeltime":0,"type":"gpio"}
,[6.4.2023 | 18:28:10] {"client-id":"f2d93652-3699-469e-98fc-94787b337d58","gpioa":0,"gpiob":0,"gpioc":32768,"gpiod":0,"gpioe":272,"modeltime":0,"type":"gpio"}
,[6.4.2023 | 18:28:10] {"client-id":"f2d93652-3699-469e-98fc-94787b337d58","gpioa":0,"gpiob":0,"gpioc":32768,"gpiod":0,"gpioe":272,"modeltime":0,"type":"gpio"}
,[6.4.2023 | 18:28:10] {"client-id":"f2d93652-3699-469e-98fc-94787b337d58","gpioa":0,"gpiob":0,"gpioc":32768,"gpiod":0,"gpioe":272,"modeltime":0,"type":"gpio"}
,[6.4.2023 | 18:28:10] {"client-id":"f2d93652-3699-469e-98fc-94787b337d58","gpioa":0,"gpiob":0,"gpioc":32768,"gpiod":0,"gpioe":272,"modeltime":0,"type":"gpio"}
,[6.4.2023 | 18:28:10] {"client-id":"f2d93652-3699-469e-98fc-94787b337d58","gpioa":0,"gpiob":0,"gpioc":32768,"gpiod":0,"gpioe":272,"modeltime":0,"type":"gpio"}
,[6.4.2023 | 18:28:10] {"client-id":"f2d93652-3699-469e-98fc-94787b337d58","gpioa":0,"gpiob":0,"gpioc":32768,"gpiod":528,"gpioe":272,"modeltime":0,"type":"gpio"}
,[6.4.2023 | 18:28:10] {"client-id":"f2d93652-3699-469e-98fc-94787b337d58","gpioa":0,"gpiob":0,"gpioc":32768,"gpiod":528,"gpioe":272,"modeltime":0,"type":"gpio"}
,[6.4.2023 | 18:28:10] {"client-id":"f2d93652-3699-469e-98fc-94787b337d58","gpioa":0,"gpiob":0,"gpioc":32768,"gpiod":528,"gpioe":272,"modeltime":0,"type":"gpio"}
,[6.4.2023 | 18:28:10] {"client-id":"f2d93652-3699-469e-98fc-94787b337d58","gpioa":0,"gpiob":0,"gpioc":32768,"gpiod":528,"gpioe":272,"modeltime":0,"type":"gpio"}
,[6.4.2023 | 18:28:11] {"client-id":"f2d93652-3699-469e-98fc-94787b337d58","gpioa":0,"gpiob":0,"gpioc":32768,"gpiod":528,"gpioe":272,"modeltime":0,"type":"gpio"}
,[6.4.2023 | 18:28:11] {"client-id":"f2d93652-3699-469e-98fc-94787b337d58","gpioa":0,"gpiob":0,"gpioc":32768,"gpiod":528,"gpioe":272,"modeltime":0,"type":"gpio"}
,[6.4.2023 | 18:28:11] {"client-id":"f2d93652-3699-469e-98fc-94787b337d58","gpioa":0,"gpiob":0,"gpioc":32768,"gpiod":528,"gpioe":272,"modeltime":0,"type":"gpio"}
,[6.4.2023 | 18:28:11] {"client-id":"f2d93652-3699-469e-98fc-94787b337d58","gpioa":0,"gpiob":0,"gpioc":32768,"gpiod":528,"gpioe":272,"modeltime":0,"type":"gpio"}
,[6.4.2023 | 18:28:11] {"client-id":"f2d93652-3699-469e-98fc-94787b337d58","gpioa":0,"gpiob":0,"gpioc":32768,"gpiod":528,"gpioe":272,"modeltime":0,"type":"gpio"}
,[6.4.2023 | 18:28:11] {"client-id":"f2d93652-3699-469e-98fc-94787b337d58","gpioa":0,"gpiob":0,"gpioc":32768,"gpiod":528,"gpioe":272,"modeltime":0,"type":"gpio"}
,[6.4.2023 | 18:28:11] {"client-id":"f2d93652-3699-469e-98fc-94787b337d58","gpioa":0,"gpiob":0,"gpioc":32768,"gpiod":528,"gpioe":272,"modeltime":0,"type":"gpio"}
,[6.4.2023 | 18:28:11] {"client-id":"f2d93652-3699-469e-98fc-94787b337d58","gpioa":0,"gpiob":0,"gpioc":32768,"gpiod":528,"gpioe":272,"modeltime":0,"type":"gpio"}
,[6.4.2023 | 18:28:11] {"client-id":"f2d93652-3699-469e-98fc-94787b337d58","gpioa":0,"gpiob":0,"gpioc":32768,"gpiod":528,"gpioe":272,"modeltime":0,"type":"gpio"}
,[6.4.2023 | 18:28:11] {"client-id":"f2d93652-3699-469e-98fc-94787b337d58","gpioa":0,"gpiob":0,"gpioc":32768,"gpiod":528,"gpioe":272,"modeltime":0,"type":"gpio"}
,[6.4.2023 | 18:28:12] {"client-id":"f2d93652-3699-469e-98fc-94787b337d58","gpioa":0,"gpiob":0,"gpioc":32768,"gpiod":528,"gpioe":272,"modeltime":0,"type":"gpio"}
,[6.4.2023 | 18:28:12] {"client-id":"f2d93652-3699-469e-98fc-94787b337d58","gpioa":0,"gpiob":0,"gpioc":32768,"gpiod":528,"gpioe":272,"modeltime":0,"type":"gpio"}
,[6.4.2023 | 18:28:12] {"client-id":"f2d93652-3699-469e-98fc-94787b337d58","gpioa":0,"gpiob":0,"gpioc":32768,"gpiod":528,"gpioe":272,"modeltime":0,"type":"gpio"}
,[6.4.2023 | 18:28:12] {"client-id":"f2d93652-3699-469e-98fc-94787b337d58","gpioa":0,"gpiob":0,"gpioc":32768,"gpiod":528,"gpioe":272,"modeltime":0,"type":"gpio"}
,[6.4.2023 | 18:28:12] {"client-id":"f2d93652-3699-469e-98fc-94787b337d58","gpioa":0,"gpiob":0,"gpioc":32768,"gpiod":528,"gpioe":272,"modeltime":0,"type":"gpio"}
,[6.4.2023 | 18:28:12] {"client-id":"f2d93652-3699-469e-98fc-94787b337d58","gpioa":0,"gpiob":0,"gpioc":32768,"gpiod":528,"gpioe":272,"modeltime":0,"type":"gpio"}
,[6.4.2023 | 18:28:12] {"client-id":"f2d93652-3699-469e-98fc-94787b337d58","gpioa":0,"gpiob":0,"gpioc":32768,"gpiod":0,"gpioe":272,"modeltime":0,"type":"gpio"}
,[6.4.2023 | 18:28:12] {"client-id":"f2d93652-3699-469e-98fc-94787b337d58","gpioa":0,"gpiob":0,"gpioc":32768,"gpiod":0,"gpioe":272,"modeltime":0,"type":"gpio"}
,[6.4.2023 | 18:28:12] {"client-id":"f2d93652-3699-469e-98fc-94787b337d58","gpioa":0,"gpiob":0,"gpioc":32768,"gpiod":0,"gpioe":272,"modeltime":0,"type":"gpio"}
,[6.4.2023 | 18:28:12] {"client-id":"f2d93652-3699-469e-98fc-94787b337d58","gpioa":0,"gpiob":0,"gpioc":32768,"gpiod":0,"gpioe":272,"modeltime":0,"type":"gpio"}
,[6.4.2023 | 18:28:13] {"client-id":"f2d93652-3699-469e-98fc-94787b337d58","gpioa":0,"gpiob":0,"gpioc":32768,"gpiod":0,"gpioe":272,"modeltime":0,"type":"gpio"}
,[6.4.2023 | 18:28:13] {"client-id":"f2d93652-3699-469e-98fc-94787b337d58","gpioa":0,"gpiob":0,"gpioc":32768,"gpiod":0,"gpioe":272,"modeltime":0,"type":"gpio"}
,[6.4.2023 | 18:28:13] {"client-id":"f2d93652-3699-469e-98fc-94787b337d58","gpioa":0,"gpiob":0,"gpioc":32768,"gpiod":0,"gpioe":272,"modeltime":0,"type":"gpio"}
,[6.4.2023 | 18:28:13] {"client-id":"f2d93652-3699-469e-98fc-94787b337d58","gpioa":0,"gpiob":0,"gpioc":32768,"gpiod":0,"gpioe":272,"modeltime":0,"type":"gpio"}
,[6.4.2023 | 18:28:13] {"client-id":"f2d93652-3699-469e-98fc-94787b337d58","gpioa":0,"gpiob":0,"gpioc":32768,"gpiod":0,"gpioe":272,"modeltime":0,"type":"gpio"}
,[6.4.2023 | 18:28:13] {"client-id":"f2d93652-3699-469e-98fc-94787b337d58","gpioa":0,"gpiob":0,"gpioc":32768,"gpiod":0,"gpioe":272,"modeltime":0,"type":"gpio"}
,[6.4.2023 | 18:28:13] {"client-id":"f2d93652-3699-469e-98fc-94787b337d58","gpioa":0,"gpiob":0,"gpioc":32768,"gpiod":0,"gpioe":272,"modeltime":0,"type":"gpio"}
,[6.4.2023 | 18:28:13] {"client-id":"f2d93652-3699-469e-98fc-94787b337d58","gpioa":0,"gpiob":0,"gpioc":32768,"gpiod":0,"gpioe":272,"modeltime":0,"type":"gpio"}
,[6.4.2023 | 18:28:13] {"client-id":"f2d93652-3699-469e-98fc-94787b337d58","gpioa":0,"gpiob":0,"gpioc":32768,"gpiod":0,"gpioe":272,"modeltime":0,"type":"gpio"}
,[6.4.2023 | 18:28:13] {"client-id":"f2d93652-3699-469e-98fc-94787b337d58","gpioa":0,"gpiob":0,"gpioc":32768,"gpiod":0,"gpioe":272,"modeltime":0,"type":"gpio"}
,[6.4.2023 | 18:28:14] {"client-id":"f2d93652-3699-469e-98fc-94787b337d58","gpioa":0,"gpiob":0,"gpioc":32768,"gpiod":0,"gpioe":272,"modeltime":0,"type":"gpio"}
,[6.4.2023 | 18:28:14] {"client-id":"f2d93652-3699-469e-98fc-94787b337d58","gpioa":0,"gpiob":0,"gpioc":32768,"gpiod":264,"gpioe":272,"modeltime":0,"type":"gpio"}
,[6.4.2023 | 18:28:14] {"client-id":"f2d93652-3699-469e-98fc-94787b337d58","gpioa":0,"gpiob":0,"gpioc":32768,"gpiod":264,"gpioe":272,"modeltime":0,"type":"gpio"}
,[6.4.2023 | 18:28:14] {"client-id":"f2d93652-3699-469e-98fc-94787b337d58","gpioa":0,"gpiob":0,"gpioc":32768,"gpiod":264,"gpioe":272,"modeltime":0,"type":"gpio"}
,[6.4.2023 | 18:28:14] {"client-id":"f2d93652-3699-469e-98fc-94787b337d58","gpioa":0,"gpiob":0,"gpioc":32768,"gpiod":264,"gpioe":272,"modeltime":0,"type":"gpio"}
,[6.4.2023 | 18:28:14] {"client-id":"f2d93652-3699-469e-98fc-94787b337d58","gpioa":0,"gpiob":0,"gpioc":32768,"gpiod":264,"gpioe":272,"modeltime":0,"type":"gpio"}
,[6.4.2023 | 18:28:14] {"client-id":"f2d93652-3699-469e-98fc-94787b337d58","gpioa":0,"gpiob":0,"gpioc":32768,"gpiod":264,"gpioe":272,"modeltime":0,"type":"gpio"}
,[6.4.2023 | 18:28:14] {"client-id":"f2d93652-3699-469e-98fc-94787b337d58","gpioa":0,"gpiob":0,"gpioc":32768,"gpiod":264,"gpioe":272,"modeltime":0,"type":"gpio"}
,[6.4.2023 | 18:28:14] {"client-id":"f2d93652-3699-469e-98fc-94787b337d58","gpioa":0,"gpiob":0,"gpioc":32768,"gpiod":264,"gpioe":272,"modeltime":0,"type":"gpio"}
,[6.4.2023 | 18:28:14] {"client-id":"f2d93652-3699-469e-98fc-94787b337d58","gpioa":0,"gpiob":0,"gpioc":32768,"gpiod":264,"gpioe":272,"modeltime":0,"type":"gpio"}
,[6.4.2023 | 18:28:15] {"client-id":"f2d93652-3699-469e-98fc-94787b337d58","gpioa":0,"gpiob":0,"gpioc":32768,"gpiod":264,"gpioe":4368,"modeltime":0,"type":"gpio"}
,[6.4.2023 | 18:28:15] {"client-id":"f2d93652-3699-469e-98fc-94787b337d58","gpioa":0,"gpiob":0,"gpioc":32768,"gpiod":264,"gpioe":4368,"modeltime":0,"type":"gpio"}
,[6.4.2023 | 18:28:15] {"client-id":"f2d93652-3699-469e-98fc-94787b337d58","gpioa":0,"gpiob":0,"gpioc":32768,"gpiod":264,"gpioe":4368,"modeltime":0,"type":"gpio"}
,[6.4.2023 | 18:28:15] {"client-id":"f2d93652-3699-469e-98fc-94787b337d58","gpioa":0,"gpiob":0,"gpioc":32768,"gpiod":264,"gpioe":4368,"modeltime":0,"type":"gpio"}
,[6.4.2023 | 18:28:15] {"client-id":"f2d93652-3699-469e-98fc-94787b337d58","gpioa":0,"gpiob":0,"gpioc":32768,"gpiod":264,"gpioe":4368,"modeltime":0,"type":"gpio"}
,[6.4.2023 | 18:28:15] {"client-id":"f2d93652-3699-469e-98fc-94787b337d58","gpioa":0,"gpiob":0,"gpioc":32768,"gpiod":264,"gpioe":4368,"modeltime":0,"type":"gpio"}
,[6.4.2023 | 18:28:15] {"client-id":"f2d93652-3699-469e-98fc-94787b337d58","gpioa":0,"gpiob":0,"gpioc":32768,"gpiod":264,"gpioe":4368,"modeltime":0,"type":"gpio"}
,[6.4.2023 | 18:28:15] {"client-id":"f2d93652-3699-469e-98fc-94787b337d58","gpioa":0,"gpiob":0,"gpioc":32768,"gpiod":264,"gpioe":4368,"modeltime":0,"type":"gpio"}
,[6.4.2023 | 18:28:15] {"client-id":"f2d93652-3699-469e-98fc-94787b337d58","gpioa":0,"gpiob":0,"gpioc":32768,"gpiod":264,"gpioe":4368,"modeltime":0,"type":"gpio"}
,[6.4.2023 | 18:28:15] {"client-id":"f2d93652-3699-469e-98fc-94787b337d58","gpioa":0,"gpiob":0,"gpioc":32768,"gpiod":264,"gpioe":4368,"modeltime":0,"type":"gpio"}
,[6.4.2023 | 18:28:16] {"client-id":"f2d93652-3699-469e-98fc-94787b337d58","gpioa":0,"gpiob":0,"gpioc":32768,"gpiod":264,"gpioe":4368,"modeltime":0,"type":"gpio"}
,[6.4.2023 | 18:28:16] {"client-id":"f2d93652-3699-469e-98fc-94787b337d58","gpioa":0,"gpiob":0,"gpioc":32768,"gpiod":0,"gpioe":4368,"modeltime":0,"type":"gpio"}
,[6.4.2023 | 18:28:16] {"client-id":"f2d93652-3699-469e-98fc-94787b337d58","gpioa":0,"gpiob":0,"gpioc":32768,"gpiod":0,"gpioe":4368,"modeltime":0,"type":"gpio"}
,[6.4.2023 | 18:28:16] {"client-id":"f2d93652-3699-469e-98fc-94787b337d58","gpioa":0,"gpiob":0,"gpioc":32768,"gpiod":0,"gpioe":4368,"modeltime":0,"type":"gpio"}
,[6.4.2023 | 18:28:16] {"client-id":"f2d93652-3699-469e-98fc-94787b337d58","gpioa":0,"gpiob":0,"gpioc":32768,"gpiod":0,"gpioe":4368,"modeltime":0,"type":"gpio"}
,[6.4.2023 | 18:28:16] {"client-id":"f2d93652-3699-469e-98fc-94787b337d58","gpioa":0,"gpiob":0,"gpioc":32768,"gpiod":0,"gpioe":4368,"modeltime":0,"type":"gpio"}
,[6.4.2023 | 18:28:16] {"client-id":"f2d93652-3699-469e-98fc-94787b337d58","gpioa":0,"gpiob":0,"gpioc":32768,"gpiod":0,"gpioe":4368,"modeltime":0,"type":"gpio"}
,[6.4.2023 | 18:28:16] {"client-id":"f2d93652-3699-469e-98fc-94787b337d58","gpioa":0,"gpiob":0,"gpioc":32768,"gpiod":0,"gpioe":4368,"modeltime":0,"type":"gpio"}
,[6.4.2023 | 18:28:16] {"client-id":"f2d93652-3699-469e-98fc-94787b337d58","gpioa":0,"gpiob":0,"gpioc":32768,"gpiod":0,"gpioe":4368,"modeltime":0,"type":"gpio"}
,[6.4.2023 | 18:28:16] {"client-id":"f2d93652-3699-469e-98fc-94787b337d58","gpioa":0,"gpiob":0,"gpioc":32768,"gpiod":0,"gpioe":4368,"modeltime":0,"type":"gpio"}
,[6.4.2023 | 18:28:17] {"client-id":"f2d93652-3699-469e-98fc-94787b337d58","gpioa":0,"gpiob":0,"gpioc":32768,"gpiod":0,"gpioe":4368,"modeltime":0,"type":"gpio"}
,[6.4.2023 | 18:28:17] {"client-id":"f2d93652-3699-469e-98fc-94787b337d58","gpioa":0,"gpiob":0,"gpioc":32768,"gpiod":0,"gpioe":4368,"modeltime":0,"type":"gpio"}
,[6.4.2023 | 18:28:17] {"client-id":"f2d93652-3699-469e-98fc-94787b337d58","gpioa":0,"gpiob":0,"gpioc":32768,"gpiod":0,"gpioe":4368,"modeltime":0,"type":"gpio"}
,[6.4.2023 | 18:28:17] {"client-id":"f2d93652-3699-469e-98fc-94787b337d58","gpioa":0,"gpiob":0,"gpioc":32768,"gpiod":0,"gpioe":4368,"modeltime":0,"type":"gpio"}
,[6.4.2023 | 18:28:17] {"client-id":"f2d93652-3699-469e-98fc-94787b337d58","gpioa":0,"gpiob":0,"gpioc":32768,"gpiod":0,"gpioe":4368,"modeltime":0,"type":"gpio"}
,[6.4.2023 | 18:28:17] {"client-id":"f2d93652-3699-469e-98fc-94787b337d58","gpioa":0,"gpiob":0,"gpioc":32768,"gpiod":0,"gpioe":4368,"modeltime":0,"type":"gpio"}
,[6.4.2023 | 18:28:17] {"client-id":"f2d93652-3699-469e-98fc-94787b337d58","gpioa":0,"gpiob":0,"gpioc":32768,"gpiod":264,"gpioe":4368,"modeltime":0,"type":"gpio"}
,[6.4.2023 | 18:28:17] {"client-id":"f2d93652-3699-469e-98fc-94787b337d58","gpioa":0,"gpiob":0,"gpioc":32768,"gpiod":264,"gpioe":4368,"modeltime":0,"type":"gpio"}
,[6.4.2023 | 18:28:17] {"client-id":"f2d93652-3699-469e-98fc-94787b337d58","gpioa":0,"gpiob":0,"gpioc":32768,"gpiod":264,"gpioe":4368,"modeltime":0,"type":"gpio"}
,[6.4.2023 | 18:28:17] {"client-id":"f2d93652-3699-469e-98fc-94787b337d58","gpioa":0,"gpiob":0,"gpioc":32768,"gpiod":264,"gpioe":4368,"modeltime":0,"type":"gpio"}
,[6.4.2023 | 18:28:18] {"client-id":"f2d93652-3699-469e-98fc-94787b337d58","gpioa":0,"gpiob":0,"gpioc":32768,"gpiod":264,"gpioe":4368,"modeltime":0,"type":"gpio"}
,[6.4.2023 | 18:28:18] {"client-id":"f2d93652-3699-469e-98fc-94787b337d58","gpioa":0,"gpiob":0,"gpioc":32768,"gpiod":264,"gpioe":4368,"modeltime":0,"type":"gpio"}
,[6.4.2023 | 18:28:18] {"client-id":"f2d93652-3699-469e-98fc-94787b337d58","gpioa":0,"gpiob":0,"gpioc":32768,"gpiod":264,"gpioe":4368,"modeltime":0,"type":"gpio"}
,[6.4.2023 | 18:28:18] {"client-id":"f2d93652-3699-469e-98fc-94787b337d58","gpioa":0,"gpiob":0,"gpioc":32768,"gpiod":264,"gpioe":4368,"modeltime":0,"type":"gpio"}
,[6.4.2023 | 18:28:18] {"client-id":"f2d93652-3699-469e-98fc-94787b337d58","gpioa":0,"gpiob":0,"gpioc":32768,"gpiod":264,"gpioe":4368,"modeltime":0,"type":"gpio"}
,[6.4.2023 | 18:28:18] {"client-id":"f2d93652-3699-469e-98fc-94787b337d58","gpioa":0,"gpiob":0,"gpioc":32768,"gpiod":264,"gpioe":4368,"modeltime":0,"type":"gpio"}
,[6.4.2023 | 18:28:18] {"client-id":"f2d93652-3699-469e-98fc-94787b337d58","gpioa":0,"gpiob":0,"gpioc":32768,"gpiod":264,"gpioe":4368,"modeltime":0,"type":"gpio"}
,[6.4.2023 | 18:28:18] {"client-id":"f2d93652-3699-469e-98fc-94787b337d58","gpioa":0,"gpiob":0,"gpioc":32768,"gpiod":264,"gpioe":4368,"modeltime":0,"type":"gpio"}
,[6.4.2023 | 18:28:18] {"client-id":"f2d93652-3699-469e-98fc-94787b337d58","gpioa":0,"gpiob":0,"gpioc":32768,"gpiod":264,"gpioe":4368,"modeltime":0,"type":"gpio"}
,[6.4.2023 | 18:28:18] {"client-id":"f2d93652-3699-469e-98fc-94787b337d58","gpioa":0,"gpiob":0,"gpioc":32768,"gpiod":264,"gpioe":4368,"modeltime":0,"type":"gpio"}
,[6.4.2023 | 18:28:19] {"client-id":"f2d93652-3699-469e-98fc-94787b337d58","gpioa":0,"gpiob":0,"gpioc":32768,"gpiod":264,"gpioe":4368,"modeltime":0,"type":"gpio"}
,[6.4.2023 | 18:28:19] {"client-id":"f2d93652-3699-469e-98fc-94787b337d58","gpioa":0,"gpiob":0,"gpioc":32768,"gpiod":264,"gpioe":4368,"modeltime":0,"type":"gpio"}
,[6.4.2023 | 18:28:19] {"client-id":"f2d93652-3699-469e-98fc-94787b337d58","gpioa":0,"gpiob":0,"gpioc":32768,"gpiod":264,"gpioe":4368,"modeltime":0,"type":"gpio"}
,[6.4.2023 | 18:28:19] {"client-id":"f2d93652-3699-469e-98fc-94787b337d58","gpioa":0,"gpiob":0,"gpioc":32768,"gpiod":264,"gpioe":4368,"modeltime":0,"type":"gpio"}
,[6.4.2023 | 18:28:19] {"client-id":"f2d93652-3699-469e-98fc-94787b337d58","gpioa":0,"gpiob":0,"gpioc":32768,"gpiod":264,"gpioe":4368,"modeltime":0,"type":"gpio"}
,[6.4.2023 | 18:28:19] {"client-id":"f2d93652-3699-469e-98fc-94787b337d58","gpioa":0,"gpiob":0,"gpioc":32768,"gpiod":264,"gpioe":4368,"modeltime":0,"type":"gpio"}
,[6.4.2023 | 18:28:19] {"client-id":"f2d93652-3699-469e-98fc-94787b337d58","gpioa":0,"gpiob":0,"gpioc":32768,"gpiod":0,"gpioe":4368,"modeltime":0,"type":"gpio"}
,[6.4.2023 | 18:28:19] {"client-id":"f2d93652-3699-469e-98fc-94787b337d58","gpioa":0,"gpiob":0,"gpioc":32768,"gpiod":0,"gpioe":4368,"modeltime":0,"type":"gpio"}
,[6.4.2023 | 18:28:19] {"client-id":"f2d93652-3699-469e-98fc-94787b337d58","gpioa":0,"gpiob":0,"gpioc":32768,"gpiod":0,"gpioe":4368,"modeltime":0,"type":"gpio"}
,[6.4.2023 | 18:28:19] {"client-id":"f2d93652-3699-469e-98fc-94787b337d58","gpioa":0,"gpiob":0,"gpioc":32768,"gpiod":0,"gpioe":4368,"modeltime":0,"type":"gpio"}
,[6.4.2023 | 18:28:20] {"client-id":"f2d93652-3699-469e-98fc-94787b337d58","gpioa":0,"gpiob":0,"gpioc":32768,"gpiod":0,"gpioe":4368,"modeltime":0,"type":"gpio"}
,[6.4.2023 | 18:28:20] {"client-id":"f2d93652-3699-469e-98fc-94787b337d58","gpioa":0,"gpiob":0,"gpioc":32768,"gpiod":0,"gpioe":4368,"modeltime":0,"type":"gpio"}
,[6.4.2023 | 18:28:20] {"client-id":"f2d93652-3699-469e-98fc-94787b337d58","gpioa":0,"gpiob":0,"gpioc":32768,"gpiod":0,"gpioe":4368,"modeltime":0,"type":"gpio"}
,[6.4.2023 | 18:28:20] {"client-id":"f2d93652-3699-469e-98fc-94787b337d58","gpioa":0,"gpiob":0,"gpioc":32768,"gpiod":0,"gpioe":4368,"modeltime":0,"type":"gpio"}
,[6.4.2023 | 18:28:20] {"client-id":"f2d93652-3699-469e-98fc-94787b337d58","gpioa":0,"gpiob":0,"gpioc":32768,"gpiod":0,"gpioe":4368,"modeltime":0,"type":"gpio"}
,[6.4.2023 | 18:28:20] {"client-id":"f2d93652-3699-469e-98fc-94787b337d58","gpioa":0,"gpiob":0,"gpioc":32768,"gpiod":0,"gpioe":4368,"modeltime":0,"type":"gpio"}
,[6.4.2023 | 18:28:20] {"client-id":"f2d93652-3699-469e-98fc-94787b337d58","gpioa":0,"gpiob":0,"gpioc":32768,"gpiod":0,"gpioe":4368,"modeltime":0,"type":"gpio"}
,[6.4.2023 | 18:28:20] {"client-id":"f2d93652-3699-469e-98fc-94787b337d58","gpioa":0,"gpiob":0,"gpioc":32768,"gpiod":0,"gpioe":4368,"modeltime":0,"type":"gpio"}
,[6.4.2023 | 18:28:20] {"client-id":"f2d93652-3699-469e-98fc-94787b337d58","gpioa":0,"gpiob":0,"gpioc":32768,"gpiod":0,"gpioe":4368,"modeltime":0,"type":"gpio"}
,[6.4.2023 | 18:28:21] {"client-id":"f2d93652-3699-469e-98fc-94787b337d58","gpioa":0,"gpiob":0,"gpioc":32768,"gpiod":0,"gpioe":4368,"modeltime":0,"type":"gpio"}
,[6.4.2023 | 18:28:21] {"client-id":"f2d93652-3699-469e-98fc-94787b337d58","gpioa":0,"gpiob":0,"gpioc":32768,"gpiod":0,"gpioe":4368,"modeltime":0,"type":"gpio"}
,[6.4.2023 | 18:28:21] {"client-id":"f2d93652-3699-469e-98fc-94787b337d58","gpioa":0,"gpiob":0,"gpioc":32768,"gpiod":528,"gpioe":4368,"modeltime":0,"type":"gpio"}
,[6.4.2023 | 18:28:21] {"client-id":"f2d93652-3699-469e-98fc-94787b337d58","gpioa":0,"gpiob":0,"gpioc":32768,"gpiod":528,"gpioe":4368,"modeltime":0,"type":"gpio"}
,[6.4.2023 | 18:28:21] {"client-id":"f2d93652-3699-469e-98fc-94787b337d58","gpioa":0,"gpiob":0,"gpioc":32768,"gpiod":528,"gpioe":4368,"modeltime":0,"type":"gpio"}
,[6.4.2023 | 18:28:21] {"client-id":"f2d93652-3699-469e-98fc-94787b337d58","gpioa":0,"gpiob":0,"gpioc":32768,"gpiod":528,"gpioe":4368,"modeltime":0,"type":"gpio"}
,[6.4.2023 | 18:28:21] {"client-id":"f2d93652-3699-469e-98fc-94787b337d58","gpioa":0,"gpiob":0,"gpioc":32768,"gpiod":528,"gpioe":4368,"modeltime":0,"type":"gpio"}
,[6.4.2023 | 18:28:21] {"client-id":"f2d93652-3699-469e-98fc-94787b337d58","gpioa":0,"gpiob":0,"gpioc":32768,"gpiod":528,"gpioe":4368,"modeltime":0,"type":"gpio"}
,[6.4.2023 | 18:28:21] {"client-id":"f2d93652-3699-469e-98fc-94787b337d58","gpioa":0,"gpiob":0,"gpioc":32768,"gpiod":528,"gpioe":4368,"modeltime":0,"type":"gpio"}
,[6.4.2023 | 18:28:21] {"client-id":"f2d93652-3699-469e-98fc-94787b337d58","gpioa":0,"gpiob":0,"gpioc":32768,"gpiod":528,"gpioe":5392,"modeltime":0,"type":"gpio"}
,[6.4.2023 | 18:28:21] {"client-id":"f2d93652-3699-469e-98fc-94787b337d58","gpioa":0,"gpiob":0,"gpioc":32768,"gpiod":528,"gpioe":5392,"modeltime":0,"type":"gpio"}
,[6.4.2023 | 18:28:22] {"client-id":"f2d93652-3699-469e-98fc-94787b337d58","gpioa":0,"gpiob":0,"gpioc":32768,"gpiod":528,"gpioe":5392,"modeltime":0,"type":"gpio"}
,[6.4.2023 | 18:28:22] {"client-id":"f2d93652-3699-469e-98fc-94787b337d58","gpioa":0,"gpiob":0,"gpioc":32768,"gpiod":528,"gpioe":5392,"modeltime":0,"type":"gpio"}
,[6.4.2023 | 18:28:22] {"client-id":"f2d93652-3699-469e-98fc-94787b337d58","gpioa":0,"gpiob":0,"gpioc":32768,"gpiod":528,"gpioe":5392,"modeltime":0,"type":"gpio"}
,[6.4.2023 | 18:28:22] {"client-id":"f2d93652-3699-469e-98fc-94787b337d58","gpioa":0,"gpiob":0,"gpioc":32768,"gpiod":528,"gpioe":5392,"modeltime":0,"type":"gpio"}
,[6.4.2023 | 18:28:22] {"client-id":"f2d93652-3699-469e-98fc-94787b337d58","gpioa":0,"gpiob":0,"gpioc":32768,"gpiod":528,"gpioe":5392,"modeltime":0,"type":"gpio"}
,[6.4.2023 | 18:28:22] {"client-id":"f2d93652-3699-469e-98fc-94787b337d58","gpioa":0,"gpiob":0,"gpioc":32768,"gpiod":528,"gpioe":5392,"modeltime":0,"type":"gpio"}
,[6.4.2023 | 18:28:22] {"client-id":"f2d93652-3699-469e-98fc-94787b337d58","gpioa":0,"gpiob":0,"gpioc":32768,"gpiod":528,"gpioe":5392,"modeltime":0,"type":"gpio"}
,[6.4.2023 | 18:28:22] {"client-id":"f2d93652-3699-469e-98fc-94787b337d58","gpioa":0,"gpiob":0,"gpioc":32768,"gpiod":528,"gpioe":5392,"modeltime":0,"type":"gpio"}
,[6.4.2023 | 18:28:22] {"client-id":"f2d93652-3699-469e-98fc-94787b337d58","gpioa":0,"gpiob":0,"gpioc":32768,"gpiod":528,"gpioe":5392,"modeltime":0,"type":"gpio"}
,[6.4.2023 | 18:28:22] {"client-id":"f2d93652-3699-469e-98fc-94787b337d58","gpioa":0,"gpiob":0,"gpioc":32768,"gpiod":528,"gpioe":5392,"modeltime":0,"type":"gpio"}
,[6.4.2023 | 18:28:23] {"client-id":"f2d93652-3699-469e-98fc-94787b337d58","gpioa":0,"gpiob":0,"gpioc":32768,"gpiod":528,"gpioe":5392,"modeltime":0,"type":"gpio"}
,[6.4.2023 | 18:28:23] {"client-id":"f2d93652-3699-469e-98fc-94787b337d58","gpioa":0,"gpiob":0,"gpioc":32768,"gpiod":0,"gpioe":5392,"modeltime":0,"type":"gpio"}
,[6.4.2023 | 18:28:23] {"client-id":"f2d93652-3699-469e-98fc-94787b337d58","gpioa":0,"gpiob":0,"gpioc":32768,"gpiod":0,"gpioe":5392,"modeltime":0,"type":"gpio"}
,[6.4.2023 | 18:28:23] {"client-id":"f2d93652-3699-469e-98fc-94787b337d58","gpioa":0,"gpiob":0,"gpioc":32768,"gpiod":0,"gpioe":5392,"modeltime":0,"type":"gpio"}
,[6.4.2023 | 18:28:23] {"client-id":"f2d93652-3699-469e-98fc-94787b337d58","gpioa":0,"gpiob":0,"gpioc":32768,"gpiod":0,"gpioe":5392,"modeltime":0,"type":"gpio"}
,[6.4.2023 | 18:28:23] {"client-id":"f2d93652-3699-469e-98fc-94787b337d58","gpioa":0,"gpiob":0,"gpioc":32768,"gpiod":0,"gpioe":5392,"modeltime":0,"type":"gpio"}
,[6.4.2023 | 18:28:23] {"client-id":"f2d93652-3699-469e-98fc-94787b337d58","gpioa":0,"gpiob":0,"gpioc":32768,"gpiod":0,"gpioe":5392,"modeltime":0,"type":"gpio"}
,[6.4.2023 | 18:28:23] {"client-id":"f2d93652-3699-469e-98fc-94787b337d58","gpioa":0,"gpiob":0,"gpioc":32768,"gpiod":0,"gpioe":5392,"modeltime":0,"type":"gpio"}
,[6.4.2023 | 18:28:23] {"client-id":"f2d93652-3699-469e-98fc-94787b337d58","gpioa":0,"gpiob":0,"gpioc":32768,"gpiod":0,"gpioe":5392,"modeltime":0,"type":"gpio"}
,[6.4.2023 | 18:28:23] {"client-id":"f2d93652-3699-469e-98fc-94787b337d58","gpioa":0,"gpiob":0,"gpioc":32768,"gpiod":0,"gpioe":5392,"modeltime":0,"type":"gpio"}
,[6.4.2023 | 18:28:24] {"client-id":"f2d93652-3699-469e-98fc-94787b337d58","gpioa":0,"gpiob":0,"gpioc":32768,"gpiod":0,"gpioe":5392,"modeltime":0,"type":"gpio"}
,[6.4.2023 | 18:28:24] {"client-id":"f2d93652-3699-469e-98fc-94787b337d58","gpioa":0,"gpiob":0,"gpioc":32768,"gpiod":0,"gpioe":5392,"modeltime":0,"type":"gpio"}
,[6.4.2023 | 18:28:24] {"client-id":"f2d93652-3699-469e-98fc-94787b337d58","gpioa":0,"gpiob":0,"gpioc":32768,"gpiod":0,"gpioe":5392,"modeltime":0,"type":"gpio"}
,[6.4.2023 | 18:28:24] {"client-id":"f2d93652-3699-469e-98fc-94787b337d58","gpioa":0,"gpiob":0,"gpioc":32768,"gpiod":0,"gpioe":5392,"modeltime":0,"type":"gpio"}
,[6.4.2023 | 18:28:24] {"client-id":"f2d93652-3699-469e-98fc-94787b337d58","gpioa":0,"gpiob":0,"gpioc":32768,"gpiod":0,"gpioe":5392,"modeltime":0,"type":"gpio"}
,[6.4.2023 | 18:28:24] {"client-id":"f2d93652-3699-469e-98fc-94787b337d58","gpioa":0,"gpiob":0,"gpioc":32768,"gpiod":0,"gpioe":5392,"modeltime":0,"type":"gpio"}
,[6.4.2023 | 18:28:24] {"client-id":"f2d93652-3699-469e-98fc-94787b337d58","gpioa":0,"gpiob":0,"gpioc":32768,"gpiod":0,"gpioe":5392,"modeltime":0,"type":"gpio"}
,[6.4.2023 | 18:28:24] {"client-id":"f2d93652-3699-469e-98fc-94787b337d58","gpioa":0,"gpiob":0,"gpioc":32768,"gpiod":0,"gpioe":5392,"modeltime":0,"type":"gpio"}
,[6.4.2023 | 18:28:24] {"client-id":"f2d93652-3699-469e-98fc-94787b337d58","gpioa":0,"gpiob":0,"gpioc":32768,"gpiod":0,"gpioe":5392,"modeltime":0,"type":"gpio"}
,[6.4.2023 | 18:28:24] {"client-id":"f2d93652-3699-469e-98fc-94787b337d58","gpioa":0,"gpiob":0,"gpioc":32768,"gpiod":0,"gpioe":5392,"modeltime":0,"type":"gpio"}
,[6.4.2023 | 18:28:25] {"client-id":"f2d93652-3699-469e-98fc-94787b337d58","gpioa":0,"gpiob":0,"gpioc":32768,"gpiod":0,"gpioe":5392,"modeltime":0,"type":"gpio"}
,[6.4.2023 | 18:28:25] {"client-id":"f2d93652-3699-469e-98fc-94787b337d58","gpioa":0,"gpiob":0,"gpioc":32768,"gpiod":2080,"gpioe":5392,"modeltime":0,"type":"gpio"}
,[6.4.2023 | 18:28:25] {"client-id":"f2d93652-3699-469e-98fc-94787b337d58","gpioa":0,"gpiob":0,"gpioc":32768,"gpiod":2080,"gpioe":5392,"modeltime":0,"type":"gpio"}
,[6.4.2023 | 18:28:25] {"client-id":"f2d93652-3699-469e-98fc-94787b337d58","gpioa":0,"gpiob":0,"gpioc":32768,"gpiod":2080,"gpioe":5392,"modeltime":0,"type":"gpio"}
,[6.4.2023 | 18:28:25] {"client-id":"f2d93652-3699-469e-98fc-94787b337d58","gpioa":0,"gpiob":0,"gpioc":32768,"gpiod":2080,"gpioe":5392,"modeltime":0,"type":"gpio"}
,[6.4.2023 | 18:28:25] {"client-id":"f2d93652-3699-469e-98fc-94787b337d58","gpioa":0,"gpiob":0,"gpioc":32768,"gpiod":2080,"gpioe":5392,"modeltime":0,"type":"gpio"}
,[6.4.2023 | 18:28:25] {"client-id":"f2d93652-3699-469e-98fc-94787b337d58","gpioa":0,"gpiob":0,"gpioc":32768,"gpiod":2080,"gpioe":5392,"modeltime":0,"type":"gpio"}
,[6.4.2023 | 18:28:25] {"client-id":"f2d93652-3699-469e-98fc-94787b337d58","gpioa":0,"gpiob":0,"gpioc":32768,"gpiod":2080,"gpioe":5392,"modeltime":0,"type":"gpio"}
,[6.4.2023 | 18:28:25] {"client-id":"f2d93652-3699-469e-98fc-94787b337d58","gpioa":0,"gpiob":0,"gpioc":32768,"gpiod":2080,"gpioe":5392,"modeltime":0,"type":"gpio"}
,[6.4.2023 | 18:28:25] {"client-id":"f2d93652-3699-469e-98fc-94787b337d58","gpioa":0,"gpiob":0,"gpioc":32768,"gpiod":2080,"gpioe":5392,"modeltime":0,"type":"gpio"}
,[6.4.2023 | 18:28:26] {"client-id":"f2d93652-3699-469e-98fc-94787b337d58","gpioa":0,"gpiob":0,"gpioc":32768,"gpiod":2080,"gpioe":5392,"modeltime":0,"type":"gpio"}
,[6.4.2023 | 18:28:26] {"client-id":"f2d93652-3699-469e-98fc-94787b337d58","gpioa":0,"gpiob":0,"gpioc":32768,"gpiod":2080,"gpioe":5392,"modeltime":0,"type":"gpio"}
,[6.4.2023 | 18:28:26] {"client-id":"f2d93652-3699-469e-98fc-94787b337d58","gpioa":0,"gpiob":0,"gpioc":32768,"gpiod":2080,"gpioe":5392,"modeltime":0,"type":"gpio"}
,[6.4.2023 | 18:28:26] {"client-id":"f2d93652-3699-469e-98fc-94787b337d58","gpioa":0,"gpiob":0,"gpioc":32768,"gpiod":2080,"gpioe":5392,"modeltime":0,"type":"gpio"}
,[6.4.2023 | 18:28:26] {"client-id":"f2d93652-3699-469e-98fc-94787b337d58","gpioa":0,"gpiob":0,"gpioc":32768,"gpiod":2080,"gpioe":5392,"modeltime":0,"type":"gpio"}
,[6.4.2023 | 18:28:26] {"client-id":"f2d93652-3699-469e-98fc-94787b337d58","gpioa":0,"gpiob":0,"gpioc":32768,"gpiod":2080,"gpioe":5392,"modeltime":0,"type":"gpio"}
,[6.4.2023 | 18:28:26] {"client-id":"f2d93652-3699-469e-98fc-94787b337d58","gpioa":0,"gpiob":0,"gpioc":32768,"gpiod":2080,"gpioe":5392,"modeltime":0,"type":"gpio"}
,[6.4.2023 | 18:28:26] {"client-id":"f2d93652-3699-469e-98fc-94787b337d58","gpioa":0,"gpiob":0,"gpioc":32768,"gpiod":2080,"gpioe":5392,"modeltime":0,"type":"gpio"}
,[6.4.2023 | 18:28:26] {"client-id":"f2d93652-3699-469e-98fc-94787b337d58","gpioa":0,"gpiob":0,"gpioc":32768,"gpiod":2080,"gpioe":5392,"modeltime":0,"type":"gpio"}
,[6.4.2023 | 18:28:27] {"client-id":"f2d93652-3699-469e-98fc-94787b337d58","gpioa":0,"gpiob":0,"gpioc":32768,"gpiod":2080,"gpioe":5392,"modeltime":0,"type":"gpio"}
,[6.4.2023 | 18:28:27] {"client-id":"f2d93652-3699-469e-98fc-94787b337d58","gpioa":0,"gpiob":0,"gpioc":32768,"gpiod":2080,"gpioe":5392,"modeltime":0,"type":"gpio"}
,[6.4.2023 | 18:28:27] {"client-id":"f2d93652-3699-469e-98fc-94787b337d58","gpioa":0,"gpiob":0,"gpioc":32768,"gpiod":0,"gpioe":5392,"modeltime":0,"type":"gpio"}
,[6.4.2023 | 18:28:27] {"client-id":"f2d93652-3699-469e-98fc-94787b337d58","gpioa":0,"gpiob":0,"gpioc":32768,"gpiod":0,"gpioe":5392,"modeltime":0,"type":"gpio"}
,[6.4.2023 | 18:28:27] {"client-id":"f2d93652-3699-469e-98fc-94787b337d58","gpioa":0,"gpiob":0,"gpioc":32768,"gpiod":0,"gpioe":5392,"modeltime":0,"type":"gpio"}
,[6.4.2023 | 18:28:27] {"client-id":"f2d93652-3699-469e-98fc-94787b337d58","gpioa":0,"gpiob":0,"gpioc":32768,"gpiod":0,"gpioe":5392,"modeltime":0,"type":"gpio"}
,[6.4.2023 | 18:28:27] {"client-id":"f2d93652-3699-469e-98fc-94787b337d58","gpioa":0,"gpiob":0,"gpioc":32768,"gpiod":0,"gpioe":5392,"modeltime":0,"type":"gpio"}
,[6.4.2023 | 18:28:27] {"client-id":"f2d93652-3699-469e-98fc-94787b337d58","gpioa":0,"gpiob":0,"gpioc":32768,"gpiod":0,"gpioe":5392,"modeltime":0,"type":"gpio"}
,[6.4.2023 | 18:28:27] {"client-id":"f2d93652-3699-469e-98fc-94787b337d58","gpioa":0,"gpiob":0,"gpioc":32768,"gpiod":0,"gpioe":5392,"modeltime":0,"type":"gpio"}
,[6.4.2023 | 18:28:27] {"client-id":"f2d93652-3699-469e-98fc-94787b337d58","gpioa":0,"gpiob":0,"gpioc":32768,"gpiod":0,"gpioe":5392,"modeltime":0,"type":"gpio"}
,[6.4.2023 | 18:28:28] {"client-id":"f2d93652-3699-469e-98fc-94787b337d58","gpioa":0,"gpiob":0,"gpioc":32768,"gpiod":0,"gpioe":5392,"modeltime":0,"type":"gpio"}
,[6.4.2023 | 18:28:28] {"client-id":"f2d93652-3699-469e-98fc-94787b337d58","gpioa":0,"gpiob":0,"gpioc":32768,"gpiod":0,"gpioe":5392,"modeltime":0,"type":"gpio"}
,[6.4.2023 | 18:28:28] {"client-id":"f2d93652-3699-469e-98fc-94787b337d58","gpioa":0,"gpiob":0,"gpioc":32768,"gpiod":0,"gpioe":5392,"modeltime":0,"type":"gpio"}
,[6.4.2023 | 18:28:28] {"client-id":"f2d93652-3699-469e-98fc-94787b337d58","gpioa":0,"gpiob":0,"gpioc":32768,"gpiod":0,"gpioe":5392,"modeltime":0,"type":"gpio"}
,[6.4.2023 | 18:28:28] {"client-id":"f2d93652-3699-469e-98fc-94787b337d58","gpioa":0,"gpiob":0,"gpioc":32768,"gpiod":0,"gpioe":5392,"modeltime":0,"type":"gpio"}
,[6.4.2023 | 18:28:28] {"client-id":"f2d93652-3699-469e-98fc-94787b337d58","gpioa":0,"gpiob":0,"gpioc":32768,"gpiod":0,"gpioe":5392,"modeltime":0,"type":"gpio"}
,[6.4.2023 | 18:28:28] {"client-id":"f2d93652-3699-469e-98fc-94787b337d58","gpioa":0,"gpiob":0,"gpioc":32768,"gpiod":0,"gpioe":5392,"modeltime":0,"type":"gpio"}
,[6.4.2023 | 18:28:28] {"client-id":"f2d93652-3699-469e-98fc-94787b337d58","gpioa":0,"gpiob":0,"gpioc":32768,"gpiod":0,"gpioe":5392,"modeltime":0,"type":"gpio"}
,[6.4.2023 | 18:28:28] {"client-id":"f2d93652-3699-469e-98fc-94787b337d58","gpioa":0,"gpiob":0,"gpioc":32768,"gpiod":0,"gpioe":5392,"modeltime":0,"type":"gpio"}
,[6.4.2023 | 18:28:28] {"client-id":"f2d93652-3699-469e-98fc-94787b337d58","gpioa":0,"gpiob":0,"gpioc":32768,"gpiod":0,"gpioe":5392,"modeltime":0,"type":"gpio"}
,[6.4.2023 | 18:28:28] {"client-id":"f2d93652-3699-469e-98fc-94787b337d58","gpioa":0,"gpiob":0,"gpioc":32768,"gpiod":0,"gpioe":5392,"modeltime":0,"type":"gpio"}
,[6.4.2023 | 18:28:29] {"client-id":"f2d93652-3699-469e-98fc-94787b337d58","gpioa":0,"gpiob":0,"gpioc":32768,"gpiod":0,"gpioe":5392,"modeltime":0,"type":"gpio"}
,[6.4.2023 | 18:28:29] {"client-id":"f2d93652-3699-469e-98fc-94787b337d58","gpioa":0,"gpiob":0,"gpioc":32768,"gpiod":4160,"gpioe":5392,"modeltime":0,"type":"gpio"}
,[6.4.2023 | 18:28:29] {"client-id":"f2d93652-3699-469e-98fc-94787b337d58","gpioa":0,"gpiob":0,"gpioc":32768,"gpiod":4160,"gpioe":5392,"modeltime":0,"type":"gpio"}
,[6.4.2023 | 18:28:29] {"client-id":"f2d93652-3699-469e-98fc-94787b337d58","gpioa":0,"gpiob":0,"gpioc":32768,"gpiod":4160,"gpioe":5392,"modeltime":0,"type":"gpio"}
,[6.4.2023 | 18:28:29] {"client-id":"f2d93652-3699-469e-98fc-94787b337d58","gpioa":0,"gpiob":0,"gpioc":32768,"gpiod":4160,"gpioe":5392,"modeltime":0,"type":"gpio"}
,[6.4.2023 | 18:28:29] {"client-id":"f2d93652-3699-469e-98fc-94787b337d58","gpioa":0,"gpiob":0,"gpioc":32768,"gpiod":4160,"gpioe":5376,"modeltime":0,"type":"gpio"}
,[6.4.2023 | 18:28:29] {"client-id":"f2d93652-3699-469e-98fc-94787b337d58","gpioa":0,"gpiob":0,"gpioc":32768,"gpiod":4160,"gpioe":5376,"modeltime":0,"type":"gpio"}
,[6.4.2023 | 18:28:29] {"client-id":"f2d93652-3699-469e-98fc-94787b337d58","gpioa":0,"gpiob":0,"gpioc":32768,"gpiod":4160,"gpioe":5376,"modeltime":0,"type":"gpio"}
,[6.4.2023 | 18:28:29] {"client-id":"f2d93652-3699-469e-98fc-94787b337d58","gpioa":0,"gpiob":0,"gpioc":32768,"gpiod":4160,"gpioe":5376,"modeltime":0,"type":"gpio"}
,[6.4.2023 | 18:28:29] {"client-id":"f2d93652-3699-469e-98fc-94787b337d58","gpioa":0,"gpiob":0,"gpioc":32768,"gpiod":4160,"gpioe":5376,"modeltime":0,"type":"gpio"}
,[6.4.2023 | 18:28:30] {"client-id":"f2d93652-3699-469e-98fc-94787b337d58","gpioa":0,"gpiob":0,"gpioc":32768,"gpiod":4160,"gpioe":5376,"modeltime":0,"type":"gpio"}
,[6.4.2023 | 18:28:30] {"client-id":"f2d93652-3699-469e-98fc-94787b337d58","gpioa":0,"gpiob":0,"gpioc":32768,"gpiod":4160,"gpioe":5376,"modeltime":0,"type":"gpio"}
,[6.4.2023 | 18:28:30] {"client-id":"f2d93652-3699-469e-98fc-94787b337d58","gpioa":0,"gpiob":0,"gpioc":32768,"gpiod":4160,"gpioe":5376,"modeltime":0,"type":"gpio"}
,[6.4.2023 | 18:28:30] {"client-id":"f2d93652-3699-469e-98fc-94787b337d58","gpioa":0,"gpiob":0,"gpioc":32768,"gpiod":4160,"gpioe":5376,"modeltime":0,"type":"gpio"}
,[6.4.2023 | 18:28:30] {"client-id":"f2d93652-3699-469e-98fc-94787b337d58","gpioa":0,"gpiob":0,"gpioc":32768,"gpiod":4160,"gpioe":5376,"modeltime":0,"type":"gpio"}
,[6.4.2023 | 18:28:30] {"client-id":"f2d93652-3699-469e-98fc-94787b337d58","gpioa":0,"gpiob":0,"gpioc":32768,"gpiod":4160,"gpioe":5376,"modeltime":0,"type":"gpio"}
,[6.4.2023 | 18:28:30] {"client-id":"f2d93652-3699-469e-98fc-94787b337d58","gpioa":0,"gpiob":0,"gpioc":32768,"gpiod":4160,"gpioe":4352,"modeltime":0,"type":"gpio"}
,[6.4.2023 | 18:28:30] {"client-id":"f2d93652-3699-469e-98fc-94787b337d58","gpioa":0,"gpiob":0,"gpioc":32768,"gpiod":4160,"gpioe":4352,"modeltime":0,"type":"gpio"}
,[6.4.2023 | 18:28:30] {"client-id":"f2d93652-3699-469e-98fc-94787b337d58","gpioa":0,"gpiob":0,"gpioc":32768,"gpiod":4160,"gpioe":4352,"modeltime":0,"type":"gpio"}
,[6.4.2023 | 18:28:30] {"client-id":"f2d93652-3699-469e-98fc-94787b337d58","gpioa":0,"gpiob":0,"gpioc":32768,"gpiod":4160,"gpioe":4352,"modeltime":0,"type":"gpio"}
,[6.4.2023 | 18:28:31] {"client-id":"f2d93652-3699-469e-98fc-94787b337d58","gpioa":0,"gpiob":0,"gpioc":32768,"gpiod":4160,"gpioe":4352,"modeltime":0,"type":"gpio"}
,[6.4.2023 | 18:28:31] {"client-id":"f2d93652-3699-469e-98fc-94787b337d58","gpioa":0,"gpiob":0,"gpioc":32768,"gpiod":0,"gpioe":4352,"modeltime":0,"type":"gpio"}
,[6.4.2023 | 18:28:31] {"client-id":"f2d93652-3699-469e-98fc-94787b337d58","gpioa":0,"gpiob":0,"gpioc":32768,"gpiod":0,"gpioe":4352,"modeltime":0,"type":"gpio"}
,[6.4.2023 | 18:28:31] {"client-id":"f2d93652-3699-469e-98fc-94787b337d58","gpioa":0,"gpiob":0,"gpioc":32768,"gpiod":0,"gpioe":4352,"modeltime":0,"type":"gpio"}
,[6.4.2023 | 18:28:31] {"client-id":"f2d93652-3699-469e-98fc-94787b337d58","gpioa":0,"gpiob":0,"gpioc":32768,"gpiod":0,"gpioe":4352,"modeltime":0,"type":"gpio"}
,[6.4.2023 | 18:28:31] {"client-id":"f2d93652-3699-469e-98fc-94787b337d58","gpioa":0,"gpiob":0,"gpioc":32768,"gpiod":0,"gpioe":4352,"modeltime":0,"type":"gpio"}
,[6.4.2023 | 18:28:31] {"client-id":"f2d93652-3699-469e-98fc-94787b337d58","gpioa":0,"gpiob":0,"gpioc":32768,"gpiod":0,"gpioe":4352,"modeltime":0,"type":"gpio"}
,[6.4.2023 | 18:28:31] {"client-id":"f2d93652-3699-469e-98fc-94787b337d58","gpioa":0,"gpiob":0,"gpioc":32768,"gpiod":0,"gpioe":4352,"modeltime":0,"type":"gpio"}
,[6.4.2023 | 18:28:31] {"client-id":"f2d93652-3699-469e-98fc-94787b337d58","gpioa":0,"gpiob":0,"gpioc":32768,"gpiod":0,"gpioe":4352,"modeltime":0,"type":"gpio"}
,[6.4.2023 | 18:28:31] {"client-id":"f2d93652-3699-469e-98fc-94787b337d58","gpioa":0,"gpiob":0,"gpioc":32768,"gpiod":0,"gpioe":4352,"modeltime":0,"type":"gpio"}
,[6.4.2023 | 18:28:32] {"client-id":"f2d93652-3699-469e-98fc-94787b337d58","gpioa":0,"gpiob":0,"gpioc":32768,"gpiod":0,"gpioe":4352,"modeltime":0,"type":"gpio"}
,[6.4.2023 | 18:28:32] {"client-id":"f2d93652-3699-469e-98fc-94787b337d58","gpioa":0,"gpiob":0,"gpioc":32768,"gpiod":2080,"gpioe":4352,"modeltime":0,"type":"gpio"}
,[6.4.2023 | 18:28:32] {"client-id":"f2d93652-3699-469e-98fc-94787b337d58","gpioa":0,"gpiob":0,"gpioc":32768,"gpiod":2080,"gpioe":4352,"modeltime":0,"type":"gpio"}
,[6.4.2023 | 18:28:32] {"client-id":"f2d93652-3699-469e-98fc-94787b337d58","gpioa":0,"gpiob":0,"gpioc":32768,"gpiod":2080,"gpioe":4352,"modeltime":0,"type":"gpio"}
,[6.4.2023 | 18:28:32] {"client-id":"f2d93652-3699-469e-98fc-94787b337d58","gpioa":0,"gpiob":0,"gpioc":32768,"gpiod":2080,"gpioe":4352,"modeltime":0,"type":"gpio"}
,[6.4.2023 | 18:28:33] {"client-id":"f2d93652-3699-469e-98fc-94787b337d58","gpioa":0,"gpiob":0,"gpioc":32768,"gpiod":2080,"gpioe":4352,"modeltime":0,"type":"gpio"}
,[6.4.2023 | 18:28:33] {"client-id":"f2d93652-3699-469e-98fc-94787b337d58","gpioa":0,"gpiob":0,"gpioc":32768,"gpiod":2080,"gpioe":4352,"modeltime":0,"type":"gpio"}
,[6.4.2023 | 18:28:33] {"client-id":"f2d93652-3699-469e-98fc-94787b337d58","gpioa":0,"gpiob":0,"gpioc":32768,"gpiod":2080,"gpioe":4352,"modeltime":0,"type":"gpio"}
,[6.4.2023 | 18:28:33] {"client-id":"f2d93652-3699-469e-98fc-94787b337d58","gpioa":0,"gpiob":0,"gpioc":32768,"gpiod":2080,"gpioe":4352,"modeltime":0,"type":"gpio"}
,[6.4.2023 | 18:28:33] {"client-id":"f2d93652-3699-469e-98fc-94787b337d58","gpioa":0,"gpiob":0,"gpioc":32768,"gpiod":2080,"gpioe":4352,"modeltime":0,"type":"gpio"}
,[6.4.2023 | 18:28:33] {"client-id":"f2d93652-3699-469e-98fc-94787b337d58","gpioa":0,"gpiob":0,"gpioc":32768,"gpiod":2080,"gpioe":4352,"modeltime":0,"type":"gpio"}
,[6.4.2023 | 18:28:33] {"client-id":"f2d93652-3699-469e-98fc-94787b337d58","gpioa":0,"gpiob":0,"gpioc":32768,"gpiod":0,"gpioe":4352,"modeltime":0,"type":"gpio"}
,[6.4.2023 | 18:28:33] {"client-id":"f2d93652-3699-469e-98fc-94787b337d58","gpioa":0,"gpiob":0,"gpioc":32768,"gpiod":0,"gpioe":4352,"modeltime":0,"type":"gpio"}
,[6.4.2023 | 18:28:33] {"client-id":"f2d93652-3699-469e-98fc-94787b337d58","gpioa":0,"gpiob":0,"gpioc":32768,"gpiod":0,"gpioe":4352,"modeltime":0,"type":"gpio"}
,[6.4.2023 | 18:28:33] {"client-id":"f2d93652-3699-469e-98fc-94787b337d58","gpioa":0,"gpiob":0,"gpioc":32768,"gpiod":0,"gpioe":4352,"modeltime":0,"type":"gpio"}
,[6.4.2023 | 18:28:34] {"client-id":"f2d93652-3699-469e-98fc-94787b337d58","gpioa":0,"gpiob":0,"gpioc":32768,"gpiod":0,"gpioe":4352,"modeltime":0,"type":"gpio"}
,[6.4.2023 | 18:28:34] {"client-id":"f2d93652-3699-469e-98fc-94787b337d58","gpioa":0,"gpiob":0,"gpioc":32768,"gpiod":0,"gpioe":4352,"modeltime":0,"type":"gpio"}
,[6.4.2023 | 18:28:34] {"client-id":"f2d93652-3699-469e-98fc-94787b337d58","gpioa":0,"gpiob":0,"gpioc":32768,"gpiod":0,"gpioe":4352,"modeltime":0,"type":"gpio"}
,[6.4.2023 | 18:28:34] {"client-id":"f2d93652-3699-469e-98fc-94787b337d58","gpioa":0,"gpiob":0,"gpioc":32768,"gpiod":0,"gpioe":4352,"modeltime":0,"type":"gpio"}
,[6.4.2023 | 18:28:34] {"client-id":"f2d93652-3699-469e-98fc-94787b337d58","gpioa":0,"gpiob":0,"gpioc":32768,"gpiod":0,"gpioe":4352,"modeltime":0,"type":"gpio"}
,[6.4.2023 | 18:28:34] {"client-id":"f2d93652-3699-469e-98fc-94787b337d58","gpioa":0,"gpiob":0,"gpioc":32768,"gpiod":0,"gpioe":4096,"modeltime":0,"type":"gpio"}
,[6.4.2023 | 18:28:34] {"client-id":"f2d93652-3699-469e-98fc-94787b337d58","gpioa":0,"gpiob":0,"gpioc":32768,"gpiod":528,"gpioe":4096,"modeltime":0,"type":"gpio"}
,[6.4.2023 | 18:28:34] {"client-id":"f2d93652-3699-469e-98fc-94787b337d58","gpioa":0,"gpiob":0,"gpioc":32768,"gpiod":528,"gpioe":4096,"modeltime":0,"type":"gpio"}
,[6.4.2023 | 18:28:34] {"client-id":"f2d93652-3699-469e-98fc-94787b337d58","gpioa":0,"gpiob":0,"gpioc":32768,"gpiod":528,"gpioe":4096,"modeltime":0,"type":"gpio"}
,[6.4.2023 | 18:28:34] {"client-id":"f2d93652-3699-469e-98fc-94787b337d58","gpioa":0,"gpiob":0,"gpioc":32768,"gpiod":528,"gpioe":4096,"modeltime":0,"type":"gpio"}
,[6.4.2023 | 18:28:35] {"client-id":"f2d93652-3699-469e-98fc-94787b337d58","gpioa":0,"gpiob":0,"gpioc":32768,"gpiod":528,"gpioe":4096,"modeltime":0,"type":"gpio"}
,[6.4.2023 | 18:28:35] {"client-id":"f2d93652-3699-469e-98fc-94787b337d58","gpioa":0,"gpiob":0,"gpioc":32768,"gpiod":528,"gpioe":4096,"modeltime":0,"type":"gpio"}
,[6.4.2023 | 18:28:35] {"client-id":"f2d93652-3699-469e-98fc-94787b337d58","gpioa":0,"gpiob":0,"gpioc":32768,"gpiod":528,"gpioe":4096,"modeltime":0,"type":"gpio"}
,[6.4.2023 | 18:28:35] {"client-id":"f2d93652-3699-469e-98fc-94787b337d58","gpioa":0,"gpiob":0,"gpioc":32768,"gpiod":528,"gpioe":4096,"modeltime":0,"type":"gpio"}
,[6.4.2023 | 18:28:35] {"client-id":"f2d93652-3699-469e-98fc-94787b337d58","gpioa":0,"gpiob":0,"gpioc":32768,"gpiod":528,"gpioe":4096,"modeltime":0,"type":"gpio"}
,[6.4.2023 | 18:28:35] {"client-id":"f2d93652-3699-469e-98fc-94787b337d58","gpioa":0,"gpiob":0,"gpioc":32768,"gpiod":528,"gpioe":4096,"modeltime":0,"type":"gpio"}
,[6.4.2023 | 18:28:35] {"client-id":"f2d93652-3699-469e-98fc-94787b337d58","gpioa":0,"gpiob":0,"gpioc":32768,"gpiod":0,"gpioe":4096,"modeltime":0,"type":"gpio"}
,[6.4.2023 | 18:28:35] {"client-id":"f2d93652-3699-469e-98fc-94787b337d58","gpioa":0,"gpiob":0,"gpioc":32768,"gpiod":0,"gpioe":4096,"modeltime":0,"type":"gpio"}
,[6.4.2023 | 18:28:35] {"client-id":"f2d93652-3699-469e-98fc-94787b337d58","gpioa":0,"gpiob":0,"gpioc":32768,"gpiod":0,"gpioe":4096,"modeltime":0,"type":"gpio"}
,[6.4.2023 | 18:28:35] {"client-id":"f2d93652-3699-469e-98fc-94787b337d58","gpioa":0,"gpiob":0,"gpioc":32768,"gpiod":0,"gpioe":4096,"modeltime":0,"type":"gpio"}
,[6.4.2023 | 18:28:36] {"client-id":"f2d93652-3699-469e-98fc-94787b337d58","gpioa":0,"gpiob":0,"gpioc":32768,"gpiod":0,"gpioe":4096,"modeltime":0,"type":"gpio"}
,[6.4.2023 | 18:28:36] {"client-id":"f2d93652-3699-469e-98fc-94787b337d58","gpioa":0,"gpiob":0,"gpioc":32768,"gpiod":264,"gpioe":4096,"modeltime":0,"type":"gpio"}
,[6.4.2023 | 18:28:36] {"client-id":"f2d93652-3699-469e-98fc-94787b337d58","gpioa":0,"gpiob":0,"gpioc":32768,"gpiod":264,"gpioe":4096,"modeltime":0,"type":"gpio"}
,[6.4.2023 | 18:28:36] {"client-id":"f2d93652-3699-469e-98fc-94787b337d58","gpioa":0,"gpiob":0,"gpioc":32768,"gpiod":264,"gpioe":4096,"modeltime":0,"type":"gpio"}
,[6.4.2023 | 18:28:36] {"client-id":"f2d93652-3699-469e-98fc-94787b337d58","gpioa":0,"gpiob":0,"gpioc":32768,"gpiod":264,"gpioe":4096,"modeltime":0,"type":"gpio"}
,[6.4.2023 | 18:28:36] {"client-id":"f2d93652-3699-469e-98fc-94787b337d58","gpioa":0,"gpiob":0,"gpioc":32768,"gpiod":264,"gpioe":4096,"modeltime":0,"type":"gpio"}
,[6.4.2023 | 18:28:36] {"client-id":"f2d93652-3699-469e-98fc-94787b337d58","gpioa":0,"gpiob":0,"gpioc":32768,"gpiod":0,"gpioe":4096,"modeltime":0,"type":"gpio"}
,[6.4.2023 | 18:28:36] {"client-id":"f2d93652-3699-469e-98fc-94787b337d58","gpioa":0,"gpiob":0,"gpioc":32768,"gpiod":0,"gpioe":4096,"modeltime":0,"type":"gpio"}
,[6.4.2023 | 18:28:36] {"client-id":"f2d93652-3699-469e-98fc-94787b337d58","gpioa":0,"gpiob":0,"gpioc":32768,"gpiod":0,"gpioe":4096,"modeltime":0,"type":"gpio"}
,[6.4.2023 | 18:28:36] {"client-id":"f2d93652-3699-469e-98fc-94787b337d58","gpioa":0,"gpiob":0,"gpioc":32768,"gpiod":0,"gpioe":4096,"modeltime":0,"type":"gpio"}
,[6.4.2023 | 18:28:37] {"client-id":"f2d93652-3699-469e-98fc-94787b337d58","gpioa":0,"gpiob":0,"gpioc":32768,"gpiod":0,"gpioe":4096,"modeltime":0,"type":"gpio"}
,[6.4.2023 | 18:28:37] {"client-id":"f2d93652-3699-469e-98fc-94787b337d58","gpioa":0,"gpiob":0,"gpioc":32768,"gpiod":0,"gpioe":4096,"modeltime":0,"type":"gpio"}
,[6.4.2023 | 18:28:37] {"client-id":"f2d93652-3699-469e-98fc-94787b337d58","gpioa":0,"gpiob":0,"gpioc":32768,"gpiod":0,"gpioe":4096,"modeltime":0,"type":"gpio"}
,[6.4.2023 | 18:28:37] {"client-id":"f2d93652-3699-469e-98fc-94787b337d58","gpioa":0,"gpiob":0,"gpioc":32768,"gpiod":0,"gpioe":4096,"modeltime":0,"type":"gpio"}
,[6.4.2023 | 18:28:37] {"client-id":"f2d93652-3699-469e-98fc-94787b337d58","gpioa":0,"gpiob":0,"gpioc":32768,"gpiod":0,"gpioe":4096,"modeltime":0,"type":"gpio"}
,[6.4.2023 | 18:28:37] {"client-id":"f2d93652-3699-469e-98fc-94787b337d58","gpioa":0,"gpiob":0,"gpioc":32768,"gpiod":0,"gpioe":4096,"modeltime":0,"type":"gpio"}
,[6.4.2023 | 18:28:37] {"client-id":"f2d93652-3699-469e-98fc-94787b337d58","gpioa":0,"gpiob":0,"gpioc":32768,"gpiod":264,"gpioe":4096,"modeltime":0,"type":"gpio"}
,[6.4.2023 | 18:28:37] {"client-id":"f2d93652-3699-469e-98fc-94787b337d58","gpioa":0,"gpiob":0,"gpioc":32768,"gpiod":264,"gpioe":4096,"modeltime":0,"type":"gpio"}
,[6.4.2023 | 18:28:37] {"client-id":"f2d93652-3699-469e-98fc-94787b337d58","gpioa":0,"gpiob":0,"gpioc":32768,"gpiod":264,"gpioe":4096,"modeltime":0,"type":"gpio"}
,[6.4.2023 | 18:28:37] {"client-id":"f2d93652-3699-469e-98fc-94787b337d58","gpioa":0,"gpiob":0,"gpioc":32768,"gpiod":264,"gpioe":4096,"modeltime":0,"type":"gpio"}
,[6.4.2023 | 18:28:38] {"client-id":"f2d93652-3699-469e-98fc-94787b337d58","gpioa":0,"gpiob":0,"gpioc":32768,"gpiod":264,"gpioe":4096,"modeltime":0,"type":"gpio"}
,[6.4.2023 | 18:28:38] {"client-id":"f2d93652-3699-469e-98fc-94787b337d58","gpioa":0,"gpiob":0,"gpioc":32768,"gpiod":0,"gpioe":4096,"modeltime":0,"type":"gpio"}
,[6.4.2023 | 18:28:38] {"client-id":"f2d93652-3699-469e-98fc-94787b337d58","gpioa":0,"gpiob":0,"gpioc":32768,"gpiod":0,"gpioe":4096,"modeltime":0,"type":"gpio"}
,[6.4.2023 | 18:28:38] {"client-id":"f2d93652-3699-469e-98fc-94787b337d58","gpioa":0,"gpiob":0,"gpioc":32768,"gpiod":0,"gpioe":4096,"modeltime":0,"type":"gpio"}
,[6.4.2023 | 18:28:38] {"client-id":"f2d93652-3699-469e-98fc-94787b337d58","gpioa":0,"gpiob":0,"gpioc":32768,"gpiod":0,"gpioe":4096,"modeltime":0,"type":"gpio"}
,[6.4.2023 | 18:28:38] {"client-id":"f2d93652-3699-469e-98fc-94787b337d58","gpioa":0,"gpiob":0,"gpioc":32768,"gpiod":0,"gpioe":4096,"modeltime":0,"type":"gpio"}
,[6.4.2023 | 18:28:38] {"client-id":"f2d93652-3699-469e-98fc-94787b337d58","gpioa":0,"gpiob":0,"gpioc":32768,"gpiod":528,"gpioe":4096,"modeltime":0,"type":"gpio"}
,[6.4.2023 | 18:28:38] {"client-id":"f2d93652-3699-469e-98fc-94787b337d58","gpioa":0,"gpiob":0,"gpioc":32768,"gpiod":528,"gpioe":4096,"modeltime":0,"type":"gpio"}
,[6.4.2023 | 18:28:38] {"client-id":"f2d93652-3699-469e-98fc-94787b337d58","gpioa":0,"gpiob":0,"gpioc":32768,"gpiod":528,"gpioe":4096,"modeltime":0,"type":"gpio"}
,[6.4.2023 | 18:28:38] {"client-id":"f2d93652-3699-469e-98fc-94787b337d58","gpioa":0,"gpiob":0,"gpioc":32768,"gpiod":528,"gpioe":4096,"modeltime":0,"type":"gpio"}
,[6.4.2023 | 18:28:39] {"client-id":"f2d93652-3699-469e-98fc-94787b337d58","gpioa":0,"gpiob":0,"gpioc":32768,"gpiod":528,"gpioe":4096,"modeltime":0,"type":"gpio"}
,[6.4.2023 | 18:28:39] {"client-id":"f2d93652-3699-469e-98fc-94787b337d58","gpioa":0,"gpiob":0,"gpioc":32768,"gpiod":0,"gpioe":4096,"modeltime":0,"type":"gpio"}
,[6.4.2023 | 18:28:39] {"client-id":"f2d93652-3699-469e-98fc-94787b337d58","gpioa":0,"gpiob":0,"gpioc":32768,"gpiod":0,"gpioe":4096,"modeltime":0,"type":"gpio"}
,[6.4.2023 | 18:28:39] {"client-id":"f2d93652-3699-469e-98fc-94787b337d58","gpioa":0,"gpiob":0,"gpioc":32768,"gpiod":0,"gpioe":4096,"modeltime":0,"type":"gpio"}
,[6.4.2023 | 18:28:39] {"client-id":"f2d93652-3699-469e-98fc-94787b337d58","gpioa":0,"gpiob":0,"gpioc":32768,"gpiod":0,"gpioe":4096,"modeltime":0,"type":"gpio"}
,[6.4.2023 | 18:28:39] {"client-id":"f2d93652-3699-469e-98fc-94787b337d58","gpioa":0,"gpiob":0,"gpioc":32768,"gpiod":0,"gpioe":4096,"modeltime":0,"type":"gpio"}
,[6.4.2023 | 18:28:39] {"client-id":"f2d93652-3699-469e-98fc-94787b337d58","gpioa":0,"gpiob":0,"gpioc":32768,"gpiod":2080,"gpioe":4096,"modeltime":0,"type":"gpio"}
,[6.4.2023 | 18:28:39] {"client-id":"f2d93652-3699-469e-98fc-94787b337d58","gpioa":0,"gpiob":0,"gpioc":32768,"gpiod":2080,"gpioe":4096,"modeltime":0,"type":"gpio"}
,[6.4.2023 | 18:28:39] {"client-id":"f2d93652-3699-469e-98fc-94787b337d58","gpioa":0,"gpiob":0,"gpioc":32768,"gpiod":2080,"gpioe":4096,"modeltime":0,"type":"gpio"}
,[6.4.2023 | 18:28:39] {"client-id":"f2d93652-3699-469e-98fc-94787b337d58","gpioa":0,"gpiob":0,"gpioc":32768,"gpiod":2080,"gpioe":4096,"modeltime":0,"type":"gpio"}
,[6.4.2023 | 18:28:40] {"client-id":"f2d93652-3699-469e-98fc-94787b337d58","gpioa":0,"gpiob":0,"gpioc":32768,"gpiod":2080,"gpioe":4096,"modeltime":0,"type":"gpio"}
,[6.4.2023 | 18:28:40] {"client-id":"f2d93652-3699-469e-98fc-94787b337d58","gpioa":0,"gpiob":0,"gpioc":32768,"gpiod":2080,"gpioe":4096,"modeltime":0,"type":"gpio"}
,[6.4.2023 | 18:28:40] {"client-id":"f2d93652-3699-469e-98fc-94787b337d58","gpioa":0,"gpiob":0,"gpioc":32768,"gpiod":2080,"gpioe":4096,"modeltime":0,"type":"gpio"}
,[6.4.2023 | 18:28:40] {"client-id":"f2d93652-3699-469e-98fc-94787b337d58","gpioa":0,"gpiob":0,"gpioc":32768,"gpiod":2080,"gpioe":0,"modeltime":0,"type":"gpio"}
,[6.4.2023 | 18:28:40] {"client-id":"f2d93652-3699-469e-98fc-94787b337d58","gpioa":0,"gpiob":0,"gpioc":32768,"gpiod":2080,"gpioe":0,"modeltime":0,"type":"gpio"}
,[6.4.2023 | 18:28:40] {"client-id":"f2d93652-3699-469e-98fc-94787b337d58","gpioa":0,"gpiob":0,"gpioc":32768,"gpiod":2080,"gpioe":0,"modeltime":0,"type":"gpio"}
,[6.4.2023 | 18:28:40] {"client-id":"f2d93652-3699-469e-98fc-94787b337d58","gpioa":0,"gpiob":0,"gpioc":32768,"gpiod":0,"gpioe":0,"modeltime":0,"type":"gpio"}
,[6.4.2023 | 18:28:40] {"client-id":"f2d93652-3699-469e-98fc-94787b337d58","gpioa":0,"gpiob":0,"gpioc":32768,"gpiod":0,"gpioe":0,"modeltime":0,"type":"gpio"}
,[6.4.2023 | 18:28:40] {"client-id":"f2d93652-3699-469e-98fc-94787b337d58","gpioa":0,"gpiob":0,"gpioc":32768,"gpiod":0,"gpioe":0,"modeltime":0,"type":"gpio"}
,[6.4.2023 | 18:28:40] {"client-id":"f2d93652-3699-469e-98fc-94787b337d58","gpioa":0,"gpiob":0,"gpioc":32768,"gpiod":0,"gpioe":0,"modeltime":0,"type":"gpio"}
,[6.4.2023 | 18:28:41] {"client-id":"f2d93652-3699-469e-98fc-94787b337d58","gpioa":0,"gpiob":0,"gpioc":32768,"gpiod":0,"gpioe":0,"modeltime":0,"type":"gpio"}
,[6.4.2023 | 18:28:41] {"client-id":"f2d93652-3699-469e-98fc-94787b337d58","gpioa":0,"gpiob":0,"gpioc":32768,"gpiod":4160,"gpioe":0,"modeltime":0,"type":"gpio"}
,[6.4.2023 | 18:28:41] {"client-id":"f2d93652-3699-469e-98fc-94787b337d58","gpioa":0,"gpiob":0,"gpioc":32768,"gpiod":4160,"gpioe":0,"modeltime":0,"type":"gpio"}
,[6.4.2023 | 18:28:41] {"client-id":"f2d93652-3699-469e-98fc-94787b337d58","gpioa":0,"gpiob":0,"gpioc":32768,"gpiod":4160,"gpioe":0,"modeltime":0,"type":"gpio"}
,[6.4.2023 | 18:28:41] {"client-id":"f2d93652-3699-469e-98fc-94787b337d58","gpioa":0,"gpiob":0,"gpioc":32768,"gpiod":4160,"gpioe":0,"modeltime":0,"type":"gpio"}
,[6.4.2023 | 18:28:41] {"client-id":"f2d93652-3699-469e-98fc-94787b337d58","gpioa":0,"gpiob":0,"gpioc":32768,"gpiod":4160,"gpioe":0,"modeltime":0,"type":"gpio"}
,[6.4.2023 | 18:28:41] {"client-id":"f2d93652-3699-469e-98fc-94787b337d58","gpioa":0,"gpiob":0,"gpioc":32768,"gpiod":0,"gpioe":0,"modeltime":0,"type":"gpio"}
,[6.4.2023 | 18:28:41] {"client-id":"f2d93652-3699-469e-98fc-94787b337d58","gpioa":0,"gpiob":0,"gpioc":32768,"gpiod":0,"gpioe":0,"modeltime":0,"type":"gpio"}
,[6.4.2023 | 18:28:41] {"client-id":"f2d93652-3699-469e-98fc-94787b337d58","gpioa":0,"gpiob":0,"gpioc":32768,"gpiod":0,"gpioe":0,"modeltime":0,"type":"gpio"}
,[6.4.2023 | 18:28:41] {"client-id":"f2d93652-3699-469e-98fc-94787b337d58","gpioa":0,"gpiob":0,"gpioc":32768,"gpiod":0,"gpioe":0,"modeltime":0,"type":"gpio"}
,[6.4.2023 | 18:28:42] {"client-id":"f2d93652-3699-469e-98fc-94787b337d58","gpioa":0,"gpiob":0,"gpioc":32768,"gpiod":0,"gpioe":0,"modeltime":0,"type":"gpio"}
,[6.4.2023 | 18:28:42] {"client-id":"f2d93652-3699-469e-98fc-94787b337d58","gpioa":0,"gpiob":0,"gpioc":32768,"gpiod":2080,"gpioe":0,"modeltime":0,"type":"gpio"}
,[6.4.2023 | 18:28:42] {"client-id":"f2d93652-3699-469e-98fc-94787b337d58","gpioa":0,"gpiob":0,"gpioc":32768,"gpiod":2080,"gpioe":0,"modeltime":0,"type":"gpio"}
,[6.4.2023 | 18:28:42] {"client-id":"f2d93652-3699-469e-98fc-94787b337d58","gpioa":0,"gpiob":0,"gpioc":32768,"gpiod":2080,"gpioe":0,"modeltime":0,"type":"gpio"}
,[6.4.2023 | 18:28:42] {"client-id":"f2d93652-3699-469e-98fc-94787b337d58","gpioa":0,"gpiob":0,"gpioc":32768,"gpiod":2080,"gpioe":0,"modeltime":0,"type":"gpio"}
,[6.4.2023 | 18:28:42] {"client-id":"f2d93652-3699-469e-98fc-94787b337d58","gpioa":0,"gpiob":0,"gpioc":32768,"gpiod":2080,"gpioe":0,"modeltime":0,"type":"gpio"}
,[6.4.2023 | 18:28:42] {"client-id":"f2d93652-3699-469e-98fc-94787b337d58","gpioa":0,"gpiob":0,"gpioc":32768,"gpiod":0,"gpioe":0,"modeltime":0,"type":"gpio"}
,[6.4.2023 | 18:28:42] {"client-id":"f2d93652-3699-469e-98fc-94787b337d58","gpioa":0,"gpiob":0,"gpioc":32768,"gpiod":0,"gpioe":0,"modeltime":0,"type":"gpio"}
,[6.4.2023 | 18:28:42] {"client-id":"f2d93652-3699-469e-98fc-94787b337d58","gpioa":0,"gpiob":0,"gpioc":32768,"gpiod":0,"gpioe":0,"modeltime":0,"type":"gpio"}
,[6.4.2023 | 18:28:42] {"client-id":"f2d93652-3699-469e-98fc-94787b337d58","gpioa":0,"gpiob":0,"gpioc":32768,"gpiod":0,"gpioe":0,"modeltime":0,"type":"gpio"}
,[6.4.2023 | 18:28:43] {"client-id":"f2d93652-3699-469e-98fc-94787b337d58","gpioa":0,"gpiob":0,"gpioc":32768,"gpiod":0,"gpioe":0,"modeltime":0,"type":"gpio"}
,[6.4.2023 | 18:28:43] {"client-id":"f2d93652-3699-469e-98fc-94787b337d58","gpioa":0,"gpiob":0,"gpioc":32768,"gpiod":528,"gpioe":0,"modeltime":0,"type":"gpio"}
,[6.4.2023 | 18:28:43] {"client-id":"f2d93652-3699-469e-98fc-94787b337d58","gpioa":0,"gpiob":0,"gpioc":32768,"gpiod":528,"gpioe":0,"modeltime":0,"type":"gpio"}
,[6.4.2023 | 18:28:43] {"client-id":"f2d93652-3699-469e-98fc-94787b337d58","gpioa":0,"gpiob":0,"gpioc":32768,"gpiod":528,"gpioe":0,"modeltime":0,"type":"gpio"}
,[6.4.2023 | 18:28:43] {"client-id":"f2d93652-3699-469e-98fc-94787b337d58","gpioa":0,"gpiob":0,"gpioc":32768,"gpiod":528,"gpioe":0,"modeltime":0,"type":"gpio"}
,[6.4.2023 | 18:28:43] {"client-id":"f2d93652-3699-469e-98fc-94787b337d58","gpioa":0,"gpiob":0,"gpioc":32768,"gpiod":528,"gpioe":0,"modeltime":0,"type":"gpio"}
,[6.4.2023 | 18:28:43] {"client-id":"f2d93652-3699-469e-98fc-94787b337d58","gpioa":0,"gpiob":0,"gpioc":32768,"gpiod":0,"gpioe":0,"modeltime":0,"type":"gpio"}
,[6.4.2023 | 18:28:43] {"client-id":"f2d93652-3699-469e-98fc-94787b337d58","gpioa":0,"gpiob":0,"gpioc":32768,"gpiod":0,"gpioe":0,"modeltime":0,"type":"gpio"}
,[6.4.2023 | 18:28:43] {"client-id":"f2d93652-3699-469e-98fc-94787b337d58","gpioa":0,"gpiob":0,"gpioc":32768,"gpiod":0,"gpioe":0,"modeltime":0,"type":"gpio"}
,[6.4.2023 | 18:28:43] {"client-id":"f2d93652-3699-469e-98fc-94787b337d58","gpioa":0,"gpiob":0,"gpioc":32768,"gpiod":0,"gpioe":0,"modeltime":0,"type":"gpio"}
,[6.4.2023 | 18:28:44] {"type":"cmd","data":"stop"}
,[6.4.2023 | 18:28:44] {"client-id":"f2d93652-3699-469e-98fc-94787b337d58","gpioa":0,"gpiob":0,"gpioc":32768,"gpiod":0,"gpioe":0,"modeltime":0,"type":"gpio"}
